#
# A fatal error has been detected by the Java Runtime Environment:
#
#  EXCEPTION_ACCESS_VIOLATION (0xc0000005) at pc=0x00007ff9e6abc8e8, pid=11392, tid=11552
#
# JRE version: OpenJDK Runtime Environment Temurin-17.0.6+10 (17.0.6+10) (build 17.0.6+10)
# Java VM: OpenJDK 64-Bit Server VM Temurin-17.0.6+10 (17.0.6+10, mixed mode, tiered, compressed oops, compressed class ptrs, parallel gc, windows-amd64)
# Problematic frame:
# V  [jvm.dll+0xc8e8]
#
# No core dump will be written. Minidumps are not enabled by default on client versions of Windows
#
# If you would like to submit a bug report, please visit:
#   https://github.com/adoptium/adoptium-support/issues
#

---------------  S U M M A R Y ------------

Command Line: --add-modules=ALL-SYSTEM --add-opens=java.base/java.util=ALL-UNNAMED --add-opens=java.base/java.lang=ALL-UNNAMED --add-opens=java.base/sun.nio.fs=ALL-UNNAMED -Declipse.application=org.eclipse.jdt.ls.core.id1 -Dosgi.bundles.defaultStartLevel=4 -Declipse.product=org.eclipse.jdt.ls.core.product -Djava.import.generatesMetadataFilesAtProjectRoot=false -Dfile.encoding=utf8 -XX:+UseParallelGC -XX:GCTimeRatio=4 -XX:AdaptiveSizePolicyWeight=90 -Dsun.zip.disableMemoryMapping=true -Xmx1G -Xms100m -Xlog:disable -javaagent:c:\Users\palaro11339\.vscode\extensions\redhat.java-1.16.0-win32-x64\lombok\lombok-1.18.24.jar -XX:+HeapDumpOnOutOfMemoryError -XX:HeapDumpPath=c:\Users\palaro11339\AppData\Roaming\Code\User\workspaceStorage\6632fb5c7706a2ba695091abe810d2e2\redhat.java c:\Users\palaro11339\.vscode\extensions\redhat.java-1.16.0-win32-x64\server\plugins\org.eclipse.equinox.launcher_1.6.400.v20210924-0641.jar -configuration c:\Users\palaro11339\AppData\Roaming\Code\User\globalStorage\redhat.java\1.16.0\config_win -data c:\Users\palaro11339\AppData\Roaming\Code\User\workspaceStorage\6632fb5c7706a2ba695091abe810d2e2\redhat.java\jdt_ws

Host: Intel(R) Core(TM) i5-7500 CPU @ 3.40GHz, 4 cores, 15G,  Windows 10 , 64 bit Build 19041 (10.0.19041.3393)
Time: Mon Oct 16 11:46:09 2023 ora legale Europa occidentale elapsed time: 1631.627497 seconds (0d 0h 27m 11s)

---------------  T H R E A D  ---------------

Current thread (0x000001ba1b02c000):  GCTaskThread "GC Thread#1" [stack: 0x0000005613f00000,0x0000005614000000] [id=11552]

Stack: [0x0000005613f00000,0x0000005614000000],  sp=0x0000005613fff638,  free space=1021k
Native frames: (J=compiled Java code, j=interpreted, Vv=VM code, C=native code)
V  [jvm.dll+0xc8e8]


siginfo: EXCEPTION_ACCESS_VIOLATION (0xc0000005), reading address 0x0000000000000050


Register to memory mapping:

RIP=0x00007ff9e6abc8e8 jvm.dll
RAX=0x0000000000000001 is an unknown value
RBX=0x00000000c0f3e8a8 is pointing into object: org.eclipse.jdt.internal.core.JrtPackageFragmentRoot 
{0x00000000c0f3e888} - klass: 'org/eclipse/jdt/internal/core/JrtPackageFragmentRoot'
 - ---- fields (total size 5 words):
 - private 'parent' 'Lorg/eclipse/jdt/internal/core/JavaElement;' @12  a 'org/eclipse/jdt/internal/core/JavaProject'{0x00000000c0d01f90} (c0d01f90)
 - private 'project' 'Lorg/eclipse/jdt/internal/core/JavaProject;' @16  a 'org/eclipse/jdt/internal/core/JavaProject'{0x00000000c0d01f90} (c0d01f90)
 - protected 'resource' 'Lorg/eclipse/core/resources/IResource;' @20  NULL (0)
 - 'knownToBeModuleLess' 'Z' @24  false
 - private 'multiVersion' 'Z' @25  false
 - protected final 'jarPath' 'Lorg/eclipse/core/runtime/IPath;' @28  a 'org/eclipse/core/runtime/Path'{0x00000000c0ce5078} (c0ce5078)
 - protected final 'extraAttributes' '[Lorg/eclipse/jdt/core/IClasspathAttribute;' @32  a 'org/eclipse/jdt/core/IClasspathAttribute'[1] {0x00000000c0ce5368} (c0ce5368)
 - 'moduleName' 'Ljava/lang/String;' @36  "jdk.management.jfr"{0x00000000c0f3e8b0} (c0f3e8b0)
RCX=0x0000000000000003 is an unknown value
RDX=0x00000000c0f3e8a8 is pointing into object: org.eclipse.jdt.internal.core.JrtPackageFragmentRoot 
{0x00000000c0f3e888} - klass: 'org/eclipse/jdt/internal/core/JrtPackageFragmentRoot'
 - ---- fields (total size 5 words):
 - private 'parent' 'Lorg/eclipse/jdt/internal/core/JavaElement;' @12  a 'org/eclipse/jdt/internal/core/JavaProject'{0x00000000c0d01f90} (c0d01f90)
 - private 'project' 'Lorg/eclipse/jdt/internal/core/JavaProject;' @16  a 'org/eclipse/jdt/internal/core/JavaProject'{0x00000000c0d01f90} (c0d01f90)
 - protected 'resource' 'Lorg/eclipse/core/resources/IResource;' @20  NULL (0)
 - 'knownToBeModuleLess' 'Z' @24  false
 - private 'multiVersion' 'Z' @25  false
 - protected final 'jarPath' 'Lorg/eclipse/core/runtime/IPath;' @28  a 'org/eclipse/core/runtime/Path'{0x00000000c0ce5078} (c0ce5078)
 - protected final 'extraAttributes' '[Lorg/eclipse/jdt/core/IClasspathAttribute;' @32  a 'org/eclipse/jdt/core/IClasspathAttribute'[1] {0x00000000c0ce5368} (c0ce5368)
 - 'moduleName' 'Ljava/lang/String;' @36  "jdk.management.jfr"{0x00000000c0f3e8b0} (c0f3e8b0)
RSP=0x0000005613fff638 points into unknown readable memory: 0x00007ff9e715a7b2 | b2 a7 15 e7 f9 7f 00 00
RBP=0x0000005613fff740 points into unknown readable memory: 0x00007ff9e745f468 | 68 f4 45 e7 f9 7f 00 00
RSI=0x00000000c13e9d64 is pointing into object: org.eclipse.jdt.internal.core.util.LRUCache$LRUCacheEntry 
{0x00000000c13e9d40} - klass: 'org/eclipse/jdt/internal/core/util/LRUCache$LRUCacheEntry'
 - ---- fields (total size 5 words):
 - public 'timestamp' 'I' @12  3134555 (2fd45b)
 - public 'space' 'I' @16  1
 - public 'key' 'Ljava/lang/Object;' @20  
[error occurred during error reporting (printing register info), id 0xc0000005, EXCEPTION_ACCESS_VIOLATION (0xc0000005) at pc=0x00007ff9e7113813]

Registers:
RAX=0x0000000000000001, RBX=0x00000000c0f3e8a8, RCX=0x0000000000000003, RDX=0x00000000c0f3e8a8
RSP=0x0000005613fff638, RBP=0x0000005613fff740, RSI=0x00000000c13e9d64, RDI=0x000001ba18b5e950
R8 =0x0000000000000048, R9 =0x00000000000079f4, R10=0x0000000000000040, R11=0x0000000000000003
R12=0x0000000000000000, R13=0x0000005613fff8b0, R14=0x0000000100559318, R15=0x00000000c13e9d40
RIP=0x00007ff9e6abc8e8, EFLAGS=0x0000000000010206

Top of Stack: (sp=0x0000005613fff638)
0x0000005613fff638:   00007ff9e715a7b2 00000000c13e9d40
0x0000005613fff648:   0000000000000005 0000005613fff740
0x0000005613fff658:   00007ff9e71595f9 000001ba18b5e950
0x0000005613fff668:   00007ff9e7158092 00000000c0f3e8a8
0x0000005613fff678:   00000001005781f8 00000000c1a20390
0x0000005613fff688:   00007ff9e715933f 0000000100559310
0x0000005613fff698:   00007ff9e715890e 00000000c13e9d54
0x0000005613fff6a8:   00007ff9e7159e6e 00000000c1a07528
0x0000005613fff6b8:   00000000c07027f4 00007ff9e75c3760
0x0000005613fff6c8:   00007ff9e73ca850 00000000000038b7
0x0000005613fff6d8:   00007ff9e715a1a9 00007ff9e745f468
0x0000005613fff6e8:   000001ba18b5e950 0000005613fff749
0x0000005613fff6f8:   00000000000038a1 0000000000000000
0x0000005613fff708:   0000000000000000 0000000000000000
0x0000005613fff718:   0000000000000000 0000000000000000
0x0000005613fff728:   0000000000000000 000001ba1b108a80 

Instructions: (pc=0x00007ff9e6abc8e8)
0x00007ff9e6abc7e8:   48 83 c4 20 5e c3 cc cc 48 8b 01 c3 cc cc cc cc
0x00007ff9e6abc7f8:   cc cc cc cc cc cc cc cc 4c 8b 01 4c 8b c9 48 8b
0x00007ff9e6abc808:   0d 03 d4 b4 00 ba 44 60 08 00 e9 59 f2 ff ff cc
0x00007ff9e6abc818:   cc cc cc cc cc cc cc cc 48 89 5c 24 08 57 48 83
0x00007ff9e6abc828:   ec 20 48 8b 39 48 8b d9 48 85 3d e1 b1 b9 00 75
0x00007ff9e6abc838:   0e 48 8b c7 48 8b 5c 24 30 48 83 c4 20 5f c3 48
0x00007ff9e6abc848:   8b cf e8 81 8a 85 00 48 8b d0 48 85 c0 74 20 48
0x00007ff9e6abc858:   8b c7 f0 48 0f b1 13 74 16 48 85 05 b0 b1 b9 00
0x00007ff9e6abc868:   74 0d 48 8b c8 f0 48 0f b1 13 48 3b c1 75 ea 48
0x00007ff9e6abc878:   8b 5c 24 30 48 8b c2 48 83 c4 20 5f c3 cc cc cc
0x00007ff9e6abc888:   cc cc cc cc cc cc cc cc 4c 8b 01 4c 8b c9 48 8b
0x00007ff9e6abc898:   0d 73 d3 b4 00 ba 64 60 08 00 e9 c9 f1 ff ff cc
0x00007ff9e6abc8a8:   cc cc cc cc cc cc cc cc 8b 05 32 1a af 00 c3 cc
0x00007ff9e6abc8b8:   cc cc cc cc cc cc cc cc 0f b6 05 b8 db b5 00 48
0x00007ff9e6abc8c8:   8b d1 84 c0 74 16 44 8b 41 08 8b 0d 10 1a af 00
0x00007ff9e6abc8d8:   49 d3 e0 4c 03 05 fe 19 af 00 eb 04 4c 8b 41 08
0x00007ff9e6abc8e8:   45 8b 50 08 45 85 d2 7e 0e 41 f6 c2 01 75 53 41
0x00007ff9e6abc8f8:   c1 fa 03 41 8b c2 c3 79 49 84 c0 b9 10 00 00 00
0x00007ff9e6abc908:   8b 05 16 29 af 00 41 b8 0c 00 00 00 41 0f 45 c8
0x00007ff9e6abc918:   ff c8 4c 63 c8 48 63 14 11 41 8b ca 83 e1 3f 48
0x00007ff9e6abc928:   d3 e2 41 8b ca 48 c1 f9 10 0f b6 c1 49 8d 0c 11
0x00007ff9e6abc938:   49 f7 d1 48 03 c1 49 c1 e9 03 48 c1 e8 03 41 23
0x00007ff9e6abc948:   c1 c3 49 8b 00 49 8b c8 48 ff a0 00 01 00 00 cc
0x00007ff9e6abc958:   cc cc cc cc cc cc cc cc 8b 44 24 30 45 03 c9 44
0x00007ff9e6abc968:   2b 4c 24 28 83 c0 0b 44 03 ca 45 03 c8 41 03 c1
0x00007ff9e6abc978:   c3 cc cc cc cc cc cc cc 4c 8b ca 48 8b d1 45 8b
0x00007ff9e6abc988:   41 08 45 85 c0 7e 0e 41 f6 c0 01 75 56 41 c1 f8
0x00007ff9e6abc998:   03 41 8b c0 c3 79 4c 80 3d d9 da b5 00 00 b8 0c
0x00007ff9e6abc9a8:   00 00 00 b9 10 00 00 00 0f 45 c8 8b 05 6b 28 af
0x00007ff9e6abc9b8:   00 ff c8 4c 63 c8 48 63 14 11 41 8b c8 83 e1 3f
0x00007ff9e6abc9c8:   48 d3 e2 41 8b c8 48 c1 f9 10 0f b6 c1 49 8d 0c
0x00007ff9e6abc9d8:   11 49 f7 d1 48 03 c1 49 c1 e9 03 48 c1 e8 03 41 


Stack slot to memory mapping:
stack at sp + 0 slots: 0x00007ff9e715a7b2 jvm.dll
stack at sp + 1 slots: 0x00000000c13e9d40 is an oop: org.eclipse.jdt.internal.core.util.LRUCache$LRUCacheEntry 
{0x00000000c13e9d40} - klass: 'org/eclipse/jdt/internal/core/util/LRUCache$LRUCacheEntry'
 - ---- fields (total size 5 words):
 - public 'timestamp' 'I' @12  3134555 (2fd45b)
 - public 'space' 'I' @16  1
 - public 'key' 'Ljava/lang/Object;' @20  
[error occurred during error reporting (inspecting top of stack), id 0xc0000005, EXCEPTION_ACCESS_VIOLATION (0xc0000005) at pc=0x00007ff9e7113813]


---------------  P R O C E S S  ---------------

Threads class SMR info:
_java_thread_list=0x000001ba1af08fc0, length=29, elements={
0x000001ba02e5f380, 0x000001ba18bff750, 0x000001ba18c00ef0, 0x000001ba18c2cf90,
0x000001ba18c320d0, 0x000001ba18c34da0, 0x000001ba18c38680, 0x000001ba18c39270,
0x000001ba18c6e9a0, 0x000001ba1a6134d0, 0x000001ba1a686200, 0x000001ba1a8c4a70,
0x000001ba1b0bd380, 0x000001ba1b1080e0, 0x000001ba1b1085b0, 0x000001ba1b108a80,
0x000001ba1bfe9100, 0x000001ba1bf60210, 0x000001ba1bf5f870, 0x000001ba1bf5fd40,
0x000001ba1bf5eed0, 0x000001ba1bf5f3a0, 0x000001ba1bf60bb0, 0x000001ba1bf61080,
0x000001ba1bf61a20, 0x000001ba1bf5ea00, 0x000001ba1ca8e020, 0x000001ba1c626d80,
0x000001ba1c628590
}

Java Threads: ( => current thread )
  0x000001ba02e5f380 JavaThread "main" [_thread_blocked, id=8092, stack(0x0000005612f00000,0x0000005613000000)]
  0x000001ba18bff750 JavaThread "Reference Handler" daemon [_thread_blocked, id=11720, stack(0x0000005613200000,0x0000005613300000)]
  0x000001ba18c00ef0 JavaThread "Finalizer" daemon [_thread_blocked, id=11456, stack(0x0000005613300000,0x0000005613400000)]
  0x000001ba18c2cf90 JavaThread "Signal Dispatcher" daemon [_thread_blocked, id=11308, stack(0x0000005613400000,0x0000005613500000)]
  0x000001ba18c320d0 JavaThread "Attach Listener" daemon [_thread_blocked, id=11312, stack(0x0000005613500000,0x0000005613600000)]
  0x000001ba18c34da0 JavaThread "Service Thread" daemon [_thread_blocked, id=9244, stack(0x0000005613600000,0x0000005613700000)]
  0x000001ba18c38680 JavaThread "Monitor Deflation Thread" daemon [_thread_blocked, id=7852, stack(0x0000005613700000,0x0000005613800000)]
  0x000001ba18c39270 JavaThread "C2 CompilerThread0" daemon [_thread_blocked, id=8720, stack(0x0000005613800000,0x0000005613900000)]
  0x000001ba18c6e9a0 JavaThread "C1 CompilerThread0" daemon [_thread_blocked, id=11852, stack(0x0000005613900000,0x0000005613a00000)]
  0x000001ba1a6134d0 JavaThread "Sweeper thread" daemon [_thread_blocked, id=11848, stack(0x0000005613a00000,0x0000005613b00000)]
  0x000001ba1a686200 JavaThread "Common-Cleaner" daemon [_thread_blocked, id=11904, stack(0x0000005613b00000,0x0000005613c00000)]
  0x000001ba1a8c4a70 JavaThread "Notification Thread" daemon [_thread_blocked, id=11840, stack(0x0000005613d00000,0x0000005613e00000)]
  0x000001ba1b0bd380 JavaThread "Active Thread: Equinox Container: 9db0dd3a-c7e0-4b3e-a334-fb05b6dbf012" [_thread_blocked, id=11876, stack(0x0000005614200000,0x0000005614300000)]
  0x000001ba1b1080e0 JavaThread "Framework Event Dispatcher: Equinox Container: 9db0dd3a-c7e0-4b3e-a334-fb05b6dbf012" daemon [_thread_blocked, id=11828, stack(0x0000005614300000,0x0000005614400000)]
  0x000001ba1b1085b0 JavaThread "Start Level: Equinox Container: 9db0dd3a-c7e0-4b3e-a334-fb05b6dbf012" daemon [_thread_blocked, id=2840, stack(0x0000005614400000,0x0000005614500000)]
  0x000001ba1b108a80 JavaThread "SCR Component Actor" daemon [_thread_blocked, id=6552, stack(0x0000005614500000,0x0000005614600000)]
  0x000001ba1bfe9100 JavaThread "Worker-JM" [_thread_blocked, id=11760, stack(0x0000005614700000,0x0000005614800000)]
  0x000001ba1bf60210 JavaThread "Worker-0" [_thread_blocked, id=11872, stack(0x0000005614800000,0x0000005614900000)]
  0x000001ba1bf5f870 JavaThread "Java indexing" daemon [_thread_blocked, id=11860, stack(0x0000005614a00000,0x0000005614b00000)]
  0x000001ba1bf5fd40 JavaThread "JNA Cleaner" daemon [_thread_blocked, id=11708, stack(0x0000005614b00000,0x0000005614c00000)]
  0x000001ba1bf5eed0 JavaThread "pool-2-thread-1" [_thread_blocked, id=11656, stack(0x0000005614e00000,0x0000005614f00000)]
  0x000001ba1bf5f3a0 JavaThread "pool-1-thread-1" [_thread_in_native, id=11672, stack(0x0000005615000000,0x0000005615100000)]
  0x000001ba1bf60bb0 JavaThread "Worker-3" [_thread_blocked, id=11692, stack(0x0000005615100000,0x0000005615200000)]
  0x000001ba1bf61080 JavaThread "ForkJoinPool.commonPool-worker-1" daemon [_thread_blocked, id=12100, stack(0x0000005615300000,0x0000005615400000)]
  0x000001ba1bf61a20 JavaThread "ForkJoinPool.commonPool-worker-2" daemon [_thread_blocked, id=12044, stack(0x0000005615400000,0x0000005615500000)]
  0x000001ba1bf5ea00 JavaThread "ForkJoinPool.commonPool-worker-3" daemon [_thread_blocked, id=11932, stack(0x0000005615500000,0x0000005615600000)]
  0x000001ba1ca8e020 JavaThread "Bundle File Closer" daemon [_thread_blocked, id=11620, stack(0x0000005614600000,0x0000005614700000)]
  0x000001ba1c626d80 JavaThread "Worker-6" [_thread_blocked, id=8308, stack(0x0000005612c00000,0x0000005612d00000)]
  0x000001ba1c628590 JavaThread "pool-1-thread-11" [_thread_blocked, id=3084, stack(0x0000005612d00000,0x0000005612e00000)]

Other Threads:
  0x000001ba18be7400 VMThread "VM Thread" [stack: 0x0000005613100000,0x0000005613200000] [id=11728]
  0x000001ba1a8c2790 WatcherThread [stack: 0x0000005613e00000,0x0000005613f00000] [id=11936]
  0x000001ba02e73570 GCTaskThread "GC Thread#0" [stack: 0x0000005613000000,0x0000005613100000] [id=11724]
=>0x000001ba1b02c000 GCTaskThread "GC Thread#1" [stack: 0x0000005613f00000,0x0000005614000000] [id=11552]
  0x000001ba1b02c2b0 GCTaskThread "GC Thread#2" [stack: 0x0000005614000000,0x0000005614100000] [id=11740]
  0x000001ba1a8d39b0 GCTaskThread "GC Thread#3" [stack: 0x0000005614100000,0x0000005614200000] [id=11452]

Threads with active compile tasks:

VM state: at safepoint (normal execution)

VM Mutex/Monitor currently owned by a thread:  ([mutex/lock_event])
[0x000001ba02e5b650] Threads_lock - owner thread: 0x000001ba18be7400
[0x000001ba02e5c340] Heap_lock - owner thread: 0x000001ba1bf61080

Heap address: 0x00000000c0000000, size: 1024 MB, Compressed Oops mode: 32-bit

CDS archive(s) not mapped
Compressed class space mapped at: 0x0000000100000000-0x0000000140000000, reserved size: 1073741824
Narrow klass base: 0x0000000000000000, Narrow klass shift: 3, Narrow klass range: 0x140000000

GC Precious Log:
 CPUs: 4 total, 4 available
 Memory: 16336M
 Large Page Support: Disabled
 NUMA Support: Disabled
 Compressed Oops: Enabled (32-bit)
 Alignments: Space 512K, Generation 512K, Heap 2M
 Heap Min Capacity: 100M
 Heap Initial Capacity: 100M
 Heap Max Capacity: 1G
 Pre-touch: Disabled
 Parallel Workers: 4

Heap:
 PSYoungGen      total 2048K, used 160K [0x00000000eab00000, 0x00000000eae80000, 0x0000000100000000)
  eden space 1536K, 0% used [0x00000000eab00000,0x00000000eab00000,0x00000000eac80000)
  from space 512K, 31% used [0x00000000ead80000,0x00000000eada8000,0x00000000eae00000)
  to   space 512K, 0% used [0x00000000eae00000,0x00000000eae00000,0x00000000eae80000)
 ParOldGen       total 112640K, used 112450K [0x00000000c0000000, 0x00000000c6e00000, 0x00000000eab00000)
  object space 112640K, 99% used [0x00000000c0000000,0x00000000c6dd0968,0x00000000c6e00000)
 Metaspace       used 83842K, committed 84864K, reserved 1130496K
  class space    used 8229K, committed 8704K, reserved 1048576K

Card table byte_map: [0x000001ba16500000,0x000001ba16710000] _byte_map_base: 0x000001ba15f00000

Marking Bits: (ParMarkBitMap*) 0x00007ff9e7633e70
 Begin Bits: [0x000001ba16870000, 0x000001ba17870000)
 End Bits:   [0x000001ba17870000, 0x000001ba18870000)

Polling page: 0x000001ba02d10000

Metaspace:

Usage:
  Non-class:     73.84 MB used.
      Class:      8.04 MB used.
       Both:     81.88 MB used.

Virtual space:
  Non-class space:       80.00 MB reserved,      74.38 MB ( 93%) committed,  10 nodes.
      Class space:        1.00 GB reserved,       8.50 MB ( <1%) committed,  1 nodes.
             Both:        1.08 GB reserved,      82.88 MB (  8%) committed. 

Chunk freelists:
   Non-Class:  1.25 MB
       Class:  3.50 MB
        Both:  4.75 MB

MaxMetaspaceSize: unlimited
CompressedClassSpaceSize: 1.00 GB
Initial GC threshold: 21.00 MB
Current GC threshold: 138.06 MB
CDS: off
MetaspaceReclaimPolicy: balanced
 - commit_granule_bytes: 65536.
 - commit_granule_words: 8192.
 - virtual_space_node_default_size: 1048576.
 - enlarge_chunks_in_place: 1.
 - new_chunks_are_fully_committed: 0.
 - uncommit_free_chunks: 1.
 - use_allocation_guard: 0.
 - handle_deallocations: 1.


Internal statistics:

num_allocs_failed_limit: 6.
num_arena_births: 624.
num_arena_deaths: 94.
num_vsnodes_births: 11.
num_vsnodes_deaths: 0.
num_space_committed: 1326.
num_space_uncommitted: 0.
num_chunks_returned_to_freelist: 119.
num_chunks_taken_from_freelist: 4009.
num_chunk_merges: 40.
num_chunk_splits: 2466.
num_chunks_enlarged: 1434.
num_purges: 6.
num_inconsistent_stats: 0.

CodeHeap 'non-profiled nmethods': size=120000Kb used=20013Kb max_used=20013Kb free=99986Kb
 bounds [0x000001ba0edf0000, 0x000001ba10180000, 0x000001ba16320000]
CodeHeap 'profiled nmethods': size=120000Kb used=31975Kb max_used=32050Kb free=88024Kb
 bounds [0x000001ba07320000, 0x000001ba09290000, 0x000001ba0e850000]
CodeHeap 'non-nmethods': size=5760Kb used=1407Kb max_used=1559Kb free=4352Kb
 bounds [0x000001ba0e850000, 0x000001ba0eac0000, 0x000001ba0edf0000]
 total_blobs=15894 nmethods=15139 adapters=664
 compilation: enabled
              stopped_count=0, restarted_count=0
 full_count=0

Compilation events (20 events):
Event: 1628.555 Thread 0x000001ba18c6e9a0 20683       3       org.eclipse.jdt.ls.core.internal.ChangeUtil$$Lambda$501/0x000000010070c000::test (8 bytes)
Event: 1628.555 Thread 0x000001ba18c6e9a0 nmethod 20683 0x000001ba081d2a10 code [0x000001ba081d2be0, 0x000001ba081d2fb8]
Event: 1628.555 Thread 0x000001ba18c6e9a0 20684       3       org.eclipse.jdt.ls.core.internal.ChangeUtil::lambda$2 (31 bytes)
Event: 1628.555 Thread 0x000001ba18c6e9a0 nmethod 20684 0x000001ba07c48110 code [0x000001ba07c482e0, 0x000001ba07c48558]
Event: 1629.537 Thread 0x000001ba18c6e9a0 20685       3       lombok.eclipse.handlers.EclipseHandlerUtil::typeMatches (124 bytes)
Event: 1629.538 Thread 0x000001ba18c6e9a0 nmethod 20685 0x000001ba07986590 code [0x000001ba07986920, 0x000001ba079880b8]
Event: 1629.541 Thread 0x000001ba18c39270 20686       4       org.eclipse.jdt.core.dom.ASTVisitor::endVisit (1 bytes)
Event: 1629.541 Thread 0x000001ba18c39270 nmethod 20686 0x000001ba0ff85f90 code [0x000001ba0ff86100, 0x000001ba0ff86178]
Event: 1629.662 Thread 0x000001ba18c39270 20687       4       org.eclipse.jdt.internal.core.SourceTypeElementInfo::getTypeParameterNames (51 bytes)
Event: 1629.662 Thread 0x000001ba18c39270 nmethod 20687 0x000001ba0fd2cc10 code [0x000001ba0fd2cd80, 0x000001ba0fd2ce38]
Event: 1629.670 Thread 0x000001ba18c39270 20688       4       org.eclipse.jdt.internal.compiler.parser.SourceTypeConverter::convert (1160 bytes)
Event: 1629.676 Thread 0x000001ba18c6e9a0 20689       3       org.eclipse.lsp4j.jsonrpc.json.adapters.MessageTypeAdapter::write (299 bytes)
Event: 1629.678 Thread 0x000001ba18c6e9a0 nmethod 20689 0x000001ba08011d10 code [0x000001ba08012200, 0x000001ba08014b08]
Event: 1629.704 Thread 0x000001ba18c6e9a0 20691       3       org.eclipse.jdt.internal.compiler.ast.LocalDeclaration::resolve (1077 bytes)
Event: 1629.709 Thread 0x000001ba18c6e9a0 nmethod 20691 0x000001ba09211510 code [0x000001ba09211c80, 0x000001ba09217098]
Event: 1629.920 Thread 0x000001ba18c39270 nmethod 20688 0x000001ba1016d610 code [0x000001ba1016dee0, 0x000001ba101768d8]
Event: 1629.921 Thread 0x000001ba18c39270 20690       4       org.eclipse.jdt.core.dom.ASTVisitor::endVisit (1 bytes)
Event: 1629.921 Thread 0x000001ba18c39270 nmethod 20690 0x000001ba0fe65290 code [0x000001ba0fe65400, 0x000001ba0fe65478]
Event: 1630.594 Thread 0x000001ba18c6e9a0 20692       3       lombok.eclipse.handlers.HandleVal::visitLocal (351 bytes)
Event: 1630.597 Thread 0x000001ba18c6e9a0 nmethod 20692 0x000001ba09102410 code [0x000001ba09102a60, 0x000001ba09106aa8]

GC Heap History (20 events):
Event: 1630.595 GC heap after
{Heap after GC invocations=6218 (full 108):
 PSYoungGen      total 2048K, used 512K [0x00000000eab00000, 0x00000000eae80000, 0x0000000100000000)
  eden space 1536K, 0% used [0x00000000eab00000,0x00000000eab00000,0x00000000eac80000)
  from space 512K, 100% used [0x00000000eae00000,0x00000000eae80000,0x00000000eae80000)
  to   space 1024K, 0% used [0x00000000eac80000,0x00000000eac80000,0x00000000ead80000)
 ParOldGen       total 112640K, used 109881K [0x00000000c0000000, 0x00000000c6e00000, 0x00000000eab00000)
  object space 112640K, 97% used [0x00000000c0000000,0x00000000c6b4e7c8,0x00000000c6e00000)
 Metaspace       used 83842K, committed 84864K, reserved 1130496K
  class space    used 8229K, committed 8704K, reserved 1048576K
}
Event: 1630.601 GC heap before
{Heap before GC invocations=6219 (full 108):
 PSYoungGen      total 2048K, used 2047K [0x00000000eab00000, 0x00000000eae80000, 0x0000000100000000)
  eden space 1536K, 99% used [0x00000000eab00000,0x00000000eac7fd80,0x00000000eac80000)
  from space 512K, 100% used [0x00000000eae00000,0x00000000eae80000,0x00000000eae80000)
  to   space 1024K, 0% used [0x00000000eac80000,0x00000000eac80000,0x00000000ead80000)
 ParOldGen       total 112640K, used 109881K [0x00000000c0000000, 0x00000000c6e00000, 0x00000000eab00000)
  object space 112640K, 97% used [0x00000000c0000000,0x00000000c6b4e7c8,0x00000000c6e00000)
 Metaspace       used 83842K, committed 84864K, reserved 1130496K
  class space    used 8229K, committed 8704K, reserved 1048576K
}
Event: 1630.601 GC heap after
{Heap after GC invocations=6219 (full 108):
 PSYoungGen      total 2560K, used 128K [0x00000000eab00000, 0x00000000eae80000, 0x0000000100000000)
  eden space 1536K, 0% used [0x00000000eab00000,0x00000000eab00000,0x00000000eac80000)
  from space 1024K, 12% used [0x00000000eac80000,0x00000000eaca0000,0x00000000ead80000)
  to   space 512K, 0% used [0x00000000eae00000,0x00000000eae00000,0x00000000eae80000)
 ParOldGen       total 112640K, used 110383K [0x00000000c0000000, 0x00000000c6e00000, 0x00000000eab00000)
  object space 112640K, 97% used [0x00000000c0000000,0x00000000c6bcbc68,0x00000000c6e00000)
 Metaspace       used 83842K, committed 84864K, reserved 1130496K
  class space    used 8229K, committed 8704K, reserved 1048576K
}
Event: 1630.607 GC heap before
{Heap before GC invocations=6220 (full 108):
 PSYoungGen      total 2560K, used 1663K [0x00000000eab00000, 0x00000000eae80000, 0x0000000100000000)
  eden space 1536K, 99% used [0x00000000eab00000,0x00000000eac7ff20,0x00000000eac80000)
  from space 1024K, 12% used [0x00000000eac80000,0x00000000eaca0000,0x00000000ead80000)
  to   space 512K, 0% used [0x00000000eae00000,0x00000000eae00000,0x00000000eae80000)
 ParOldGen       total 112640K, used 110383K [0x00000000c0000000, 0x00000000c6e00000, 0x00000000eab00000)
  object space 112640K, 97% used [0x00000000c0000000,0x00000000c6bcbc68,0x00000000c6e00000)
 Metaspace       used 83842K, committed 84864K, reserved 1130496K
  class space    used 8229K, committed 8704K, reserved 1048576K
}
Event: 1630.608 GC heap after
{Heap after GC invocations=6220 (full 108):
 PSYoungGen      total 2048K, used 384K [0x00000000eab00000, 0x00000000eae80000, 0x0000000100000000)
  eden space 1536K, 0% used [0x00000000eab00000,0x00000000eab00000,0x00000000eac80000)
  from space 512K, 75% used [0x00000000eae00000,0x00000000eae60000,0x00000000eae80000)
  to   space 512K, 0% used [0x00000000ead80000,0x00000000ead80000,0x00000000eae00000)
 ParOldGen       total 112640K, used 110471K [0x00000000c0000000, 0x00000000c6e00000, 0x00000000eab00000)
  object space 112640K, 98% used [0x00000000c0000000,0x00000000c6be1c68,0x00000000c6e00000)
 Metaspace       used 83842K, committed 84864K, reserved 1130496K
  class space    used 8229K, committed 8704K, reserved 1048576K
}
Event: 1630.613 GC heap before
{Heap before GC invocations=6221 (full 108):
 PSYoungGen      total 2048K, used 1920K [0x00000000eab00000, 0x00000000eae80000, 0x0000000100000000)
  eden space 1536K, 100% used [0x00000000eab00000,0x00000000eac80000,0x00000000eac80000)
  from space 512K, 75% used [0x00000000eae00000,0x00000000eae60000,0x00000000eae80000)
  to   space 512K, 0% used [0x00000000ead80000,0x00000000ead80000,0x00000000eae00000)
 ParOldGen       total 112640K, used 110471K [0x00000000c0000000, 0x00000000c6e00000, 0x00000000eab00000)
  object space 112640K, 98% used [0x00000000c0000000,0x00000000c6be1c68,0x00000000c6e00000)
 Metaspace       used 83842K, committed 84864K, reserved 1130496K
  class space    used 8229K, committed 8704K, reserved 1048576K
}
Event: 1630.613 GC heap after
{Heap after GC invocations=6221 (full 108):
 PSYoungGen      total 2048K, used 336K [0x00000000eab00000, 0x00000000eae80000, 0x0000000100000000)
  eden space 1536K, 0% used [0x00000000eab00000,0x00000000eab00000,0x00000000eac80000)
  from space 512K, 65% used [0x00000000ead80000,0x00000000eadd4010,0x00000000eae00000)
  to   space 512K, 0% used [0x00000000eae00000,0x00000000eae00000,0x00000000eae80000)
 ParOldGen       total 112640K, used 110757K [0x00000000c0000000, 0x00000000c6e00000, 0x00000000eab00000)
  object space 112640K, 98% used [0x00000000c0000000,0x00000000c6c296c8,0x00000000c6e00000)
 Metaspace       used 83842K, committed 84864K, reserved 1130496K
  class space    used 8229K, committed 8704K, reserved 1048576K
}
Event: 1630.628 GC heap before
{Heap before GC invocations=6222 (full 108):
 PSYoungGen      total 2048K, used 1872K [0x00000000eab00000, 0x00000000eae80000, 0x0000000100000000)
  eden space 1536K, 100% used [0x00000000eab00000,0x00000000eac80000,0x00000000eac80000)
  from space 512K, 65% used [0x00000000ead80000,0x00000000eadd4010,0x00000000eae00000)
  to   space 512K, 0% used [0x00000000eae00000,0x00000000eae00000,0x00000000eae80000)
 ParOldGen       total 112640K, used 110757K [0x00000000c0000000, 0x00000000c6e00000, 0x00000000eab00000)
  object space 112640K, 98% used [0x00000000c0000000,0x00000000c6c296c8,0x00000000c6e00000)
 Metaspace       used 83842K, committed 84864K, reserved 1130496K
  class space    used 8229K, committed 8704K, reserved 1048576K
}
Event: 1630.629 GC heap after
{Heap after GC invocations=6222 (full 108):
 PSYoungGen      total 2048K, used 480K [0x00000000eab00000, 0x00000000eae80000, 0x0000000100000000)
  eden space 1536K, 0% used [0x00000000eab00000,0x00000000eab00000,0x00000000eac80000)
  from space 512K, 93% used [0x00000000eae00000,0x00000000eae78000,0x00000000eae80000)
  to   space 512K, 0% used [0x00000000ead80000,0x00000000ead80000,0x00000000eae00000)
 ParOldGen       total 112640K, used 111050K [0x00000000c0000000, 0x00000000c6e00000, 0x00000000eab00000)
  object space 112640K, 98% used [0x00000000c0000000,0x00000000c6c72b68,0x00000000c6e00000)
 Metaspace       used 83842K, committed 84864K, reserved 1130496K
  class space    used 8229K, committed 8704K, reserved 1048576K
}
Event: 1630.636 GC heap before
{Heap before GC invocations=6223 (full 108):
 PSYoungGen      total 2048K, used 2016K [0x00000000eab00000, 0x00000000eae80000, 0x0000000100000000)
  eden space 1536K, 100% used [0x00000000eab00000,0x00000000eac80000,0x00000000eac80000)
  from space 512K, 93% used [0x00000000eae00000,0x00000000eae78000,0x00000000eae80000)
  to   space 512K, 0% used [0x00000000ead80000,0x00000000ead80000,0x00000000eae00000)
 ParOldGen       total 112640K, used 111050K [0x00000000c0000000, 0x00000000c6e00000, 0x00000000eab00000)
  object space 112640K, 98% used [0x00000000c0000000,0x00000000c6c72b68,0x00000000c6e00000)
 Metaspace       used 83842K, committed 84864K, reserved 1130496K
  class space    used 8229K, committed 8704K, reserved 1048576K
}
Event: 1630.636 GC heap after
{Heap after GC invocations=6223 (full 108):
 PSYoungGen      total 2048K, used 352K [0x00000000eab00000, 0x00000000eae80000, 0x0000000100000000)
  eden space 1536K, 0% used [0x00000000eab00000,0x00000000eab00000,0x00000000eac80000)
  from space 512K, 68% used [0x00000000ead80000,0x00000000eadd8000,0x00000000eae00000)
  to   space 512K, 0% used [0x00000000eae00000,0x00000000eae00000,0x00000000eae80000)
 ParOldGen       total 112640K, used 111488K [0x00000000c0000000, 0x00000000c6e00000, 0x00000000eab00000)
  object space 112640K, 98% used [0x00000000c0000000,0x00000000c6ce0008,0x00000000c6e00000)
 Metaspace       used 83842K, committed 84864K, reserved 1130496K
  class space    used 8229K, committed 8704K, reserved 1048576K
}
Event: 1630.643 GC heap before
{Heap before GC invocations=6224 (full 108):
 PSYoungGen      total 2048K, used 1888K [0x00000000eab00000, 0x00000000eae80000, 0x0000000100000000)
  eden space 1536K, 100% used [0x00000000eab00000,0x00000000eac80000,0x00000000eac80000)
  from space 512K, 68% used [0x00000000ead80000,0x00000000eadd8000,0x00000000eae00000)
  to   space 512K, 0% used [0x00000000eae00000,0x00000000eae00000,0x00000000eae80000)
 ParOldGen       total 112640K, used 111488K [0x00000000c0000000, 0x00000000c6e00000, 0x00000000eab00000)
  object space 112640K, 98% used [0x00000000c0000000,0x00000000c6ce0008,0x00000000c6e00000)
 Metaspace       used 83842K, committed 84864K, reserved 1130496K
  class space    used 8229K, committed 8704K, reserved 1048576K
}
Event: 1630.644 GC heap after
{Heap after GC invocations=6224 (full 108):
 PSYoungGen      total 2048K, used 160K [0x00000000eab00000, 0x00000000eae80000, 0x0000000100000000)
  eden space 1536K, 0% used [0x00000000eab00000,0x00000000eab00000,0x00000000eac80000)
  from space 512K, 31% used [0x00000000eae00000,0x00000000eae28000,0x00000000eae80000)
  to   space 512K, 0% used [0x00000000ead80000,0x00000000ead80000,0x00000000eae00000)
 ParOldGen       total 112640K, used 111806K [0x00000000c0000000, 0x00000000c6e00000, 0x00000000eab00000)
  object space 112640K, 99% used [0x00000000c0000000,0x00000000c6d2fa68,0x00000000c6e00000)
 Metaspace       used 83842K, committed 84864K, reserved 1130496K
  class space    used 8229K, committed 8704K, reserved 1048576K
}
Event: 1630.649 GC heap before
{Heap before GC invocations=6225 (full 108):
 PSYoungGen      total 2048K, used 1696K [0x00000000eab00000, 0x00000000eae80000, 0x0000000100000000)
  eden space 1536K, 100% used [0x00000000eab00000,0x00000000eac80000,0x00000000eac80000)
  from space 512K, 31% used [0x00000000eae00000,0x00000000eae28000,0x00000000eae80000)
  to   space 512K, 0% used [0x00000000ead80000,0x00000000ead80000,0x00000000eae00000)
 ParOldGen       total 112640K, used 111806K [0x00000000c0000000, 0x00000000c6e00000, 0x00000000eab00000)
  object space 112640K, 99% used [0x00000000c0000000,0x00000000c6d2fa68,0x00000000c6e00000)
 Metaspace       used 83842K, committed 84864K, reserved 1130496K
  class space    used 8229K, committed 8704K, reserved 1048576K
}
Event: 1630.650 GC heap after
{Heap after GC invocations=6225 (full 108):
 PSYoungGen      total 2048K, used 416K [0x00000000eab00000, 0x00000000eae80000, 0x0000000100000000)
  eden space 1536K, 0% used [0x00000000eab00000,0x00000000eab00000,0x00000000eac80000)
  from space 512K, 81% used [0x00000000ead80000,0x00000000eade8000,0x00000000eae00000)
  to   space 512K, 0% used [0x00000000eae00000,0x00000000eae00000,0x00000000eae80000)
 ParOldGen       total 112640K, used 111862K [0x00000000c0000000, 0x00000000c6e00000, 0x00000000eab00000)
  object space 112640K, 99% used [0x00000000c0000000,0x00000000c6d3da68,0x00000000c6e00000)
 Metaspace       used 83842K, committed 84864K, reserved 1130496K
  class space    used 8229K, committed 8704K, reserved 1048576K
}
Event: 1630.654 GC heap before
{Heap before GC invocations=6226 (full 108):
 PSYoungGen      total 2048K, used 1952K [0x00000000eab00000, 0x00000000eae80000, 0x0000000100000000)
  eden space 1536K, 100% used [0x00000000eab00000,0x00000000eac80000,0x00000000eac80000)
  from space 512K, 81% used [0x00000000ead80000,0x00000000eade8000,0x00000000eae00000)
  to   space 512K, 0% used [0x00000000eae00000,0x00000000eae00000,0x00000000eae80000)
 ParOldGen       total 112640K, used 111862K [0x00000000c0000000, 0x00000000c6e00000, 0x00000000eab00000)
  object space 112640K, 99% used [0x00000000c0000000,0x00000000c6d3da68,0x00000000c6e00000)
 Metaspace       used 83842K, committed 84864K, reserved 1130496K
  class space    used 8229K, committed 8704K, reserved 1048576K
}
Event: 1630.656 GC heap after
{Heap after GC invocations=6226 (full 108):
 PSYoungGen      total 2048K, used 256K [0x00000000eab00000, 0x00000000eae80000, 0x0000000100000000)
  eden space 1536K, 0% used [0x00000000eab00000,0x00000000eab00000,0x00000000eac80000)
  from space 512K, 50% used [0x00000000eae00000,0x00000000eae40000,0x00000000eae80000)
  to   space 512K, 0% used [0x00000000ead80000,0x00000000ead80000,0x00000000eae00000)
 ParOldGen       total 112640K, used 112213K [0x00000000c0000000, 0x00000000c6e00000, 0x00000000eab00000)
  object space 112640K, 99% used [0x00000000c0000000,0x00000000c6d954c8,0x00000000c6e00000)
 Metaspace       used 83842K, committed 84864K, reserved 1130496K
  class space    used 8229K, committed 8704K, reserved 1048576K
}
Event: 1631.608 GC heap before
{Heap before GC invocations=6227 (full 108):
 PSYoungGen      total 2048K, used 1792K [0x00000000eab00000, 0x00000000eae80000, 0x0000000100000000)
  eden space 1536K, 100% used [0x00000000eab00000,0x00000000eac80000,0x00000000eac80000)
  from space 512K, 50% used [0x00000000eae00000,0x00000000eae40000,0x00000000eae80000)
  to   space 512K, 0% used [0x00000000ead80000,0x00000000ead80000,0x00000000eae00000)
 ParOldGen       total 112640K, used 112213K [0x00000000c0000000, 0x00000000c6e00000, 0x00000000eab00000)
  object space 112640K, 99% used [0x00000000c0000000,0x00000000c6d954c8,0x00000000c6e00000)
 Metaspace       used 83842K, committed 84864K, reserved 1130496K
  class space    used 8229K, committed 8704K, reserved 1048576K
}
Event: 1631.609 GC heap after
{Heap after GC invocations=6227 (full 108):
 PSYoungGen      total 2048K, used 160K [0x00000000eab00000, 0x00000000eae80000, 0x0000000100000000)
  eden space 1536K, 0% used [0x00000000eab00000,0x00000000eab00000,0x00000000eac80000)
  from space 512K, 31% used [0x00000000ead80000,0x00000000eada8000,0x00000000eae00000)
  to   space 512K, 0% used [0x00000000eae00000,0x00000000eae00000,0x00000000eae80000)
 ParOldGen       total 112640K, used 112450K [0x00000000c0000000, 0x00000000c6e00000, 0x00000000eab00000)
  object space 112640K, 99% used [0x00000000c0000000,0x00000000c6dd0968,0x00000000c6e00000)
 Metaspace       used 83842K, committed 84864K, reserved 1130496K
  class space    used 8229K, committed 8704K, reserved 1048576K
}
Event: 1631.609 GC heap before
{Heap before GC invocations=6228 (full 109):
 PSYoungGen      total 2048K, used 160K [0x00000000eab00000, 0x00000000eae80000, 0x0000000100000000)
  eden space 1536K, 0% used [0x00000000eab00000,0x00000000eab00000,0x00000000eac80000)
  from space 512K, 31% used [0x00000000ead80000,0x00000000eada8000,0x00000000eae00000)
  to   space 512K, 0% used [0x00000000eae00000,0x00000000eae00000,0x00000000eae80000)
 ParOldGen       total 112640K, used 112450K [0x00000000c0000000, 0x00000000c6e00000, 0x00000000eab00000)
  object space 112640K, 99% used [0x00000000c0000000,0x00000000c6dd0968,0x00000000c6e00000)
 Metaspace       used 83842K, committed 84864K, reserved 1130496K
  class space    used 8229K, committed 8704K, reserved 1048576K
}

Dll operation events (11 events):
Event: 0.008 Loaded shared library c:\Users\palaro11339\.vscode\extensions\redhat.java-1.16.0-win32-x64\jre\17.0.6-win32-x86_64\bin\java.dll
Event: 0.124 Loaded shared library c:\Users\palaro11339\.vscode\extensions\redhat.java-1.16.0-win32-x64\jre\17.0.6-win32-x86_64\bin\zip.dll
Event: 0.126 Loaded shared library C:\Users\palaro11339\.vscode\extensions\redhat.java-1.16.0-win32-x64\jre\17.0.6-win32-x86_64\bin\instrument.dll
Event: 0.142 Loaded shared library C:\Users\palaro11339\.vscode\extensions\redhat.java-1.16.0-win32-x64\jre\17.0.6-win32-x86_64\bin\net.dll
Event: 0.144 Loaded shared library C:\Users\palaro11339\.vscode\extensions\redhat.java-1.16.0-win32-x64\jre\17.0.6-win32-x86_64\bin\nio.dll
Event: 0.150 Loaded shared library C:\Users\palaro11339\.vscode\extensions\redhat.java-1.16.0-win32-x64\jre\17.0.6-win32-x86_64\bin\zip.dll
Event: 0.165 Loaded shared library C:\Users\palaro11339\.vscode\extensions\redhat.java-1.16.0-win32-x64\jre\17.0.6-win32-x86_64\bin\jimage.dll
Event: 0.211 Loaded shared library c:\Users\palaro11339\.vscode\extensions\redhat.java-1.16.0-win32-x64\jre\17.0.6-win32-x86_64\bin\verify.dll
Event: 1.188 Loaded shared library C:\Users\palaro11339\AppData\Roaming\Code\User\globalStorage\redhat.java\1.16.0\config_win\org.eclipse.equinox.launcher\org.eclipse.equinox.launcher.win32.win32.x86_64_1.2.700.v20221108-1024\eclipse_11801.dll
Event: 3.082 Loaded shared library C:\Users\palaro11339\AppData\Local\Temp\jna--338902602\jna6984883391664977461.dll
Event: 228.216 Loaded shared library C:\Users\palaro11339\.vscode\extensions\redhat.java-1.16.0-win32-x64\jre\17.0.6-win32-x86_64\bin\sunmscapi.dll

Deoptimization events (20 events):
Event: 1626.497 Thread 0x000001ba1c626d80 Uncommon trap: trap_request=0xffffffde fr.pc=0x000001ba0f911418 relative=0x0000000000000638
Event: 1626.497 Thread 0x000001ba1c626d80 Uncommon trap: reason=class_check action=maybe_recompile pc=0x000001ba0f911418 method=lombok.eclipse.handlers.EclipseHandlerUtil.typeMatches(Ljava/lang/String;Llombok/eclipse/EclipseNode;Lorg/eclipse/jdt/internal/compiler/ast/TypeReference;)Z @ 9 c2
Event: 1626.497 Thread 0x000001ba1c626d80 DEOPT PACKING pc=0x000001ba0f911418 sp=0x0000005612cfe120
Event: 1626.497 Thread 0x000001ba1c626d80 DEOPT UNPACKING pc=0x000001ba0e8a66a3 sp=0x0000005612cfdfa0 mode 2
Event: 1626.497 Thread 0x000001ba1c626d80 Uncommon trap: trap_request=0xffffffde fr.pc=0x000001ba0fea2ff8 relative=0x00000000000002d8
Event: 1626.497 Thread 0x000001ba1c626d80 Uncommon trap: reason=class_check action=maybe_recompile pc=0x000001ba0fea2ff8 method=lombok.eclipse.handlers.EclipseHandlerUtil.typeMatches(Ljava/lang/String;Llombok/eclipse/EclipseNode;Lorg/eclipse/jdt/internal/compiler/ast/TypeReference;)Z @ 9 c2
Event: 1626.497 Thread 0x000001ba1c626d80 DEOPT PACKING pc=0x000001ba0fea2ff8 sp=0x0000005612cfe010
Event: 1626.497 Thread 0x000001ba1c626d80 DEOPT UNPACKING pc=0x000001ba0e8a66a3 sp=0x0000005612cfdf90 mode 2
Event: 1626.504 Thread 0x000001ba1c626d80 Uncommon trap: trap_request=0xffffffde fr.pc=0x000001ba0f911418 relative=0x0000000000000638
Event: 1626.504 Thread 0x000001ba1c626d80 Uncommon trap: reason=class_check action=maybe_recompile pc=0x000001ba0f911418 method=lombok.eclipse.handlers.EclipseHandlerUtil.typeMatches(Ljava/lang/String;Llombok/eclipse/EclipseNode;Lorg/eclipse/jdt/internal/compiler/ast/TypeReference;)Z @ 9 c2
Event: 1626.504 Thread 0x000001ba1c626d80 DEOPT PACKING pc=0x000001ba0f911418 sp=0x0000005612cfe000
Event: 1626.504 Thread 0x000001ba1c626d80 DEOPT UNPACKING pc=0x000001ba0e8a66a3 sp=0x0000005612cfde80 mode 2
Event: 1628.542 Thread 0x000001ba1bf5ea00 Uncommon trap: trap_request=0xffffff45 fr.pc=0x000001ba1007857c relative=0x0000000000002efc
Event: 1628.542 Thread 0x000001ba1bf5ea00 Uncommon trap: reason=unstable_if action=reinterpret pc=0x000001ba1007857c method=org.eclipse.jdt.internal.codeassist.complete.CompletionParser.consumeToken(I)V @ 78 c2
Event: 1628.542 Thread 0x000001ba1bf5ea00 DEOPT PACKING pc=0x000001ba1007857c sp=0x00000056155fe420
Event: 1628.542 Thread 0x000001ba1bf5ea00 DEOPT UNPACKING pc=0x000001ba0e8a66a3 sp=0x00000056155fe3c0 mode 2
Event: 1628.542 Thread 0x000001ba1bf5ea00 Uncommon trap: trap_request=0xffffff45 fr.pc=0x000001ba0fd6f9a0 relative=0x00000000000006e0
Event: 1628.542 Thread 0x000001ba1bf5ea00 Uncommon trap: reason=unstable_if action=reinterpret pc=0x000001ba0fd6f9a0 method=org.eclipse.jdt.internal.codeassist.impl.AssistParser.adjustBracket(I)V @ 1 c2
Event: 1628.542 Thread 0x000001ba1bf5ea00 DEOPT PACKING pc=0x000001ba0fd6f9a0 sp=0x00000056155fe390
Event: 1628.542 Thread 0x000001ba1bf5ea00 DEOPT UNPACKING pc=0x000001ba0e8a66a3 sp=0x00000056155fe2e8 mode 2

Classes unloaded (20 events):
Event: 960.191 Thread 0x000001ba18be7400 Unloading class 0x00000001001d1000 'jdk/internal/reflect/GeneratedConstructorAccessor4'
Event: 960.191 Thread 0x000001ba18be7400 Unloading class 0x00000001001a2800 'java/lang/invoke/LambdaForm$MH+0x00000001001a2800'
Event: 960.191 Thread 0x000001ba18be7400 Unloading class 0x00000001001a2000 'java/lang/invoke/LambdaForm$MH+0x00000001001a2000'
Event: 960.191 Thread 0x000001ba18be7400 Unloading class 0x00000001001a1c00 'java/lang/invoke/LambdaForm$MH+0x00000001001a1c00'
Event: 960.191 Thread 0x000001ba18be7400 Unloading class 0x00000001001a1800 'java/lang/invoke/LambdaForm$MH+0x00000001001a1800'
Event: 960.191 Thread 0x000001ba18be7400 Unloading class 0x00000001001a1000 'java/lang/invoke/LambdaForm$MH+0x00000001001a1000'
Event: 960.191 Thread 0x000001ba18be7400 Unloading class 0x00000001001a0c00 'java/lang/invoke/LambdaForm$MH+0x00000001001a0c00'
Event: 960.191 Thread 0x000001ba18be7400 Unloading class 0x00000001001a0800 'java/lang/invoke/LambdaForm$MH+0x00000001001a0800'
Event: 960.191 Thread 0x000001ba18be7400 Unloading class 0x00000001001a0000 'java/lang/invoke/LambdaForm$MH+0x00000001001a0000'
Event: 960.191 Thread 0x000001ba18be7400 Unloading class 0x0000000100129000 'jdk/internal/reflect/GeneratedMethodAccessor5'
Event: 960.191 Thread 0x000001ba18be7400 Unloading class 0x0000000100128c00 'jdk/internal/reflect/GeneratedMethodAccessor4'
Event: 960.191 Thread 0x000001ba18be7400 Unloading class 0x0000000100128800 'jdk/internal/reflect/GeneratedMethodAccessor3'
Event: 960.191 Thread 0x000001ba18be7400 Unloading class 0x0000000100128400 'jdk/internal/reflect/GeneratedMethodAccessor2'
Event: 960.191 Thread 0x000001ba18be7400 Unloading class 0x0000000100128000 'jdk/internal/reflect/GeneratedMethodAccessor1'
Event: 1171.545 Thread 0x000001ba18be7400 Unloading class 0x00000001007be400 'jdk/internal/reflect/GeneratedConstructorAccessor63'
Event: 1171.545 Thread 0x000001ba18be7400 Unloading class 0x00000001007be000 'jdk/internal/reflect/GeneratedConstructorAccessor62'
Event: 1171.545 Thread 0x000001ba18be7400 Unloading class 0x00000001007bdc00 'jdk/internal/reflect/GeneratedConstructorAccessor61'
Event: 1171.545 Thread 0x000001ba18be7400 Unloading class 0x00000001007bd400 'jdk/internal/reflect/GeneratedConstructorAccessor59'
Event: 1171.545 Thread 0x000001ba18be7400 Unloading class 0x00000001007bd000 'jdk/internal/reflect/GeneratedConstructorAccessor58'
Event: 1171.545 Thread 0x000001ba18be7400 Unloading class 0x00000001007bcc00 'jdk/internal/reflect/GeneratedConstructorAccessor57'

Classes redefined (0 events):
No events

Internal exceptions (20 events):
Event: 1430.627 Thread 0x000001ba1c626d80 Exception <a 'java/lang/ClassNotFoundException'{0x00000000eab43280}: sun/net/www/protocol/jdt/Handler> (0x00000000eab43280) 
thrown [s\src\hotspot\share\classfile\systemDictionary.cpp, line 256]
Event: 1430.627 Thread 0x000001ba1c626d80 Exception <a 'java/lang/ClassNotFoundException'{0x00000000eab45548}: sun/net/www/protocol/jdt/Handler> (0x00000000eab45548) 
thrown [s\src\hotspot\share\classfile\systemDictionary.cpp, line 256]
Event: 1500.163 Thread 0x000001ba1c625570 Exception <a 'java/lang/ClassNotFoundException'{0x00000000eab34928}: sun/net/www/protocol/jdt/Handler> (0x00000000eab34928) 
thrown [s\src\hotspot\share\classfile\systemDictionary.cpp, line 256]
Event: 1500.163 Thread 0x000001ba1c625570 Exception <a 'java/lang/ClassNotFoundException'{0x00000000eab36f30}: sun/net/www/protocol/jdt/Handler> (0x00000000eab36f30) 
thrown [s\src\hotspot\share\classfile\systemDictionary.cpp, line 256]
Event: 1500.583 Thread 0x000001ba1c625570 Exception <a 'java/lang/ClassNotFoundException'{0x00000000eac9bb90}: sun/net/www/protocol/jdt/Handler> (0x00000000eac9bb90) 
thrown [s\src\hotspot\share\classfile\systemDictionary.cpp, line 256]
Event: 1500.583 Thread 0x000001ba1c625570 Exception <a 'java/lang/ClassNotFoundException'{0x00000000eac9ef30}: sun/net/www/protocol/jdt/Handler> (0x00000000eac9ef30) 
thrown [s\src\hotspot\share\classfile\systemDictionary.cpp, line 256]
Event: 1500.583 Thread 0x000001ba1c625570 Exception <a 'java/lang/ClassNotFoundException'{0x00000000eaca21e8}: sun/net/www/protocol/jdt/Handler> (0x00000000eaca21e8) 
thrown [s\src\hotspot\share\classfile\systemDictionary.cpp, line 256]
Event: 1500.583 Thread 0x000001ba1c625570 Exception <a 'java/lang/ClassNotFoundException'{0x00000000eaca4450}: sun/net/www/protocol/jdt/Handler> (0x00000000eaca4450) 
thrown [s\src\hotspot\share\classfile\systemDictionary.cpp, line 256]
Event: 1500.870 Thread 0x000001ba1c625570 Exception <a 'java/lang/ClassNotFoundException'{0x00000000eab839a8}: sun/net/www/protocol/jdt/Handler> (0x00000000eab839a8) 
thrown [s\src\hotspot\share\classfile\systemDictionary.cpp, line 256]
Event: 1500.870 Thread 0x000001ba1c625570 Exception <a 'java/lang/ClassNotFoundException'{0x00000000eab86040}: sun/net/www/protocol/jdt/Handler> (0x00000000eab86040) 
thrown [s\src\hotspot\share\classfile\systemDictionary.cpp, line 256]
Event: 1500.870 Thread 0x000001ba1c625570 Exception <a 'java/lang/ClassNotFoundException'{0x00000000eab882a8}: sun/net/www/protocol/jdt/Handler> (0x00000000eab882a8) 
thrown [s\src\hotspot\share\classfile\systemDictionary.cpp, line 256]
Event: 1501.013 Thread 0x000001ba1c625570 Exception <a 'java/lang/ClassNotFoundException'{0x00000000eac54e08}: sun/net/www/protocol/jdt/Handler> (0x00000000eac54e08) 
thrown [s\src\hotspot\share\classfile\systemDictionary.cpp, line 256]
Event: 1501.013 Thread 0x000001ba1c625570 Exception <a 'java/lang/ClassNotFoundException'{0x00000000eac574a0}: sun/net/www/protocol/jdt/Handler> (0x00000000eac574a0) 
thrown [s\src\hotspot\share\classfile\systemDictionary.cpp, line 256]
Event: 1501.013 Thread 0x000001ba1c625570 Exception <a 'java/lang/ClassNotFoundException'{0x00000000eac59708}: sun/net/www/protocol/jdt/Handler> (0x00000000eac59708) 
thrown [s\src\hotspot\share\classfile\systemDictionary.cpp, line 256]
Event: 1526.040 Thread 0x000001ba1bf5ea00 Implicit null exception at 0x000001ba0f0370c0 to 0x000001ba0f0378c8
Event: 1526.043 Thread 0x000001ba1bf5ea00 Implicit null exception at 0x000001ba0f1f5368 to 0x000001ba0f1f6c08
Event: 1614.969 Thread 0x000001ba1c628590 Exception <a 'java/lang/ClassNotFoundException'{0x00000000eab45e30}: sun/net/www/protocol/jdt/Handler> (0x00000000eab45e30) 
thrown [s\src\hotspot\share\classfile\systemDictionary.cpp, line 256]
Event: 1621.487 Thread 0x000001ba1bf5f3a0 Exception <a 'java/lang/reflect/InvocationTargetException'{0x00000000eac20338}> (0x00000000eac20338) 
thrown [s\src\hotspot\share\runtime\reflection.cpp, line 1121]
Event: 1622.355 Thread 0x000001ba1bf61080 Implicit null exception at 0x000001ba1012e08e to 0x000001ba1012e1ec
Event: 1623.582 Thread 0x000001ba1bf5f3a0 Exception <a 'java/lang/reflect/InvocationTargetException'{0x00000000eab3adf0}> (0x00000000eab3adf0) 
thrown [s\src\hotspot\share\runtime\reflection.cpp, line 1121]

VM Operations (20 events):
Event: 1630.587 Executing VM operation: ParallelGCFailedAllocation done
Event: 1630.594 Executing VM operation: ParallelGCFailedAllocation
Event: 1630.595 Executing VM operation: ParallelGCFailedAllocation done
Event: 1630.601 Executing VM operation: ParallelGCFailedAllocation
Event: 1630.601 Executing VM operation: ParallelGCFailedAllocation done
Event: 1630.607 Executing VM operation: ParallelGCFailedAllocation
Event: 1630.608 Executing VM operation: ParallelGCFailedAllocation done
Event: 1630.613 Executing VM operation: ParallelGCFailedAllocation
Event: 1630.613 Executing VM operation: ParallelGCFailedAllocation done
Event: 1630.628 Executing VM operation: ParallelGCFailedAllocation
Event: 1630.629 Executing VM operation: ParallelGCFailedAllocation done
Event: 1630.635 Executing VM operation: ParallelGCFailedAllocation
Event: 1630.636 Executing VM operation: ParallelGCFailedAllocation done
Event: 1630.643 Executing VM operation: ParallelGCFailedAllocation
Event: 1630.644 Executing VM operation: ParallelGCFailedAllocation done
Event: 1630.649 Executing VM operation: ParallelGCFailedAllocation
Event: 1630.650 Executing VM operation: ParallelGCFailedAllocation done
Event: 1630.654 Executing VM operation: ParallelGCFailedAllocation
Event: 1630.656 Executing VM operation: ParallelGCFailedAllocation done
Event: 1631.608 Executing VM operation: ParallelGCFailedAllocation

Events (20 events):
Event: 1619.579 Thread 0x000001ba1a6134d0 flushing nmethod 0x000001ba07f5a510
Event: 1619.580 Thread 0x000001ba1a6134d0 flushing nmethod 0x000001ba07f9e290
Event: 1619.580 Thread 0x000001ba1a6134d0 flushing nmethod 0x000001ba07fdfb10
Event: 1619.580 Thread 0x000001ba1a6134d0 flushing nmethod 0x000001ba08011010
Event: 1619.580 Thread 0x000001ba1a6134d0 flushing nmethod 0x000001ba080f0710
Event: 1619.581 Thread 0x000001ba1a6134d0 flushing nmethod 0x000001ba0815f810
Event: 1619.581 Thread 0x000001ba1a6134d0 flushing nmethod 0x000001ba08172690
Event: 1619.581 Thread 0x000001ba1a6134d0 flushing nmethod 0x000001ba081d2a10
Event: 1619.582 Thread 0x000001ba1a6134d0 flushing nmethod 0x000001ba082ec890
Event: 1619.582 Thread 0x000001ba1a6134d0 flushing nmethod 0x000001ba08357a90
Event: 1619.582 Thread 0x000001ba1a6134d0 flushing nmethod 0x000001ba083cb290
Event: 1619.582 Thread 0x000001ba1a6134d0 flushing nmethod 0x000001ba084bea10
Event: 1619.584 Thread 0x000001ba1a6134d0 flushing nmethod 0x000001ba087d1a10
Event: 1619.585 Thread 0x000001ba1a6134d0 flushing nmethod 0x000001ba089ace10
Event: 1619.585 Thread 0x000001ba1a6134d0 flushing nmethod 0x000001ba08a5ee10
Event: 1619.585 Thread 0x000001ba1a6134d0 flushing nmethod 0x000001ba08a93010
Event: 1619.586 Thread 0x000001ba1a6134d0 flushing nmethod 0x000001ba08d62710
Event: 1619.586 Thread 0x000001ba1a6134d0 flushing nmethod 0x000001ba08d63090
Event: 1619.587 Thread 0x000001ba1a6134d0 flushing nmethod 0x000001ba08ea4890
Event: 1619.587 Thread 0x000001ba1a6134d0 flushing nmethod 0x000001ba08f7ad10


Dynamic libraries:
0x00007ff6128a0000 - 0x00007ff6128ae000 	c:\Users\palaro11339\.vscode\extensions\redhat.java-1.16.0-win32-x64\jre\17.0.6-win32-x86_64\bin\java.exe
0x00007ffa61ad0000 - 0x00007ffa61cc8000 	C:\Windows\SYSTEM32\ntdll.dll
0x00007ffa60930000 - 0x00007ffa609ed000 	C:\Windows\System32\KERNEL32.DLL
0x00007ffa5f1b0000 - 0x00007ffa5f4a6000 	C:\Windows\System32\KERNELBASE.dll
0x00007ffa5f840000 - 0x00007ffa5f940000 	C:\Windows\System32\ucrtbase.dll
0x00007ffa4cfd0000 - 0x00007ffa4cfe9000 	c:\Users\palaro11339\.vscode\extensions\redhat.java-1.16.0-win32-x64\jre\17.0.6-win32-x86_64\bin\VCRUNTIME140.dll
0x00007ffa4d2b0000 - 0x00007ffa4d2c7000 	c:\Users\palaro11339\.vscode\extensions\redhat.java-1.16.0-win32-x64\jre\17.0.6-win32-x86_64\bin\jli.dll
0x00007ffa605a0000 - 0x00007ffa6073e000 	C:\Windows\System32\USER32.dll
0x00007ffa5e560000 - 0x00007ffa5e7fa000 	C:\Windows\WinSxS\amd64_microsoft.windows.common-controls_6595b64144ccf1df_6.0.19041.1110_none_60b5254171f9507e\COMCTL32.dll
0x00007ffa5fb30000 - 0x00007ffa5fbce000 	C:\Windows\System32\msvcrt.dll
0x00007ffa5f7a0000 - 0x00007ffa5f7c2000 	C:\Windows\System32\win32u.dll
0x00007ffa61a60000 - 0x00007ffa61a8c000 	C:\Windows\System32\GDI32.dll
0x00007ffa5f940000 - 0x00007ffa5fa5a000 	C:\Windows\System32\gdi32full.dll
0x00007ffa5fa60000 - 0x00007ffa5fafd000 	C:\Windows\System32\msvcp_win.dll
0x00007ffa619d0000 - 0x00007ffa61a00000 	C:\Windows\System32\IMM32.DLL
0x00007ffa54170000 - 0x00007ffa5417c000 	c:\Users\palaro11339\.vscode\extensions\redhat.java-1.16.0-win32-x64\jre\17.0.6-win32-x86_64\bin\vcruntime140_1.dll
0x00007ffa433b0000 - 0x00007ffa43441000 	c:\Users\palaro11339\.vscode\extensions\redhat.java-1.16.0-win32-x64\jre\17.0.6-win32-x86_64\bin\msvcp140.dll
0x00007ff9e6ab0000 - 0x00007ff9e76f7000 	c:\Users\palaro11339\.vscode\extensions\redhat.java-1.16.0-win32-x64\jre\17.0.6-win32-x86_64\bin\server\jvm.dll
0x00007ffa60b70000 - 0x00007ffa60c1e000 	C:\Windows\System32\ADVAPI32.dll
0x00007ffa60350000 - 0x00007ffa603ec000 	C:\Windows\System32\sechost.dll
0x00007ffa61150000 - 0x00007ffa61276000 	C:\Windows\System32\RPCRT4.dll
0x00007ffa4b3c0000 - 0x00007ffa4b3c9000 	C:\Windows\SYSTEM32\WSOCK32.dll
0x00007ffa53070000 - 0x00007ffa53097000 	C:\Windows\SYSTEM32\WINMM.dll
0x00007ffa58bb0000 - 0x00007ffa58bba000 	C:\Windows\SYSTEM32\VERSION.dll
0x00007ffa60b00000 - 0x00007ffa60b6b000 	C:\Windows\System32\WS2_32.dll
0x00007ffa5c0c0000 - 0x00007ffa5c0d2000 	C:\Windows\SYSTEM32\kernel.appcore.dll
0x00007ffa532d0000 - 0x00007ffa532da000 	c:\Users\palaro11339\.vscode\extensions\redhat.java-1.16.0-win32-x64\jre\17.0.6-win32-x86_64\bin\jimage.dll
0x00007ffa5ebc0000 - 0x00007ffa5eda4000 	C:\Windows\SYSTEM32\DBGHELP.DLL
0x00007ffa39b10000 - 0x00007ffa39b44000 	C:\Windows\SYSTEM32\dbgcore.DLL
0x00007ffa5f660000 - 0x00007ffa5f6e2000 	C:\Windows\System32\bcryptPrimitives.dll
0x00007ffa4d2f0000 - 0x00007ffa4d2fe000 	c:\Users\palaro11339\.vscode\extensions\redhat.java-1.16.0-win32-x64\jre\17.0.6-win32-x86_64\bin\instrument.dll
0x00007ffa4b300000 - 0x00007ffa4b325000 	c:\Users\palaro11339\.vscode\extensions\redhat.java-1.16.0-win32-x64\jre\17.0.6-win32-x86_64\bin\java.dll
0x00007ffa437a0000 - 0x00007ffa437b8000 	c:\Users\palaro11339\.vscode\extensions\redhat.java-1.16.0-win32-x64\jre\17.0.6-win32-x86_64\bin\zip.dll
0x00007ffa61280000 - 0x00007ffa619c5000 	C:\Windows\System32\SHELL32.dll
0x00007ffa5c380000 - 0x00007ffa5cb1b000 	C:\Windows\SYSTEM32\windows.storage.dll
0x00007ffa5ffe0000 - 0x00007ffa60334000 	C:\Windows\System32\combase.dll
0x00007ffa5e4f0000 - 0x00007ffa5e51e000 	C:\Windows\SYSTEM32\Wldp.dll
0x00007ffa610a0000 - 0x00007ffa6114d000 	C:\Windows\System32\SHCORE.dll
0x00007ffa60410000 - 0x00007ffa60465000 	C:\Windows\System32\shlwapi.dll
0x00007ffa5f0e0000 - 0x00007ffa5f105000 	C:\Windows\SYSTEM32\profapi.dll
0x00007ffa4cfb0000 - 0x00007ffa4cfc9000 	C:\Users\palaro11339\.vscode\extensions\redhat.java-1.16.0-win32-x64\jre\17.0.6-win32-x86_64\bin\net.dll
0x00007ffa57a70000 - 0x00007ffa57b7a000 	C:\Windows\SYSTEM32\WINHTTP.dll
0x00007ffa5e3c0000 - 0x00007ffa5e42a000 	C:\Windows\system32\mswsock.dll
0x00007ffa43850000 - 0x00007ffa43865000 	C:\Users\palaro11339\.vscode\extensions\redhat.java-1.16.0-win32-x64\jre\17.0.6-win32-x86_64\bin\nio.dll
0x00007ffa4cfa0000 - 0x00007ffa4cfb0000 	c:\Users\palaro11339\.vscode\extensions\redhat.java-1.16.0-win32-x64\jre\17.0.6-win32-x86_64\bin\verify.dll
0x00007ffa42e50000 - 0x00007ffa42e8e000 	C:\Users\palaro11339\AppData\Roaming\Code\User\globalStorage\redhat.java\1.16.0\config_win\org.eclipse.equinox.launcher\org.eclipse.equinox.launcher.win32.win32.x86_64_1.2.700.v20221108-1024\eclipse_11801.dll
0x00007ffa60470000 - 0x00007ffa6059a000 	C:\Windows\System32\ole32.dll
0x00007ffa5ef20000 - 0x00007ffa5ef38000 	C:\Windows\SYSTEM32\CRYPTSP.dll
0x00007ffa5db60000 - 0x00007ffa5db94000 	C:\Windows\system32\rsaenh.dll
0x00007ffa5fb00000 - 0x00007ffa5fb27000 	C:\Windows\System32\bcrypt.dll
0x00007ffa5f0a0000 - 0x00007ffa5f0ce000 	C:\Windows\SYSTEM32\USERENV.dll
0x00007ffa5e4b0000 - 0x00007ffa5e4bc000 	C:\Windows\SYSTEM32\CRYPTBASE.dll
0x00007ffa5df40000 - 0x00007ffa5df7b000 	C:\Windows\SYSTEM32\IPHLPAPI.DLL
0x00007ffa5fd50000 - 0x00007ffa5fd58000 	C:\Windows\System32\NSI.dll
0x00007ffa58fc0000 - 0x00007ffa58fd7000 	C:\Windows\SYSTEM32\dhcpcsvc6.DLL
0x00007ffa58fa0000 - 0x00007ffa58fbd000 	C:\Windows\SYSTEM32\dhcpcsvc.DLL
0x00007ffa5df80000 - 0x00007ffa5e04a000 	C:\Windows\SYSTEM32\DNSAPI.dll
0x00007ffa42cf0000 - 0x00007ffa42d35000 	C:\Users\palaro11339\AppData\Local\Temp\jna--338902602\jna6984883391664977461.dll
0x00007ffa60340000 - 0x00007ffa60348000 	C:\Windows\System32\PSAPI.DLL
0x00007ffa4b2b0000 - 0x00007ffa4b2be000 	C:\Users\palaro11339\.vscode\extensions\redhat.java-1.16.0-win32-x64\jre\17.0.6-win32-x86_64\bin\sunmscapi.dll
0x00007ffa5f4b0000 - 0x00007ffa5f60e000 	C:\Windows\System32\CRYPT32.dll
0x00007ffa5e800000 - 0x00007ffa5e828000 	C:\Windows\SYSTEM32\ncrypt.dll
0x00007ffa5e520000 - 0x00007ffa5e55b000 	C:\Windows\SYSTEM32\NTASN1.dll
0x00007ffa526a0000 - 0x00007ffa526aa000 	C:\Windows\System32\rasadhlp.dll
0x00007ffa59250000 - 0x00007ffa592d2000 	C:\Windows\System32\fwpuclnt.dll

dbghelp: loaded successfully - version: 4.0.5 - missing functions: none
symbol engine: initialized successfully - sym options: 0x614 - pdb path: .;c:\Users\palaro11339\.vscode\extensions\redhat.java-1.16.0-win32-x64\jre\17.0.6-win32-x86_64\bin;C:\Windows\SYSTEM32;C:\Windows\WinSxS\amd64_microsoft.windows.common-controls_6595b64144ccf1df_6.0.19041.1110_none_60b5254171f9507e;c:\Users\palaro11339\.vscode\extensions\redhat.java-1.16.0-win32-x64\jre\17.0.6-win32-x86_64\bin\server;C:\Users\palaro11339\AppData\Roaming\Code\User\globalStorage\redhat.java\1.16.0\config_win\org.eclipse.equinox.launcher\org.eclipse.equinox.launcher.win32.win32.x86_64_1.2.700.v20221108-1024;C:\Users\palaro11339\AppData\Local\Temp\jna--338902602

VM Arguments:
jvm_args: --add-modules=ALL-SYSTEM --add-opens=java.base/java.util=ALL-UNNAMED --add-opens=java.base/java.lang=ALL-UNNAMED --add-opens=java.base/sun.nio.fs=ALL-UNNAMED -Declipse.application=org.eclipse.jdt.ls.core.id1 -Dosgi.bundles.defaultStartLevel=4 -Declipse.product=org.eclipse.jdt.ls.core.product -Djava.import.generatesMetadataFilesAtProjectRoot=false -Dfile.encoding=utf8 -XX:+UseParallelGC -XX:GCTimeRatio=4 -XX:AdaptiveSizePolicyWeight=90 -Dsun.zip.disableMemoryMapping=true -Xmx1G -Xms100m -Xlog:disable -javaagent:c:\Users\palaro11339\.vscode\extensions\redhat.java-1.16.0-win32-x64\lombok\lombok-1.18.24.jar -XX:+HeapDumpOnOutOfMemoryError -XX:HeapDumpPath=c:\Users\palaro11339\AppData\Roaming\Code\User\workspaceStorage\6632fb5c7706a2ba695091abe810d2e2\redhat.java 
java_command: c:\Users\palaro11339\.vscode\extensions\redhat.java-1.16.0-win32-x64\server\plugins\org.eclipse.equinox.launcher_1.6.400.v20210924-0641.jar -configuration c:\Users\palaro11339\AppData\Roaming\Code\User\globalStorage\redhat.java\1.16.0\config_win -data c:\Users\palaro11339\AppData\Roaming\Code\User\workspaceStorage\6632fb5c7706a2ba695091abe810d2e2\redhat.java\jdt_ws
java_class_path (initial): c:\Users\palaro11339\.vscode\extensions\redhat.java-1.16.0-win32-x64\server\plugins\org.eclipse.equinox.launcher_1.6.400.v20210924-0641.jar
Launcher Type: SUN_STANDARD

[Global flags]
    uintx AdaptiveSizePolicyWeight                 = 90                                        {product} {command line}
     intx CICompilerCount                          = 3                                         {product} {ergonomic}
    uintx GCTimeRatio                              = 4                                         {product} {command line}
     bool HeapDumpOnOutOfMemoryError               = true                                   {manageable} {command line}
    ccstr HeapDumpPath                             = c:\Users\palaro11339\AppData\Roaming\Code\User\workspaceStorage\6632fb5c7706a2ba695091abe810d2e2\redhat.java         {manageable} {command line}
   size_t InitialHeapSize                          = 104857600                                 {product} {command line}
   size_t MaxHeapSize                              = 1073741824                                {product} {command line}
   size_t MaxNewSize                               = 357564416                                 {product} {ergonomic}
   size_t MinHeapDeltaBytes                        = 524288                                    {product} {ergonomic}
   size_t MinHeapSize                              = 104857600                                 {product} {command line}
   size_t NewSize                                  = 34603008                                  {product} {ergonomic}
    uintx NonNMethodCodeHeapSize                   = 5832780                                {pd product} {ergonomic}
    uintx NonProfiledCodeHeapSize                  = 122912730                              {pd product} {ergonomic}
   size_t OldSize                                  = 70254592                                  {product} {ergonomic}
    uintx ProfiledCodeHeapSize                     = 122912730                              {pd product} {ergonomic}
    uintx ReservedCodeCacheSize                    = 251658240                              {pd product} {ergonomic}
     bool SegmentedCodeCache                       = true                                      {product} {ergonomic}
   size_t SoftMaxHeapSize                          = 1073741824                             {manageable} {ergonomic}
     bool UseCompressedClassPointers               = true                           {product lp64_product} {ergonomic}
     bool UseCompressedOops                        = true                           {product lp64_product} {ergonomic}
     bool UseLargePagesIndividualAllocation        = false                                  {pd product} {ergonomic}
     bool UseParallelGC                            = true                                      {product} {command line}

Logging:
Log output configuration:
 #0: stdout all=off uptime,level,tags
 #1: stderr all=off uptime,level,tags

Environment Variables:
JAVA_HOME=C:\Program Files\Java\jdk-16.0.1
PATH=C:\Program Files\Common Files\Oracle\Java\javapath;C:\Windows\system32;C:\Windows;C:\Windows\System32\Wbem;C:\Windows\System32\WindowsPowerShell\v1.0\;C:\Windows\System32\OpenSSH\;C:\Program Files (x86)\Intel\Intel(R) Management Engine Components\DAL;C:\Program Files\Intel\Intel(R) Management Engine Components\DAL;C:\Program Files\Java\jdk-16.0.1\bin;C:\legacy\MinGW\bin;C:\Program Files\Git\cmd;C:\Program Files\Microsoft VS Code\bin;C:\Users\palaro11339\AppData\Local\Microsoft\WindowsApps;
USERNAME=palaro11339
OS=Windows_NT
PROCESSOR_IDENTIFIER=Intel64 Family 6 Model 158 Stepping 9, GenuineIntel
TMP=C:\Users\PALARO~1\AppData\Local\Temp
TEMP=C:\Users\PALARO~1\AppData\Local\Temp



---------------  S Y S T E M  ---------------

OS:
 Windows 10 , 64 bit Build 19041 (10.0.19041.3393)
OS uptime: 0 days 1:39 hours

CPU: total 4 (initial active 4) (4 cores per cpu, 1 threads per core) family 6 model 158 stepping 9 microcode 0xb4, cx8, cmov, fxsr, mmx, 3dnowpref, sse, sse2, sse3, ssse3, sse4.1, sse4.2, popcnt, lzcnt, tsc, tscinvbit, avx, avx2, aes, erms, clmul, bmi1, bmi2, rtm, adx, fma, vzeroupper, clflush, clflushopt

Memory: 4k page, system-wide physical 16336M (10528M free)
TotalPageFile size 18768M (AvailPageFile size 7987M)
current process WorkingSet (physical memory assigned to process): 378M, peak: 404M
current process commit charge ("private bytes"): 390M, peak: 430M

vm_info: OpenJDK 64-Bit Server VM (17.0.6+10) for windows-amd64 JRE (17.0.6+10), built on Jan 18 2023 10:08:59 by "temurin" with MS VC++ 16.7 (VS2019)

END.
