#
# A fatal error has been detected by the Java Runtime Environment:
#
#  EXCEPTION_ACCESS_VIOLATION (0xc0000005) at pc=0x0000019b8badfa8c, pid=8232, tid=5020
#
# JRE version: OpenJDK Runtime Environment Temurin-17.0.6+10 (17.0.6+10) (build 17.0.6+10)
# Java VM: OpenJDK 64-Bit Server VM Temurin-17.0.6+10 (17.0.6+10, mixed mode, tiered, compressed oops, compressed class ptrs, parallel gc, windows-amd64)
# Problematic frame:
# J 620 c2 java.util.HashMap.resize()[Ljava/util/HashMap$Node; java.base@17.0.6 (358 bytes) @ 0x0000019b8badfa8c [0x0000019b8badf740+0x000000000000034c]
#
# No core dump will be written. Minidumps are not enabled by default on client versions of Windows
#
# If you would like to submit a bug report, please visit:
#   https://github.com/adoptium/adoptium-support/issues
#

---------------  S U M M A R Y ------------

Command Line: --add-modules=ALL-SYSTEM --add-opens=java.base/java.util=ALL-UNNAMED --add-opens=java.base/java.lang=ALL-UNNAMED --add-opens=java.base/sun.nio.fs=ALL-UNNAMED -Declipse.application=org.eclipse.jdt.ls.core.id1 -Dosgi.bundles.defaultStartLevel=4 -Declipse.product=org.eclipse.jdt.ls.core.product -Djava.import.generatesMetadataFilesAtProjectRoot=false -Dfile.encoding=utf8 -XX:+UseParallelGC -XX:GCTimeRatio=4 -XX:AdaptiveSizePolicyWeight=90 -Dsun.zip.disableMemoryMapping=true -Xmx1G -Xms100m -Xlog:disable -javaagent:c:\Users\palaro11339\.vscode\extensions\redhat.java-1.16.0-win32-x64\lombok\lombok-1.18.24.jar -XX:+HeapDumpOnOutOfMemoryError -XX:HeapDumpPath=c:\Users\palaro11339\AppData\Roaming\Code\User\workspaceStorage\6632fb5c7706a2ba695091abe810d2e2\redhat.java c:\Users\palaro11339\.vscode\extensions\redhat.java-1.16.0-win32-x64\server\plugins\org.eclipse.equinox.launcher_1.6.400.v20210924-0641.jar -configuration c:\Users\palaro11339\AppData\Roaming\Code\User\globalStorage\redhat.java\1.16.0\config_win -data c:\Users\palaro11339\AppData\Roaming\Code\User\workspaceStorage\6632fb5c7706a2ba695091abe810d2e2\redhat.java\jdt_ws

Host: Intel(R) Core(TM) i5-7500 CPU @ 3.40GHz, 4 cores, 15G,  Windows 10 , 64 bit Build 19041 (10.0.19041.3393)
Time: Mon Oct  9 10:40:08 2023 ora legale Europa occidentale elapsed time: 1962.923957 seconds (0d 0h 32m 42s)

---------------  T H R E A D  ---------------

Current thread (0x0000019b979229f0):  JavaThread "ForkJoinPool.commonPool-worker-7" daemon [_thread_in_Java, id=5020, stack(0x000000473bb00000,0x000000473bc00000)]

Stack: [0x000000473bb00000,0x000000473bc00000],  sp=0x000000473bbfdbd0,  free space=1014k
Native frames: (J=compiled Java code, j=interpreted, Vv=VM code, C=native code)
C  0x0000019b8badfa8c


siginfo: EXCEPTION_ACCESS_VIOLATION (0xc0000005), reading address 0x0000000000000038


Register to memory mapping:

RIP=0x0000019b8badfa8c is at entry_point+844 in (nmethod*)0x0000019b8badf590
RAX=0x0000000000000020 is an unknown value
RBX=0x00000000eac98bd0 is an oop: [Ljava.util.HashMap$Node; 
{0x00000000eac98bd0} - klass: 'java/util/HashMap$Node'[]
 - length: 128
RCX=0x000000000000003b is an unknown value
RDX=0x0 is NULL
RSP=0x000000473bbfdbd0 is pointing into the stack for thread: 0x0000019b979229f0
RBP=0x00000000000000ec is an unknown value
RSI=0x000000000000007f is an unknown value
RDI=0x000000000000003b is an unknown value
R8 =0x0000000000000080 is an unknown value
R9 =0x00000000eac93518 is an oop: java.util.HashMap 
{0x00000000eac93518} - klass: 'java/util/HashMap'
 - ---- fields (total size 6 words):
 - transient 'keySet' 'Ljava/util/Set;' @12  NULL (0)
 - transient 'values' 'Ljava/util/Collection;' @16  NULL (0)
 - transient 'size' 'I' @20  49 (31)
 - transient 'modCount' 'I' @24  49 (31)
 - 'threshold' 'I' @28  96 (60)
 - final 'loadFactor' 'F' @32  0.750000 (3f400000)
 - transient 'table' '[Ljava/util/HashMap$Node;' @36  a 'java/util/HashMap$Node'[128] {0x00000000eac98bd0} (eac98bd0)
 - transient 'entrySet' 'Ljava/util/Set;' @40  NULL (0)
R10=0x0000000000000040 is an unknown value
R11=0x00000000eac95c58 is an oop: [Ljava.util.HashMap$Node; 
{0x00000000eac95c58} - klass: 'java/util/HashMap$Node'[]
 - length: 64
R12=0x0 is NULL
R13=0x0000019bfebd0000 points into unknown readable memory: 0x0000000000360030 | 30 00 36 00 00 00 00 00
R14=0x0000000000000040 is an unknown value
R15=0x0000019b979229f0 is a thread


Registers:
RAX=0x0000000000000020, RBX=0x00000000eac98bd0, RCX=0x000000000000003b, RDX=0x0000000000000000
RSP=0x000000473bbfdbd0, RBP=0x00000000000000ec, RSI=0x000000000000007f, RDI=0x000000000000003b
R8 =0x0000000000000080, R9 =0x00000000eac93518, R10=0x0000000000000040, R11=0x00000000eac95c58
R12=0x0000000000000000, R13=0x0000019bfebd0000, R14=0x0000000000000040, R15=0x0000019b979229f0
RIP=0x0000019b8badfa8c, EFLAGS=0x0000000000010202

Top of Stack: (sp=0x000000473bbfdbd0)
0x000000473bbfdbd0:   0000000000000005 00000040979229f0
0x000000473bbfdbe0:   0000000000000080 0000019b8bbdcb50
0x000000473bbfdbf0:   000000473bbfdc70 000000473bbfdc70
0x000000473bbfdc00:   0000000000000001 00000000eac976a8
0x000000473bbfdc10:   000000473bbfdc70 0000019b979229f0
0x000000473bbfdc20:   000000000000000e 0000019b8beb1d3c
0x000000473bbfdc30:   0000000000000c46 00000000eac98ac0
0x000000473bbfdc40:   0000000000000005 00007ffaa4b703a5
0x000000473bbfdc50:   0000000000000000 0000000000000000
0x000000473bbfdc60:   00000001000401f0 eac97538eac96ad8
0x000000473bbfdc70:   00007ffaa529ca88 0000019b979229f0
0x000000473bbfdc80:   00000000eac93518 00000000eac98ad8
0x000000473bbfdc90:   0000019b8b5382e0 0000019b979229f0
0x000000473bbfdca0:   0000000000000001 0000000000000001
0x000000473bbfdcb0:   0000000000000000 00000000eac98ac8
0x000000473bbfdcc0:   00000000eac98a80 00000000eac989e8 

Instructions: (pc=0x0000019b8badfa8c)
0x0000019b8badf98c:   00 00 00 00 c4 c1 f9 6e d0 49 8b d8 4d 8b 9f 48
0x0000019b8badf99c:   03 00 00 41 85 03 45 85 d2 0f 85 9e 00 00 00 48
0x0000019b8badf9ac:   85 db 75 07 c4 e1 f9 7e cb eb 2e 44 89 63 18 0f
0x0000019b8badf9bc:   1f 44 00 00 3b 4c 24 10 0f 83 de 01 00 00 c4 e1
0x0000019b8badf9cc:   f9 7e cb 4c 8d 54 2b 10 c4 c1 f9 7e d3 45 89 1a
0x0000019b8badf9dc:   49 c1 ea 09 47 88 64 15 00 c4 c1 f9 7e e2 4d 85
0x0000019b8badf9ec:   d2 75 16 44 8b 54 24 0c c4 c1 f9 7e c3 44 8b 44
0x0000019b8badf9fc:   24 10 66 90 e9 64 00 00 00 45 89 62 18 8b e9 03
0x0000019b8badfa0c:   6c 24 0c 3b 6c 24 10 0f 83 e3 01 00 00 4d 8b d6
0x0000019b8badfa1c:   4c 03 d7 4e 8d 5c 93 10 c4 c1 f9 7e da 45 89 13
0x0000019b8badfa2c:   4d 8b d3 49 c1 ea 09 47 88 64 15 00 44 8b 54 24
0x0000019b8badfa3c:   0c c4 c1 f9 7e c3 44 8b 44 24 10 eb 20 4d 8b c2
0x0000019b8badfa4c:   41 8b c2 e9 88 00 00 00 8b fe 23 78 0c 48 8d 7c
0x0000019b8badfa5c:   bb 10 89 07 48 c1 ef 09 45 88 64 3d 00 ff c1 41
0x0000019b8badfa6c:   3b ca 0f 8d 82 fe ff ff 48 63 f9 48 8b ef 48 c1
0x0000019b8badfa7c:   e5 02 41 8b 44 2b 10 85 c0 74 e2 45 89 64 2b 10
0x0000019b8badfa8c:   44 3b 60 18 74 c2 8b 50 08 66 66 66 0f 1f 84 00
0x0000019b8badfa9c:   00 00 00 00 81 fa c2 c1 00 20 0f 84 c9 00 00 00
0x0000019b8badfaac:   c4 e1 f9 6e cb 44 89 44 24 10 c4 c1 f9 6e c3 44
0x0000019b8badfabc:   89 54 24 0c 4c 8b c0 33 db 45 33 d2 45 33 db 33
0x0000019b8badfacc:   d2 c4 c1 f9 6e e2 c4 c1 f9 6e d3 c4 e1 f9 6e da
0x0000019b8badfadc:   45 8b 50 18 44 8b 5c 24 0c 45 85 58 0c 74 28 c4
0x0000019b8badfaec:   c1 f9 7e e3 4d 85 db 74 0f 41 89 43 18 49 c1 eb
0x0000019b8badfafc:   09 47 88 64 1d 00 eb 05 c4 c1 f9 6e d8 c4 c1 f9
0x0000019b8badfb0c:   6e e0 e9 85 fe ff ff 48 85 db 0f 84 74 fe ff ff
0x0000019b8badfb1c:   89 43 18 4c 8b db 49 c1 eb 09 47 88 64 1d 00 e9
0x0000019b8badfb2c:   65 fe ff ff 33 ff 44 8b c5 e9 69 fc ff ff 44 89
0x0000019b8badfb3c:   44 24 04 4c 89 5c 24 08 44 89 14 24 49 8b e9 48
0x0000019b8badfb4c:   ba e0 09 06 00 01 00 00 00 66 90 e8 a4 bd b1 ff
0x0000019b8badfb5c:   4c 8b cd 44 8b 14 24 4c 8b 5c 24 08 44 8b 44 24
0x0000019b8badfb6c:   04 48 8b d8 e9 5b fd ff ff ba 45 ff ff ff 49 8b
0x0000019b8badfb7c:   eb 89 0c 24 89 44 24 04 4c 89 4c 24 08 44 89 54 


Stack slot to memory mapping:
stack at sp + 0 slots: 0x0000000000000005 is an unknown value
stack at sp + 1 slots: 0x00000040979229f0 is an unknown value
stack at sp + 2 slots: 0x0000000000000080 is an unknown value
stack at sp + 3 slots: 0x0000019b8bbdcb50 is at entry_point+1264 in (nmethod*)0x0000019b8bbdc290
stack at sp + 4 slots: 0x000000473bbfdc70 is pointing into the stack for thread: 0x0000019b979229f0
stack at sp + 5 slots: 0x000000473bbfdc70 is pointing into the stack for thread: 0x0000019b979229f0
stack at sp + 6 slots: 0x0000000000000001 is an unknown value
stack at sp + 7 slots: 0x00000000eac976a8 points into unknown readable memory: 0xeac97260eac96c80 | 80 6c c9 ea 60 72 c9 ea

--------------------------------------------------------------------------------

[Constant Pool]
             Address          hex4                    hex8      
  0x0000019b8badf720:   0x4e800000      0xf4f4f4f44e800000      
  0x0000019b8badf724:   0xf4f4f4f4                              
  0x0000019b8badf728:   0xf4f4f4f4      0xf4f4f4f4f4f4f4f4      
  0x0000019b8badf72c:   0xf4f4f4f4                              
  0x0000019b8badf730:   0xf4f4f4f4      0xf4f4f4f4f4f4f4f4      
  0x0000019b8badf734:   0xf4f4f4f4                              
  0x0000019b8badf738:   0xf4f4f4f4      0xf4f4f4f4f4f4f4f4      
  0x0000019b8badf73c:   0xf4f4f4f4                              

--------------------------------------------------------------------------------

[MachCode]
  0x0000019b8badf740: 448b 5208 | 49c1 e203 | 493b c20f | 852f 16a7 | ff66 6690 | 0f1f 8400 | 0000 0000 | 6666 6690 
  0x0000019b8badf760: 8984 2400 | 90ff ff55 | 4883 ec50 | 4c8b ca44 | 8b5a 2445 | 85db 0f85 | c901 0000 | 4533 d245 
  0x0000019b8badf780: 33db 448b | 421c 4585 | d20f 8f7d | 0100 0045 | 85c0 7e04 | 33ff eb0b | bf0c 0000 | 0041 b810 
  0x0000019b8badf7a0: 0000 0085 | ff75 44c4 | c17a 2ac0 | c5fa 5952 | 2041 81f8 | 0000 0040 | 0f8d a604 | 0000 c5fa 
  0x0000019b8badf7c0: 100d 5aff | ffff c5f8 | 2eca 0f86 | 5004 0000 | c5fa 2cfa | 81ff 0000 | 0080 750f | 4883 ec08 
  0x0000019b8badf7e0: c5fa 1114 | 24e8 0919 | a2ff 5f41 | 81f8 0000 | 0400 0f87 | a803 0000 | 4963 c889 | 7a1c 6690 
  0x0000019b8badf800: 4181 f800 | 0004 000f | 872d 0300 | 0049 8b9f | 0801 0000 | 48c1 e102 | 4883 c117 | 488b f948 
  0x0000019b8badf820: 83e7 f848 | 8bd3 4803 | d749 3b97 | 1801 0000 | 0f83 0403 | 0000 4989 | 9708 0100 | 000f 0d8a 
  0x0000019b8badf840: 0001 0000 | 48c7 0301 | 0000 000f | 0d8a 4001 | 0000 c743 | 083c c100 | 2044 8943 | 0c0f 0d8a 
  0x0000019b8badf860: 8001 0000 | 488b fb48 | 83c7 1048 | c1e9 0348 | 83c1 fe48 | 33c0 4883 | f908 7f10 | 48ff c978 
  0x0000019b8badf880: 4f48 8904 | cf48 ffc9 | 7df7 eb44 | c5fd efc0 | e90d 0000 | 00c5 fe7f | 07c5 fe7f | 4720 4883 
  0x0000019b8badf8a0: c740 4883 | e908 7ded | 4883 c104 | 7c0c c5fe | 7f07 4883 | c720 4883 | e904 4883 | c104 7e10 
  0x0000019b8badf8c0: 48ff c9c5 | f9d6 0748 | 83c7 0848 | ffc9 7df3 | 498b c948 | 8bd3 4189 | 5124 48c1 | e909 49bd 
  0x0000019b8badf8e0: 0000 bdfe | 9b01 0000 | 4588 640d | 004d 85db | 0f85 5800 | 0000 488b | c348 83c4 | 505d 493b 
  0x0000019b8badf900: a740 0300 | 000f 8706 | 0400 00c3 | 4181 fa00 | 0000 400f | 8daf 0300 | 0041 8bea | d1e5 6690 
  0x0000019b8badf920: 81fd 0000 | 0040 0f8d | b803 0000 | 4183 fa10 | 0f8c fa01 | 0000 418b | f8d1 e744 | 8bc5 6690 
  0x0000019b8badf940: e95e feff | ff45 8b53 | 0ce9 34fe | ffff 4585 | d27e a341 | 8b4b 0c85 | c90f 8629 | 0300 0041 
  0x0000019b8badf960: 8bfa ffcf | 3bf9 0f83 | 1c03 0000 | 4585 c00f | 8e33 0300 | 0041 8bf0 | ffce 4d63 | f233 c990 
  0x0000019b8badf980: e9ef 0000 | 0066 6666 | 0f1f 8400 | 0000 0000 | c4c1 f96e | d049 8bd8 | 4d8b 9f48 | 0300 0041 
  0x0000019b8badf9a0: 8503 4585 | d20f 859e | 0000 0048 | 85db 7507 | c4e1 f97e | cbeb 2e44 | 8963 180f | 1f44 0000 
  0x0000019b8badf9c0: 3b4c 2410 | 0f83 de01 | 0000 c4e1 | f97e cb4c | 8d54 2b10 | c4c1 f97e | d345 891a | 49c1 ea09 
  0x0000019b8badf9e0: 4788 6415 | 00c4 c1f9 | 7ee2 4d85 | d275 1644 | 8b54 240c | c4c1 f97e | c344 8b44 | 2410 6690 
  0x0000019b8badfa00: e964 0000 | 0045 8962 | 188b e903 | 6c24 0c3b | 6c24 100f | 83e3 0100 | 004d 8bd6 | 4c03 d74e 
  0x0000019b8badfa20: 8d5c 9310 | c4c1 f97e | da45 8913 | 4d8b d349 | c1ea 0947 | 8864 1500 | 448b 5424 | 0cc4 c1f9 
  0x0000019b8badfa40: 7ec3 448b | 4424 10eb | 204d 8bc2 | 418b c2e9 | 8800 0000 | 8bfe 2378 | 0c48 8d7c | bb10 8907 
  0x0000019b8badfa60: 48c1 ef09 | 4588 643d | 00ff c141 | 3bca 0f8d | 82fe ffff | 4863 f948 | 8bef 48c1 | e502 418b 
  0x0000019b8badfa80: 442b 1085 | c074 e245 | 8964 2b10 | 443b 6018 | 74c2 8b50 | 0866 6666 | 0f1f 8400 | 0000 0000 
  0x0000019b8badfaa0: 81fa c2c1 | 0020 0f84 | c900 0000 | c4e1 f96e | cb44 8944 | 2410 c4c1 | f96e c344 | 8954 240c 
  0x0000019b8badfac0: 4c8b c033 | db45 33d2 | 4533 db33 | d2c4 c1f9 | 6ee2 c4c1 | f96e d3c4 | e1f9 6eda | 458b 5018 
  0x0000019b8badfae0: 448b 5c24 | 0c45 8558 | 0c74 28c4 | c1f9 7ee3 | 4d85 db74 | 0f41 8943 | 1849 c1eb | 0947 8864 
  0x0000019b8badfb00: 1d00 eb05 | c4c1 f96e | d8c4 c1f9 | 6ee0 e985 | feff ff48 | 85db 0f84 | 74fe ffff | 8943 184c 
  0x0000019b8badfb20: 8bdb 49c1 | eb09 4788 | 641d 00e9 | 65fe ffff | 33ff 448b | c5e9 69fc | ffff 4489 | 4424 044c 
  0x0000019b8badfb40: 895c 2408 | 4489 1424 | 498b e948 | bae0 0906 | 0001 0000 | 0066 90e8 | a4bd b1ff | 4c8b cd44 
  0x0000019b8badfb60: 8b14 244c | 8b5c 2408 | 448b 4424 | 0448 8bd8 | e95b fdff | ffba 45ff | ffff 498b | eb89 0c24 
  0x0000019b8badfb80: 8944 2404 | 4c89 4c24 | 0844 8954 | 2410 4489 | 4424 1448 | 895c 2418 | 6666 90e8 | 606a a7ff 
  0x0000019b8badfba0: 4963 c8e9 | 53fc ffff | bae4 ffff | ffc4 e1f9 | 7ec5 894c | 2404 4c89 | 4c24 1848 | 8944 24f8 
  0x0000019b8badfbc0: 8b44 240c | 8944 2408 | 488b 4424 | f848 8944 | 24f8 8b44 | 2410 8944 | 240c 488b | 4424 f8c5 
  0x0000019b8badfbe0: fb11 5c24 | 20c5 fb11 | 6424 28c5 | fb11 4c24 | 30c5 fb11 | 5424 38e8 | 046a a7ff | bae4 ffff 
  0x0000019b8badfc00: ffc5 fb11 | 0424 894c | 2408 4c89 | 4c24 1848 | 895c 2428 | c5fb 115c | 2430 90e8 | e069 a7ff 
  0x0000019b8badfc20: c5f8 2eca | bdff ffff | ff0f 8a0e | 0000 000f | 8208 0000 | 0040 0f95 | c540 0fb6 | edf7 ddba 
  0x0000019b8badfc40: 45ff ffff | 4c89 1c24 | 4c89 4c24 | 0844 8954 | 2410 4489 | 4424 14c5 | fa11 5424 | 1866 90e8 
  0x0000019b8badfc60: 9c69 a7ff | ba45 ffff | ff49 8beb | 4c89 0c24 | 4489 5424 | 08c5 fa11 | 5424 1044 | 8944 2414 
  0x0000019b8badfc80: 6666 90e8 | 7869 a7ff | ba76 ffff | ff49 8beb | 4c89 0c24 | 4489 4424 | 0c48 895c | 2410 4489 
  0x0000019b8badfca0: 5424 18e8 | 5869 a7ff | babe ffff | ff49 8beb | 4c89 0c24 | 4489 4424 | 0c48 895c | 2410 4489 
  0x0000019b8badfcc0: 5424 18e8 | 3869 a7ff | ba45 ffff | ff49 8beb | 4c89 0c24 | 4489 4424 | 0c44 8954 | 2410 90e8 
  0x0000019b8badfce0: 1c69 a7ff | ba45 ffff | ff4c 891c | 244c 894c | 2408 4489 | 5424 1044 | 8944 2414 | 6666 90e8 
  0x0000019b8badfd00: fc68 a7ff | 488b d048 | 83c4 505d | e9ef d9b1 | ff49 bafe | f8ad 8b9b | 0100 004d | 8997 5803 
  0x0000019b8badfd20: 0000 e9d9 | 79a7 fff4 | f4f4 f4f4 | f4f4 f4f4 | f4f4 f4f4 | f4f4 f4f4 | f4f4 f4f4 | f4f4 f4f4 
  0x0000019b8badfd40: e9bb 51a8 | ffe8 0000 | 0000 4883 | 2c24 05e9 | 4c6c a7ff | f4f4 f4f4 
[/MachCode]
--------------------------------------------------------------------------------


---------------  P R O C E S S  ---------------

Threads class SMR info:
_java_thread_list=0x0000019b9a2d8380, length=30, elements={
0x0000019bff7ee110, 0x0000019bffa50750, 0x0000019bffa52170, 0x0000019bffa79de0,
0x0000019bffa7ab60, 0x0000019bffa7d6f0, 0x0000019bffa81530, 0x0000019bffa828c0,
0x0000019bffa9a180, 0x0000019bffabddf0, 0x0000019bff8b00a0, 0x0000019b96b76f60,
0x0000019b96ed2a20, 0x0000019b976242d0, 0x0000019b976c36b0, 0x0000019b97569ef0,
0x0000019b97a74460, 0x0000019b97a7db80, 0x0000019b97a7eec0, 0x0000019b97a7f860,
0x0000019b97a7c840, 0x0000019b97a7e050, 0x0000019b97a7e520, 0x0000019b97923390,
0x0000019b97928560, 0x0000019b97925070, 0x0000019b979229f0, 0x0000019b97924200,
0x0000019b97922520, 0x0000019b97924ba0
}

Java Threads: ( => current thread )
  0x0000019bff7ee110 JavaThread "main" [_thread_blocked, id=7692, stack(0x000000473ae00000,0x000000473af00000)]
  0x0000019bffa50750 JavaThread "Reference Handler" daemon [_thread_blocked, id=1796, stack(0x000000473b100000,0x000000473b200000)]
  0x0000019bffa52170 JavaThread "Finalizer" daemon [_thread_blocked, id=1384, stack(0x000000473b200000,0x000000473b300000)]
  0x0000019bffa79de0 JavaThread "Signal Dispatcher" daemon [_thread_blocked, id=9376, stack(0x000000473b300000,0x000000473b400000)]
  0x0000019bffa7ab60 JavaThread "Attach Listener" daemon [_thread_blocked, id=10432, stack(0x000000473b400000,0x000000473b500000)]
  0x0000019bffa7d6f0 JavaThread "Service Thread" daemon [_thread_blocked, id=720, stack(0x000000473b500000,0x000000473b600000)]
  0x0000019bffa81530 JavaThread "Monitor Deflation Thread" daemon [_thread_blocked, id=9928, stack(0x000000473b600000,0x000000473b700000)]
  0x0000019bffa828c0 JavaThread "C2 CompilerThread0" daemon [_thread_blocked, id=6856, stack(0x000000473b700000,0x000000473b800000)]
  0x0000019bffa9a180 JavaThread "C1 CompilerThread0" daemon [_thread_blocked, id=8516, stack(0x000000473b800000,0x000000473b900000)]
  0x0000019bffabddf0 JavaThread "Sweeper thread" daemon [_thread_blocked, id=9760, stack(0x000000473b900000,0x000000473ba00000)]
  0x0000019bff8b00a0 JavaThread "Common-Cleaner" daemon [_thread_blocked, id=7948, stack(0x000000473ba00000,0x000000473bb00000)]
  0x0000019b96b76f60 JavaThread "Notification Thread" daemon [_thread_blocked, id=9636, stack(0x000000473bc00000,0x000000473bd00000)]
  0x0000019b96ed2a20 JavaThread "Active Thread: Equinox Container: af8b1e59-2fc4-447e-9201-f6eed5d38316" [_thread_blocked, id=7784, stack(0x000000473c100000,0x000000473c200000)]
  0x0000019b976242d0 JavaThread "Framework Event Dispatcher: Equinox Container: af8b1e59-2fc4-447e-9201-f6eed5d38316" daemon [_thread_blocked, id=6880, stack(0x000000473c200000,0x000000473c300000)]
  0x0000019b976c36b0 JavaThread "Start Level: Equinox Container: af8b1e59-2fc4-447e-9201-f6eed5d38316" daemon [_thread_blocked, id=3124, stack(0x000000473c300000,0x000000473c400000)]
  0x0000019b97569ef0 JavaThread "SCR Component Actor" daemon [_thread_blocked, id=6524, stack(0x000000473c400000,0x000000473c500000)]
  0x0000019b97a74460 JavaThread "Worker-JM" [_thread_blocked, id=4300, stack(0x000000473c500000,0x000000473c600000)]
  0x0000019b97a7db80 JavaThread "Worker-1" [_thread_blocked, id=9212, stack(0x000000473c700000,0x000000473c800000)]
  0x0000019b97a7eec0 JavaThread "Java indexing" daemon [_thread_blocked, id=3096, stack(0x000000473c900000,0x000000473ca00000)]
  0x0000019b97a7f860 JavaThread "JNA Cleaner" daemon [_thread_blocked, id=9280, stack(0x000000473ca00000,0x000000473cb00000)]
  0x0000019b97a7c840 JavaThread "pool-2-thread-1" [_thread_blocked, id=11032, stack(0x000000473cd00000,0x000000473ce00000)]
  0x0000019b97a7e050 JavaThread "pool-1-thread-1" [_thread_blocked, id=8028, stack(0x000000473ce00000,0x000000473cf00000)]
  0x0000019b97a7e520 JavaThread "Worker-3" [_thread_blocked, id=10588, stack(0x000000473d000000,0x000000473d100000)]
  0x0000019b97923390 JavaThread "Bundle File Closer" daemon [_thread_blocked, id=4408, stack(0x000000473d500000,0x000000473d600000)]
  0x0000019b97928560 JavaThread "ForkJoinPool.commonPool-worker-5" daemon [_thread_blocked, id=11944, stack(0x000000473ac00000,0x000000473ad00000)]
  0x0000019b97925070 JavaThread "ForkJoinPool.commonPool-worker-6" daemon [_thread_blocked, id=11344, stack(0x000000473ad00000,0x000000473ae00000)]
=>0x0000019b979229f0 JavaThread "ForkJoinPool.commonPool-worker-7" daemon [_thread_in_Java, id=5020, stack(0x000000473bb00000,0x000000473bc00000)]
  0x0000019b97924200 JavaThread "Worker-7" [_thread_blocked, id=3128, stack(0x000000473c600000,0x000000473c700000)]
  0x0000019b97922520 JavaThread "pool-1-thread-3" [_thread_blocked, id=11304, stack(0x000000473c800000,0x000000473c900000)]
  0x0000019b97924ba0 JavaThread "ForkJoinPool.commonPool-worker-8" daemon [_thread_blocked, id=3264, stack(0x000000473cb00000,0x000000473cc00000)]

Other Threads:
  0x0000019bffa383c0 VMThread "VM Thread" [stack: 0x000000473b000000,0x000000473b100000] [id=9040] _threads_hazard_ptr=0x0000019b9a2d8380
  0x0000019b96cf3100 WatcherThread [stack: 0x000000473bd00000,0x000000473be00000] [id=1936]
  0x0000019bff8078c0 GCTaskThread "GC Thread#0" [stack: 0x000000473af00000,0x000000473b000000] [id=3500]
  0x0000019b97458210 GCTaskThread "GC Thread#1" [stack: 0x000000473be00000,0x000000473bf00000] [id=2508]
  0x0000019b974588d0 GCTaskThread "GC Thread#2" [stack: 0x000000473bf00000,0x000000473c000000] [id=8828]
  0x0000019b97458b80 GCTaskThread "GC Thread#3" [stack: 0x000000473c000000,0x000000473c100000] [id=10200]

Threads with active compile tasks:
C2 CompilerThread0  1963007 14509       4       java.util.regex.Pattern::range (294 bytes)

VM state: synchronizing (normal execution)

VM Mutex/Monitor currently owned by a thread:  ([mutex/lock_event])
[0x0000019bff7eb080] Threads_lock - owner thread: 0x0000019bffa383c0
[0x0000019bff7ec360] Heap_lock - owner thread: 0x0000019b97922520

Heap address: 0x00000000c0000000, size: 1024 MB, Compressed Oops mode: 32-bit

CDS archive(s) not mapped
Compressed class space mapped at: 0x0000000100000000-0x0000000140000000, reserved size: 1073741824
Narrow klass base: 0x0000000000000000, Narrow klass shift: 3, Narrow klass range: 0x140000000

GC Precious Log:
 CPUs: 4 total, 4 available
 Memory: 16336M
 Large Page Support: Disabled
 NUMA Support: Disabled
 Compressed Oops: Enabled (32-bit)
 Alignments: Space 512K, Generation 512K, Heap 2M
 Heap Min Capacity: 100M
 Heap Initial Capacity: 100M
 Heap Max Capacity: 1G
 Pre-touch: Disabled
 Parallel Workers: 4

Heap:
 PSYoungGen      total 3584K, used 3168K [0x00000000eab00000, 0x00000000eaf80000, 0x0000000100000000)
  eden space 3072K, 100% used [0x00000000eab00000,0x00000000eae00000,0x00000000eae00000)
  from space 512K, 18% used [0x00000000eaf00000,0x00000000eaf18000,0x00000000eaf80000)
  to   space 512K, 0% used [0x00000000eae80000,0x00000000eae80000,0x00000000eaf00000)
 ParOldGen       total 133632K, used 118112K [0x00000000c0000000, 0x00000000c8280000, 0x00000000eab00000)
  object space 133632K, 88% used [0x00000000c0000000,0x00000000c7358310,0x00000000c8280000)
 Metaspace       used 78701K, committed 79744K, reserved 1122304K
  class space    used 8081K, committed 8512K, reserved 1048576K

Card table byte_map: [0x0000019bff1d0000,0x0000019bff3e0000] _byte_map_base: 0x0000019bfebd0000

Marking Bits: (ParMarkBitMap*) 0x00007ffaa54e3e70
 Begin Bits: [0x0000019b92fd0000, 0x0000019b93fd0000)
 End Bits:   [0x0000019b93fd0000, 0x0000019b94fd0000)

Polling page: 0x0000019bfefc0000

Metaspace:

Usage:
  Non-class:     68.96 MB used.
      Class:      7.89 MB used.
       Both:     76.86 MB used.

Virtual space:
  Non-class space:       72.00 MB reserved,      69.56 MB ( 97%) committed,  9 nodes.
      Class space:        1.00 GB reserved,       8.31 MB ( <1%) committed,  1 nodes.
             Both:        1.07 GB reserved,      77.88 MB (  7%) committed. 

Chunk freelists:
   Non-Class:  2.38 MB
       Class:  3.64 MB
        Both:  6.01 MB

MaxMetaspaceSize: unlimited
CompressedClassSpaceSize: 1.00 GB
Initial GC threshold: 21.00 MB
Current GC threshold: 129.62 MB
CDS: off
MetaspaceReclaimPolicy: balanced
 - commit_granule_bytes: 65536.
 - commit_granule_words: 8192.
 - virtual_space_node_default_size: 1048576.
 - enlarge_chunks_in_place: 1.
 - new_chunks_are_fully_committed: 0.
 - uncommit_free_chunks: 1.
 - use_allocation_guard: 0.
 - handle_deallocations: 1.


Internal statistics:

num_allocs_failed_limit: 9.
num_arena_births: 570.
num_arena_deaths: 92.
num_vsnodes_births: 10.
num_vsnodes_deaths: 0.
num_space_committed: 1246.
num_space_uncommitted: 0.
num_chunks_returned_to_freelist: 116.
num_chunks_taken_from_freelist: 3664.
num_chunk_merges: 37.
num_chunk_splits: 2295.
num_chunks_enlarged: 1385.
num_purges: 4.
num_inconsistent_stats: 0.

CodeHeap 'non-profiled nmethods': size=120000Kb used=10735Kb max_used=10735Kb free=109264Kb
 bounds [0x0000019b8baa0000, 0x0000019b8c520000, 0x0000019b92fd0000]
CodeHeap 'profiled nmethods': size=120000Kb used=26624Kb max_used=26624Kb free=93375Kb
 bounds [0x0000019b83fd0000, 0x0000019b859e0000, 0x0000019b8b500000]
CodeHeap 'non-nmethods': size=5760Kb used=1404Kb max_used=1520Kb free=4355Kb
 bounds [0x0000019b8b500000, 0x0000019b8b770000, 0x0000019b8baa0000]
 total_blobs=12392 nmethods=11639 adapters=665
 compilation: enabled
              stopped_count=0, restarted_count=0
 full_count=0

Compilation events (20 events):
Event: 1962.687 Thread 0x0000019bffa9a180 14500       3       org.jsoup.parser.Tag::valueOf (97 bytes)
Event: 1962.688 Thread 0x0000019bffa9a180 nmethod 14500 0x0000019b859c2690 code [0x0000019b859c29c0, 0x0000019b859c3cf8]
Event: 1962.688 Thread 0x0000019bffa9a180 14501       3       org.jsoup.safety.Cleaner$CleaningVisitor::head (207 bytes)
Event: 1962.688 Thread 0x0000019bffa9a180 nmethod 14501 0x0000019b859c4390 code [0x0000019b859c46a0, 0x0000019b859c5e68]
Event: 1962.688 Thread 0x0000019bffa9a180 14502       3       org.jsoup.safety.Cleaner$CleaningVisitor::tail (36 bytes)
Event: 1962.689 Thread 0x0000019bffa9a180 nmethod 14502 0x0000019b859c6590 code [0x0000019b859c6760, 0x0000019b859c6cd8]
Event: 1962.737 Thread 0x0000019bffa828c0 nmethod 14493 0x0000019b8c512f10 code [0x0000019b8c513340, 0x0000019b8c516ad0]
Event: 1962.737 Thread 0x0000019bffa828c0 14499       4       java.util.Arrays::binarySearch0 (83 bytes)
Event: 1962.740 Thread 0x0000019bffa828c0 nmethod 14499 0x0000019b8c519590 code [0x0000019b8c519720, 0x0000019b8c519c38]
Event: 1962.740 Thread 0x0000019bffa828c0 14494       4       com.google.gson.internal.bind.TypeAdapters$31::create (20 bytes)
Event: 1962.740 Thread 0x0000019bffa828c0 nmethod 14494 0x0000019b8c519e10 code [0x0000019b8c519f80, 0x0000019b8c51a018]
Event: 1962.828 Thread 0x0000019bffa9a180 14503   !   3       org.eclipse.jdt.internal.compiler.parser.diagnose.DiagnoseParser::diagnoseParse (1303 bytes)
Event: 1962.831 Thread 0x0000019bffa9a180 nmethod 14503 0x0000019b859c6e90 code [0x0000019b859c74c0, 0x0000019b859cabc8]
Event: 1962.831 Thread 0x0000019bffa9a180 14504       1       org.eclipse.lsp4j.CompletionItemCapabilities::getDocumentationFormat (5 bytes)
Event: 1962.832 Thread 0x0000019bffa9a180 nmethod 14504 0x0000019b8c51a110 code [0x0000019b8c51a2a0, 0x0000019b8c51a378]
Event: 1962.846 Thread 0x0000019bffa828c0 14505       4       org.eclipse.jdt.internal.compiler.parser.diagnose.LexStream::start (9 bytes)
Event: 1962.846 Thread 0x0000019bffa9a180 14506       3       org.eclipse.jdt.internal.compiler.SourceElementParser$1::record (22 bytes)
Event: 1962.847 Thread 0x0000019bffa9a180 nmethod 14506 0x0000019b859ce110 code [0x0000019b859ce2c0, 0x0000019b859ce4f8]
Event: 1962.848 Thread 0x0000019bffa828c0 nmethod 14505 0x0000019b8c51a410 code [0x0000019b8c51a5a0, 0x0000019b8c51a7a8]
Event: 1962.912 Thread 0x0000019bffa828c0 14507       4       org.eclipse.core.runtime.Path::fromPortableString (175 bytes)

GC Heap History (20 events):
Event: 1962.627 GC heap before
{Heap before GC invocations=560 (full 10):
 PSYoungGen      total 1536K, used 1529K [0x00000000eab00000, 0x00000000eb300000, 0x0000000100000000)
  eden space 512K, 100% used [0x00000000eab00000,0x00000000eab80000,0x00000000eab80000)
  from space 1024K, 99% used [0x00000000eae00000,0x00000000eaefe6f0,0x00000000eaf00000)
  to   space 2560K, 0% used [0x00000000eab80000,0x00000000eab80000,0x00000000eae00000)
 ParOldGen       total 133632K, used 112950K [0x00000000c0000000, 0x00000000c8280000, 0x00000000eab00000)
  object space 133632K, 84% used [0x00000000c0000000,0x00000000c6e4da40,0x00000000c8280000)
 Metaspace       used 78697K, committed 79744K, reserved 1122304K
  class space    used 8081K, committed 8512K, reserved 1048576K
}
Event: 1962.628 GC heap after
{Heap after GC invocations=560 (full 10):
 PSYoungGen      total 1024K, used 512K [0x00000000eab00000, 0x00000000eaf00000, 0x0000000100000000)
  eden space 512K, 0% used [0x00000000eab00000,0x00000000eab00000,0x00000000eab80000)
  from space 512K, 100% used [0x00000000eab80000,0x00000000eac00000,0x00000000eac00000)
  to   space 1536K, 0% used [0x00000000ead80000,0x00000000ead80000,0x00000000eaf00000)
 ParOldGen       total 133632K, used 113992K [0x00000000c0000000, 0x00000000c8280000, 0x00000000eab00000)
  object space 133632K, 85% used [0x00000000c0000000,0x00000000c6f52130,0x00000000c8280000)
 Metaspace       used 78697K, committed 79744K, reserved 1122304K
  class space    used 8081K, committed 8512K, reserved 1048576K
}
Event: 1962.629 GC heap before
{Heap before GC invocations=561 (full 10):
 PSYoungGen      total 1024K, used 1024K [0x00000000eab00000, 0x00000000eaf00000, 0x0000000100000000)
  eden space 512K, 100% used [0x00000000eab00000,0x00000000eab80000,0x00000000eab80000)
  from space 512K, 100% used [0x00000000eab80000,0x00000000eac00000,0x00000000eac00000)
  to   space 1536K, 0% used [0x00000000ead80000,0x00000000ead80000,0x00000000eaf00000)
 ParOldGen       total 133632K, used 113992K [0x00000000c0000000, 0x00000000c8280000, 0x00000000eab00000)
  object space 133632K, 85% used [0x00000000c0000000,0x00000000c6f52130,0x00000000c8280000)
 Metaspace       used 78697K, committed 79744K, reserved 1122304K
  class space    used 8081K, committed 8512K, reserved 1048576K
}
Event: 1962.630 GC heap after
{Heap after GC invocations=561 (full 10):
 PSYoungGen      total 1536K, used 480K [0x00000000eab00000, 0x00000000eae00000, 0x0000000100000000)
  eden space 1024K, 0% used [0x00000000eab00000,0x00000000eab00000,0x00000000eac00000)
  from space 512K, 93% used [0x00000000ead80000,0x00000000eadf8000,0x00000000eae00000)
  to   space 1024K, 0% used [0x00000000eac00000,0x00000000eac00000,0x00000000ead00000)
 ParOldGen       total 133632K, used 114448K [0x00000000c0000000, 0x00000000c8280000, 0x00000000eab00000)
  object space 133632K, 85% used [0x00000000c0000000,0x00000000c6fc4130,0x00000000c8280000)
 Metaspace       used 78697K, committed 79744K, reserved 1122304K
  class space    used 8081K, committed 8512K, reserved 1048576K
}
Event: 1962.634 GC heap before
{Heap before GC invocations=562 (full 10):
 PSYoungGen      total 1536K, used 1504K [0x00000000eab00000, 0x00000000eae00000, 0x0000000100000000)
  eden space 1024K, 100% used [0x00000000eab00000,0x00000000eac00000,0x00000000eac00000)
  from space 512K, 93% used [0x00000000ead80000,0x00000000eadf8000,0x00000000eae00000)
  to   space 1024K, 0% used [0x00000000eac00000,0x00000000eac00000,0x00000000ead00000)
 ParOldGen       total 133632K, used 114448K [0x00000000c0000000, 0x00000000c8280000, 0x00000000eab00000)
  object space 133632K, 85% used [0x00000000c0000000,0x00000000c6fc4130,0x00000000c8280000)
 Metaspace       used 78697K, committed 79744K, reserved 1122304K
  class space    used 8081K, committed 8512K, reserved 1048576K
}
Event: 1962.636 GC heap after
{Heap after GC invocations=562 (full 10):
 PSYoungGen      total 2048K, used 864K [0x00000000eab00000, 0x00000000eae80000, 0x0000000100000000)
  eden space 1024K, 0% used [0x00000000eab00000,0x00000000eab00000,0x00000000eac00000)
  from space 1024K, 84% used [0x00000000eac00000,0x00000000eacd8000,0x00000000ead00000)
  to   space 1024K, 0% used [0x00000000ead80000,0x00000000ead80000,0x00000000eae80000)
 ParOldGen       total 133632K, used 114856K [0x00000000c0000000, 0x00000000c8280000, 0x00000000eab00000)
  object space 133632K, 85% used [0x00000000c0000000,0x00000000c702a130,0x00000000c8280000)
 Metaspace       used 78697K, committed 79744K, reserved 1122304K
  class space    used 8081K, committed 8512K, reserved 1048576K
}
Event: 1962.637 GC heap before
{Heap before GC invocations=563 (full 10):
 PSYoungGen      total 2048K, used 1888K [0x00000000eab00000, 0x00000000eae80000, 0x0000000100000000)
  eden space 1024K, 100% used [0x00000000eab00000,0x00000000eac00000,0x00000000eac00000)
  from space 1024K, 84% used [0x00000000eac00000,0x00000000eacd8000,0x00000000ead00000)
  to   space 1024K, 0% used [0x00000000ead80000,0x00000000ead80000,0x00000000eae80000)
 ParOldGen       total 133632K, used 114856K [0x00000000c0000000, 0x00000000c8280000, 0x00000000eab00000)
  object space 133632K, 85% used [0x00000000c0000000,0x00000000c702a130,0x00000000c8280000)
 Metaspace       used 78697K, committed 79744K, reserved 1122304K
  class space    used 8081K, committed 8512K, reserved 1048576K
}
Event: 1962.638 GC heap after
{Heap after GC invocations=563 (full 10):
 PSYoungGen      total 2560K, used 640K [0x00000000eab00000, 0x00000000eae80000, 0x0000000100000000)
  eden space 1536K, 0% used [0x00000000eab00000,0x00000000eab00000,0x00000000eac80000)
  from space 1024K, 62% used [0x00000000ead80000,0x00000000eae20000,0x00000000eae80000)
  to   space 1024K, 0% used [0x00000000eac80000,0x00000000eac80000,0x00000000ead80000)
 ParOldGen       total 133632K, used 115648K [0x00000000c0000000, 0x00000000c8280000, 0x00000000eab00000)
  object space 133632K, 86% used [0x00000000c0000000,0x00000000c70f0130,0x00000000c8280000)
 Metaspace       used 78697K, committed 79744K, reserved 1122304K
  class space    used 8081K, committed 8512K, reserved 1048576K
}
Event: 1962.641 GC heap before
{Heap before GC invocations=564 (full 10):
 PSYoungGen      total 2560K, used 2176K [0x00000000eab00000, 0x00000000eae80000, 0x0000000100000000)
  eden space 1536K, 100% used [0x00000000eab00000,0x00000000eac80000,0x00000000eac80000)
  from space 1024K, 62% used [0x00000000ead80000,0x00000000eae20000,0x00000000eae80000)
  to   space 1024K, 0% used [0x00000000eac80000,0x00000000eac80000,0x00000000ead80000)
 ParOldGen       total 133632K, used 115648K [0x00000000c0000000, 0x00000000c8280000, 0x00000000eab00000)
  object space 133632K, 86% used [0x00000000c0000000,0x00000000c70f0130,0x00000000c8280000)
 Metaspace       used 78697K, committed 79744K, reserved 1122304K
  class space    used 8081K, committed 8512K, reserved 1048576K
}
Event: 1962.642 GC heap after
{Heap after GC invocations=564 (full 10):
 PSYoungGen      total 2560K, used 608K [0x00000000eab00000, 0x00000000eaf00000, 0x0000000100000000)
  eden space 1536K, 0% used [0x00000000eab00000,0x00000000eab00000,0x00000000eac80000)
  from space 1024K, 59% used [0x00000000eac80000,0x00000000ead18000,0x00000000ead80000)
  to   space 1024K, 0% used [0x00000000eae00000,0x00000000eae00000,0x00000000eaf00000)
 ParOldGen       total 133632K, used 116243K [0x00000000c0000000, 0x00000000c8280000, 0x00000000eab00000)
  object space 133632K, 86% used [0x00000000c0000000,0x00000000c7184ca0,0x00000000c8280000)
 Metaspace       used 78697K, committed 79744K, reserved 1122304K
  class space    used 8081K, committed 8512K, reserved 1048576K
}
Event: 1962.648 GC heap before
{Heap before GC invocations=565 (full 10):
 PSYoungGen      total 2560K, used 2144K [0x00000000eab00000, 0x00000000eaf00000, 0x0000000100000000)
  eden space 1536K, 100% used [0x00000000eab00000,0x00000000eac80000,0x00000000eac80000)
  from space 1024K, 59% used [0x00000000eac80000,0x00000000ead18000,0x00000000ead80000)
  to   space 1024K, 0% used [0x00000000eae00000,0x00000000eae00000,0x00000000eaf00000)
 ParOldGen       total 133632K, used 116243K [0x00000000c0000000, 0x00000000c8280000, 0x00000000eab00000)
  object space 133632K, 86% used [0x00000000c0000000,0x00000000c7184ca0,0x00000000c8280000)
 Metaspace       used 78697K, committed 79744K, reserved 1122304K
  class space    used 8081K, committed 8512K, reserved 1048576K
}
Event: 1962.649 GC heap after
{Heap after GC invocations=565 (full 10):
 PSYoungGen      total 3072K, used 688K [0x00000000eab00000, 0x00000000eaf00000, 0x0000000100000000)
  eden space 2048K, 0% used [0x00000000eab00000,0x00000000eab00000,0x00000000ead00000)
  from space 1024K, 67% used [0x00000000eae00000,0x00000000eaeac010,0x00000000eaf00000)
  to   space 1024K, 0% used [0x00000000ead00000,0x00000000ead00000,0x00000000eae00000)
 ParOldGen       total 133632K, used 116688K [0x00000000c0000000, 0x00000000c8280000, 0x00000000eab00000)
  object space 133632K, 87% used [0x00000000c0000000,0x00000000c71f42f0,0x00000000c8280000)
 Metaspace       used 78697K, committed 79744K, reserved 1122304K
  class space    used 8081K, committed 8512K, reserved 1048576K
}
Event: 1962.652 GC heap before
{Heap before GC invocations=566 (full 10):
 PSYoungGen      total 3072K, used 2736K [0x00000000eab00000, 0x00000000eaf00000, 0x0000000100000000)
  eden space 2048K, 100% used [0x00000000eab00000,0x00000000ead00000,0x00000000ead00000)
  from space 1024K, 67% used [0x00000000eae00000,0x00000000eaeac010,0x00000000eaf00000)
  to   space 1024K, 0% used [0x00000000ead00000,0x00000000ead00000,0x00000000eae00000)
 ParOldGen       total 133632K, used 116688K [0x00000000c0000000, 0x00000000c8280000, 0x00000000eab00000)
  object space 133632K, 87% used [0x00000000c0000000,0x00000000c71f42f0,0x00000000c8280000)
 Metaspace       used 78697K, committed 79744K, reserved 1122304K
  class space    used 8081K, committed 8512K, reserved 1048576K
}
Event: 1962.653 GC heap after
{Heap after GC invocations=566 (full 10):
 PSYoungGen      total 3072K, used 672K [0x00000000eab00000, 0x00000000eaf80000, 0x0000000100000000)
  eden space 2048K, 0% used [0x00000000eab00000,0x00000000eab00000,0x00000000ead00000)
  from space 1024K, 65% used [0x00000000ead00000,0x00000000eada8000,0x00000000eae00000)
  to   space 1024K, 0% used [0x00000000eae80000,0x00000000eae80000,0x00000000eaf80000)
 ParOldGen       total 133632K, used 117352K [0x00000000c0000000, 0x00000000c8280000, 0x00000000eab00000)
  object space 133632K, 87% used [0x00000000c0000000,0x00000000c729a310,0x00000000c8280000)
 Metaspace       used 78697K, committed 79744K, reserved 1122304K
  class space    used 8081K, committed 8512K, reserved 1048576K
}
Event: 1962.658 GC heap before
{Heap before GC invocations=567 (full 10):
 PSYoungGen      total 3072K, used 2293K [0x00000000eab00000, 0x00000000eaf80000, 0x0000000100000000)
  eden space 2048K, 79% used [0x00000000eab00000,0x00000000eac95528,0x00000000ead00000)
  from space 1024K, 65% used [0x00000000ead00000,0x00000000eada8000,0x00000000eae00000)
  to   space 1024K, 0% used [0x00000000eae80000,0x00000000eae80000,0x00000000eaf80000)
 ParOldGen       total 133632K, used 117352K [0x00000000c0000000, 0x00000000c8280000, 0x00000000eab00000)
  object space 133632K, 87% used [0x00000000c0000000,0x00000000c729a310,0x00000000c8280000)
 Metaspace       used 78697K, committed 79744K, reserved 1122304K
  class space    used 8081K, committed 8512K, reserved 1048576K
}
Event: 1962.659 GC heap after
{Heap after GC invocations=567 (full 10):
 PSYoungGen      total 3584K, used 448K [0x00000000eab00000, 0x00000000eaf80000, 0x0000000100000000)
  eden space 2560K, 0% used [0x00000000eab00000,0x00000000eab00000,0x00000000ead80000)
  from space 1024K, 43% used [0x00000000eae80000,0x00000000eaef0010,0x00000000eaf80000)
  to   space 1024K, 0% used [0x00000000ead80000,0x00000000ead80000,0x00000000eae80000)
 ParOldGen       total 133632K, used 117952K [0x00000000c0000000, 0x00000000c8280000, 0x00000000eab00000)
  object space 133632K, 88% used [0x00000000c0000000,0x00000000c7330310,0x00000000c8280000)
 Metaspace       used 78697K, committed 79744K, reserved 1122304K
  class space    used 8081K, committed 8512K, reserved 1048576K
}
Event: 1962.661 GC heap before
{Heap before GC invocations=568 (full 10):
 PSYoungGen      total 3584K, used 2658K [0x00000000eab00000, 0x00000000eaf80000, 0x0000000100000000)
  eden space 2560K, 86% used [0x00000000eab00000,0x00000000ead289e8,0x00000000ead80000)
  from space 1024K, 43% used [0x00000000eae80000,0x00000000eaef0010,0x00000000eaf80000)
  to   space 1024K, 0% used [0x00000000ead80000,0x00000000ead80000,0x00000000eae80000)
 ParOldGen       total 133632K, used 117952K [0x00000000c0000000, 0x00000000c8280000, 0x00000000eab00000)
  object space 133632K, 88% used [0x00000000c0000000,0x00000000c7330310,0x00000000c8280000)
 Metaspace       used 78697K, committed 79744K, reserved 1122304K
  class space    used 8081K, committed 8512K, reserved 1048576K
}
Event: 1962.662 GC heap after
{Heap after GC invocations=568 (full 10):
 PSYoungGen      total 3584K, used 923K [0x00000000eab00000, 0x00000000eb000000, 0x0000000100000000)
  eden space 2560K, 0% used [0x00000000eab00000,0x00000000eab00000,0x00000000ead80000)
  from space 1024K, 90% used [0x00000000ead80000,0x00000000eae66c08,0x00000000eae80000)
  to   space 1024K, 0% used [0x00000000eaf00000,0x00000000eaf00000,0x00000000eb000000)
 ParOldGen       total 133632K, used 118088K [0x00000000c0000000, 0x00000000c8280000, 0x00000000eab00000)
  object space 133632K, 88% used [0x00000000c0000000,0x00000000c7352310,0x00000000c8280000)
 Metaspace       used 78697K, committed 79744K, reserved 1122304K
  class space    used 8081K, committed 8512K, reserved 1048576K
}
Event: 1962.820 GC heap before
{Heap before GC invocations=569 (full 10):
 PSYoungGen      total 3584K, used 3483K [0x00000000eab00000, 0x00000000eb000000, 0x0000000100000000)
  eden space 2560K, 100% used [0x00000000eab00000,0x00000000ead80000,0x00000000ead80000)
  from space 1024K, 90% used [0x00000000ead80000,0x00000000eae66c08,0x00000000eae80000)
  to   space 1024K, 0% used [0x00000000eaf00000,0x00000000eaf00000,0x00000000eb000000)
 ParOldGen       total 133632K, used 118088K [0x00000000c0000000, 0x00000000c8280000, 0x00000000eab00000)
  object space 133632K, 88% used [0x00000000c0000000,0x00000000c7352310,0x00000000c8280000)
 Metaspace       used 78698K, committed 79744K, reserved 1122304K
  class space    used 8081K, committed 8512K, reserved 1048576K
}
Event: 1962.821 GC heap after
{Heap after GC invocations=569 (full 10):
 PSYoungGen      total 3584K, used 96K [0x00000000eab00000, 0x00000000eaf80000, 0x0000000100000000)
  eden space 3072K, 0% used [0x00000000eab00000,0x00000000eab00000,0x00000000eae00000)
  from space 512K, 18% used [0x00000000eaf00000,0x00000000eaf18000,0x00000000eaf80000)
  to   space 512K, 0% used [0x00000000eae80000,0x00000000eae80000,0x00000000eaf00000)
 ParOldGen       total 133632K, used 118112K [0x00000000c0000000, 0x00000000c8280000, 0x00000000eab00000)
  object space 133632K, 88% used [0x00000000c0000000,0x00000000c7358310,0x00000000c8280000)
 Metaspace       used 78698K, committed 79744K, reserved 1122304K
  class space    used 8081K, committed 8512K, reserved 1048576K
}

Dll operation events (11 events):
Event: 0.008 Loaded shared library c:\Users\palaro11339\.vscode\extensions\redhat.java-1.16.0-win32-x64\jre\17.0.6-win32-x86_64\bin\java.dll
Event: 0.123 Loaded shared library c:\Users\palaro11339\.vscode\extensions\redhat.java-1.16.0-win32-x64\jre\17.0.6-win32-x86_64\bin\zip.dll
Event: 0.125 Loaded shared library C:\Users\palaro11339\.vscode\extensions\redhat.java-1.16.0-win32-x64\jre\17.0.6-win32-x86_64\bin\instrument.dll
Event: 0.136 Loaded shared library C:\Users\palaro11339\.vscode\extensions\redhat.java-1.16.0-win32-x64\jre\17.0.6-win32-x86_64\bin\net.dll
Event: 0.137 Loaded shared library C:\Users\palaro11339\.vscode\extensions\redhat.java-1.16.0-win32-x64\jre\17.0.6-win32-x86_64\bin\nio.dll
Event: 0.142 Loaded shared library C:\Users\palaro11339\.vscode\extensions\redhat.java-1.16.0-win32-x64\jre\17.0.6-win32-x86_64\bin\zip.dll
Event: 0.155 Loaded shared library C:\Users\palaro11339\.vscode\extensions\redhat.java-1.16.0-win32-x64\jre\17.0.6-win32-x86_64\bin\jimage.dll
Event: 0.193 Loaded shared library c:\Users\palaro11339\.vscode\extensions\redhat.java-1.16.0-win32-x64\jre\17.0.6-win32-x86_64\bin\verify.dll
Event: 1.237 Loaded shared library C:\Users\palaro11339\AppData\Roaming\Code\User\globalStorage\redhat.java\1.16.0\config_win\org.eclipse.equinox.launcher\org.eclipse.equinox.launcher.win32.win32.x86_64_1.2.700.v20221108-1024\eclipse_11801.dll
Event: 2.858 Loaded shared library C:\Users\palaro11339\AppData\Local\Temp\jna--338902602\jna12910176411485438358.dll
Event: 5.309 Loaded shared library C:\Users\palaro11339\.vscode\extensions\redhat.java-1.16.0-win32-x64\jre\17.0.6-win32-x86_64\bin\sunmscapi.dll

Deoptimization events (20 events):
Event: 1957.161 Thread 0x0000019b97928560 DEOPT PACKING pc=0x0000019b8c4ec04c sp=0x000000473acfdcd0
Event: 1957.161 Thread 0x0000019b97928560 DEOPT UNPACKING pc=0x0000019b8b5566a3 sp=0x000000473acfdc10 mode 2
Event: 1957.204 Thread 0x0000019b97922520 Uncommon trap: trap_request=0xffffff45 fr.pc=0x0000019b8c4b1d7c relative=0x00000000000001dc
Event: 1957.204 Thread 0x0000019b97922520 Uncommon trap: reason=unstable_if action=reinterpret pc=0x0000019b8c4b1d7c method=org.eclipse.jdt.core.dom.DefaultCommentMapper.getCommentIndex(III)I @ 21 c2
Event: 1957.204 Thread 0x0000019b97922520 DEOPT PACKING pc=0x0000019b8c4b1d7c sp=0x000000473c8fe2e0
Event: 1957.204 Thread 0x0000019b97922520 DEOPT UNPACKING pc=0x0000019b8b5566a3 sp=0x000000473c8fe260 mode 2
Event: 1962.621 Thread 0x0000019b979229f0 Uncommon trap: trap_request=0xffffffd6 fr.pc=0x0000019b8c4ec04c relative=0x000000000000060c
Event: 1962.621 Thread 0x0000019b979229f0 Uncommon trap: reason=array_check action=maybe_recompile pc=0x0000019b8c4ec04c method=java.util.LinkedHashMap.keysToArray([Ljava/lang/Object;)[Ljava/lang/Object; @ 25 c2
Event: 1962.621 Thread 0x0000019b979229f0 DEOPT PACKING pc=0x0000019b8c4ec04c sp=0x000000473bbfdfe0
Event: 1962.621 Thread 0x0000019b979229f0 DEOPT UNPACKING pc=0x0000019b8b5566a3 sp=0x000000473bbfdf20 mode 2
Event: 1962.631 Thread 0x0000019b97924200 Uncommon trap: trap_request=0xffffff45 fr.pc=0x0000019b8c42e2b0 relative=0x00000000000025d0
Event: 1962.631 Thread 0x0000019b97924200 Uncommon trap: reason=unstable_if action=reinterpret pc=0x0000019b8c42e2b0 method=org.eclipse.jdt.internal.compiler.parser.diagnose.DiagnoseParser.checkPrimaryDistance([IILorg/eclipse/jdt/internal/compiler/parser/diagnose/DiagnoseParser$PrimaryRepairInfo;
Event: 1962.631 Thread 0x0000019b97924200 DEOPT PACKING pc=0x0000019b8c42e2b0 sp=0x000000473c6fe520
Event: 1962.631 Thread 0x0000019b97924200 DEOPT UNPACKING pc=0x0000019b8b5566a3 sp=0x000000473c6fe498 mode 2
Event: 1962.636 Thread 0x0000019b97928560 DEOPT PACKING pc=0x0000019b8580dbf7 sp=0x000000473acfe730
Event: 1962.636 Thread 0x0000019b97928560 DEOPT UNPACKING pc=0x0000019b8b556e43 sp=0x000000473acfdc30 mode 0
Event: 1962.645 Thread 0x0000019b979229f0 Uncommon trap: trap_request=0xffffff45 fr.pc=0x0000019b8c48416c relative=0x000000000000496c
Event: 1962.645 Thread 0x0000019b979229f0 Uncommon trap: reason=unstable_if action=reinterpret pc=0x0000019b8c48416c method=org.eclipse.jdt.internal.compiler.parser.diagnose.DiagnoseParser.diagnoseParse(Z)V @ 1029 c2
Event: 1962.645 Thread 0x0000019b979229f0 DEOPT PACKING pc=0x0000019b8c48416c sp=0x000000473bbfdcc0
Event: 1962.645 Thread 0x0000019b979229f0 DEOPT UNPACKING pc=0x0000019b8b5566a3 sp=0x000000473bbfdc50 mode 2

Classes unloaded (20 events):
Event: 1778.035 Thread 0x0000019bffa383c0 Unloading class 0x000000010032d800 'java/lang/invoke/LambdaForm$MH+0x000000010032d800'
Event: 1778.035 Thread 0x0000019bffa383c0 Unloading class 0x000000010032d400 'java/lang/invoke/LambdaForm$MH+0x000000010032d400'
Event: 1778.035 Thread 0x0000019bffa383c0 Unloading class 0x0000000100284800 'jdk/internal/reflect/GeneratedSerializationConstructorAccessor3'
Event: 1778.035 Thread 0x0000019bffa383c0 Unloading class 0x0000000100284400 'jdk/internal/reflect/GeneratedSerializationConstructorAccessor2'
Event: 1778.035 Thread 0x0000019bffa383c0 Unloading class 0x0000000100284000 'jdk/internal/reflect/GeneratedSerializationConstructorAccessor1'
Event: 1778.036 Thread 0x0000019bffa383c0 Unloading class 0x0000000100217800 'java/lang/invoke/LambdaForm$MH+0x0000000100217800'
Event: 1778.036 Thread 0x0000019bffa383c0 Unloading class 0x00000001001d1000 'jdk/internal/reflect/GeneratedConstructorAccessor4'
Event: 1778.036 Thread 0x0000019bffa383c0 Unloading class 0x00000001001a2800 'java/lang/invoke/LambdaForm$MH+0x00000001001a2800'
Event: 1778.036 Thread 0x0000019bffa383c0 Unloading class 0x00000001001a2000 'java/lang/invoke/LambdaForm$MH+0x00000001001a2000'
Event: 1778.036 Thread 0x0000019bffa383c0 Unloading class 0x00000001001a1c00 'java/lang/invoke/LambdaForm$MH+0x00000001001a1c00'
Event: 1778.036 Thread 0x0000019bffa383c0 Unloading class 0x00000001001a1800 'java/lang/invoke/LambdaForm$MH+0x00000001001a1800'
Event: 1778.036 Thread 0x0000019bffa383c0 Unloading class 0x00000001001a1000 'java/lang/invoke/LambdaForm$MH+0x00000001001a1000'
Event: 1778.036 Thread 0x0000019bffa383c0 Unloading class 0x00000001001a0c00 'java/lang/invoke/LambdaForm$MH+0x00000001001a0c00'
Event: 1778.036 Thread 0x0000019bffa383c0 Unloading class 0x00000001001a0800 'java/lang/invoke/LambdaForm$MH+0x00000001001a0800'
Event: 1778.036 Thread 0x0000019bffa383c0 Unloading class 0x00000001001a0000 'java/lang/invoke/LambdaForm$MH+0x00000001001a0000'
Event: 1778.036 Thread 0x0000019bffa383c0 Unloading class 0x0000000100129000 'jdk/internal/reflect/GeneratedMethodAccessor5'
Event: 1778.036 Thread 0x0000019bffa383c0 Unloading class 0x0000000100128c00 'jdk/internal/reflect/GeneratedMethodAccessor4'
Event: 1778.036 Thread 0x0000019bffa383c0 Unloading class 0x0000000100128800 'jdk/internal/reflect/GeneratedMethodAccessor3'
Event: 1778.036 Thread 0x0000019bffa383c0 Unloading class 0x0000000100128400 'jdk/internal/reflect/GeneratedMethodAccessor2'
Event: 1778.036 Thread 0x0000019bffa383c0 Unloading class 0x0000000100128000 'jdk/internal/reflect/GeneratedMethodAccessor1'

Classes redefined (0 events):
No events

Internal exceptions (20 events):
Event: 1934.819 Thread 0x0000019b97924ba0 Exception <a 'java/lang/ArrayIndexOutOfBoundsException'{0x00000000ead43040}> (0x00000000ead43040) 
thrown [s\src\hotspot\share\runtime\sharedRuntime.cpp, line 628]
Event: 1935.460 Thread 0x0000019b97928560 Exception <a 'java/lang/ArrayIndexOutOfBoundsException'{0x00000000eabb7318}> (0x00000000eabb7318) 
thrown [s\src\hotspot\share\runtime\sharedRuntime.cpp, line 628]
Event: 1935.460 Thread 0x0000019b97928560 Exception <a 'java/lang/ArrayIndexOutOfBoundsException'{0x00000000eabb7a00}> (0x00000000eabb7a00) 
thrown [s\src\hotspot\share\runtime\sharedRuntime.cpp, line 628]
Event: 1935.460 Thread 0x0000019b97928560 Exception <a 'java/lang/ArrayIndexOutOfBoundsException'{0x00000000eabb7de0}> (0x00000000eabb7de0) 
thrown [s\src\hotspot\share\runtime\sharedRuntime.cpp, line 628]
Event: 1939.676 Thread 0x0000019b979229f0 Exception <a 'java/lang/ArrayIndexOutOfBoundsException'{0x00000000eabdecf8}> (0x00000000eabdecf8) 
thrown [s\src\hotspot\share\runtime\sharedRuntime.cpp, line 628]
Event: 1939.678 Thread 0x0000019b979229f0 Exception <a 'java/lang/ArrayIndexOutOfBoundsException'{0x00000000eac6cd60}> (0x00000000eac6cd60) 
thrown [s\src\hotspot\share\runtime\sharedRuntime.cpp, line 628]
Event: 1943.371 Thread 0x0000019b97928560 Exception <a 'java/lang/ArrayIndexOutOfBoundsException'{0x00000000eab97d68}> (0x00000000eab97d68) 
thrown [s\src\hotspot\share\runtime\sharedRuntime.cpp, line 628]
Event: 1943.373 Thread 0x0000019b97928560 Exception <a 'java/lang/ArrayIndexOutOfBoundsException'{0x00000000eac04720}> (0x00000000eac04720) 
thrown [s\src\hotspot\share\runtime\sharedRuntime.cpp, line 628]
Event: 1944.133 Thread 0x0000019b97928560 Exception <a 'java/lang/ArrayIndexOutOfBoundsException'{0x00000000eab07100}> (0x00000000eab07100) 
thrown [s\src\hotspot\share\runtime\sharedRuntime.cpp, line 628]
Event: 1955.038 Thread 0x0000019b97928560 Exception <a 'java/lang/ArrayIndexOutOfBoundsException'{0x00000000eae4d868}> (0x00000000eae4d868) 
thrown [s\src\hotspot\share\runtime\sharedRuntime.cpp, line 628]
Event: 1955.038 Thread 0x0000019b97928560 Exception <a 'java/lang/ArrayIndexOutOfBoundsException'{0x00000000eae4dca8}> (0x00000000eae4dca8) 
thrown [s\src\hotspot\share\runtime\sharedRuntime.cpp, line 628]
Event: 1955.038 Thread 0x0000019b97928560 Exception <a 'java/lang/ArrayIndexOutOfBoundsException'{0x00000000eae4e340}> (0x00000000eae4e340) 
thrown [s\src\hotspot\share\runtime\sharedRuntime.cpp, line 628]
Event: 1955.692 Thread 0x0000019b97a7e520 Implicit null exception at 0x0000019b8c2d172e to 0x0000019b8c2d1c84
Event: 1957.159 Thread 0x0000019b97928560 Exception <a 'java/lang/ArrayIndexOutOfBoundsException'{0x00000000eab12ce0}> (0x00000000eab12ce0) 
thrown [s\src\hotspot\share\runtime\sharedRuntime.cpp, line 628]
Event: 1957.159 Thread 0x0000019b97928560 Exception <a 'java/lang/ArrayIndexOutOfBoundsException'{0x00000000eab13120}> (0x00000000eab13120) 
thrown [s\src\hotspot\share\runtime\sharedRuntime.cpp, line 628]
Event: 1957.159 Thread 0x0000019b97928560 Exception <a 'java/lang/ArrayIndexOutOfBoundsException'{0x00000000eab13500}> (0x00000000eab13500) 
thrown [s\src\hotspot\share\runtime\sharedRuntime.cpp, line 628]
Event: 1962.620 Thread 0x0000019b979229f0 Exception <a 'java/lang/ArrayIndexOutOfBoundsException'{0x00000000eac886a0}> (0x00000000eac886a0) 
thrown [s\src\hotspot\share\runtime\sharedRuntime.cpp, line 628]
Event: 1962.620 Thread 0x0000019b979229f0 Exception <a 'java/lang/ArrayIndexOutOfBoundsException'{0x00000000eac88ae0}> (0x00000000eac88ae0) 
thrown [s\src\hotspot\share\runtime\sharedRuntime.cpp, line 628]
Event: 1962.620 Thread 0x0000019b979229f0 Exception <a 'java/lang/ArrayIndexOutOfBoundsException'{0x00000000eac88ec0}> (0x00000000eac88ec0) 
thrown [s\src\hotspot\share\runtime\sharedRuntime.cpp, line 628]
Event: 1962.914 Thread 0x0000019b979229f0 Implicit null exception at 0x0000019b8badfa8c to 0x0000000000000000

VM Operations (20 events):
Event: 1962.627 Executing VM operation: ParallelGCFailedAllocation
Event: 1962.628 Executing VM operation: ParallelGCFailedAllocation done
Event: 1962.629 Executing VM operation: ParallelGCFailedAllocation
Event: 1962.631 Executing VM operation: ParallelGCFailedAllocation done
Event: 1962.634 Executing VM operation: ParallelGCFailedAllocation
Event: 1962.636 Executing VM operation: ParallelGCFailedAllocation done
Event: 1962.637 Executing VM operation: ParallelGCFailedAllocation
Event: 1962.638 Executing VM operation: ParallelGCFailedAllocation done
Event: 1962.641 Executing VM operation: ParallelGCFailedAllocation
Event: 1962.642 Executing VM operation: ParallelGCFailedAllocation done
Event: 1962.648 Executing VM operation: ParallelGCFailedAllocation
Event: 1962.649 Executing VM operation: ParallelGCFailedAllocation done
Event: 1962.652 Executing VM operation: ParallelGCFailedAllocation
Event: 1962.653 Executing VM operation: ParallelGCFailedAllocation done
Event: 1962.658 Executing VM operation: ParallelGCFailedAllocation
Event: 1962.659 Executing VM operation: ParallelGCFailedAllocation done
Event: 1962.661 Executing VM operation: ParallelGCFailedAllocation
Event: 1962.662 Executing VM operation: ParallelGCFailedAllocation done
Event: 1962.820 Executing VM operation: ParallelGCFailedAllocation
Event: 1962.821 Executing VM operation: ParallelGCFailedAllocation done

Events (20 events):
Event: 1934.515 Thread 0x0000019bffabddf0 flushing nmethod 0x0000019b8410a590
Event: 1934.516 Thread 0x0000019bffabddf0 flushing nmethod 0x0000019b84466c10
Event: 1934.518 Thread 0x0000019bffabddf0 flushing nmethod 0x0000019b8491b110
Event: 1934.518 Thread 0x0000019bffabddf0 flushing nmethod 0x0000019b84988310
Event: 1934.518 Thread 0x0000019bffabddf0 flushing nmethod 0x0000019b849d9410
Event: 1934.521 Thread 0x0000019bffabddf0 flushing nmethod 0x0000019b85013210
Event: 1934.522 Thread 0x0000019bffabddf0 flushing nmethod 0x0000019b851dd510
Event: 1934.522 Thread 0x0000019bffabddf0 flushing nmethod 0x0000019b851e0690
Event: 1934.523 Thread 0x0000019bffabddf0 flushing nmethod 0x0000019b85458a10
Event: 1934.523 Thread 0x0000019bffabddf0 flushing nmethod 0x0000019b85628710
Event: 1934.523 Thread 0x0000019bffabddf0 flushing nmethod 0x0000019b85660490
Event: 1934.524 Thread 0x0000019bffabddf0 flushing nmethod 0x0000019b85788d10
Event: 1939.699 Thread 0x0000019b982bef40 Thread added: 0x0000019b982bef40
Event: 1940.675 Thread 0x0000019b982bef40 Thread exited: 0x0000019b982bef40
Event: 1955.690 Thread 0x0000019b9bc60120 Thread added: 0x0000019b9bc60120
Event: 1955.690 Thread 0x0000019b9bc622d0 Thread added: 0x0000019b9bc622d0
Event: 1955.691 Thread 0x0000019b9bc60f90 Thread added: 0x0000019b9bc60f90
Event: 1955.691 Thread 0x0000019b9bc622d0 Thread exited: 0x0000019b9bc622d0
Event: 1955.691 Thread 0x0000019b9bc60120 Thread exited: 0x0000019b9bc60120
Event: 1955.691 Thread 0x0000019b9bc60f90 Thread exited: 0x0000019b9bc60f90


Dynamic libraries:
0x00007ff754f30000 - 0x00007ff754f3e000 	c:\Users\palaro11339\.vscode\extensions\redhat.java-1.16.0-win32-x64\jre\17.0.6-win32-x86_64\bin\java.exe
0x00007ffb093f0000 - 0x00007ffb095e8000 	C:\Windows\SYSTEM32\ntdll.dll
0x00007ffb08600000 - 0x00007ffb086bd000 	C:\Windows\System32\KERNEL32.DLL
0x00007ffb06c00000 - 0x00007ffb06ef6000 	C:\Windows\System32\KERNELBASE.dll
0x00007ffb06ad0000 - 0x00007ffb06bd0000 	C:\Windows\System32\ucrtbase.dll
0x00007ffadf860000 - 0x00007ffadf877000 	c:\Users\palaro11339\.vscode\extensions\redhat.java-1.16.0-win32-x64\jre\17.0.6-win32-x86_64\bin\jli.dll
0x00007ffb08b20000 - 0x00007ffb08cbe000 	C:\Windows\System32\USER32.dll
0x00007ffb06bd0000 - 0x00007ffb06bf2000 	C:\Windows\System32\win32u.dll
0x00007ffb08a00000 - 0x00007ffb08a2c000 	C:\Windows\System32\GDI32.dll
0x00007ffb072c0000 - 0x00007ffb073da000 	C:\Windows\System32\gdi32full.dll
0x00007ffb07170000 - 0x00007ffb0720d000 	C:\Windows\System32\msvcp_win.dll
0x00007ffae0a40000 - 0x00007ffae0a59000 	c:\Users\palaro11339\.vscode\extensions\redhat.java-1.16.0-win32-x64\jre\17.0.6-win32-x86_64\bin\VCRUNTIME140.dll
0x00007ffaeeda0000 - 0x00007ffaef03a000 	C:\Windows\WinSxS\amd64_microsoft.windows.common-controls_6595b64144ccf1df_6.0.19041.1110_none_60b5254171f9507e\COMCTL32.dll
0x00007ffb081a0000 - 0x00007ffb0823e000 	C:\Windows\System32\msvcrt.dll
0x00007ffb08a40000 - 0x00007ffb08a70000 	C:\Windows\System32\IMM32.DLL
0x00007ffaea0f0000 - 0x00007ffaea0fc000 	c:\Users\palaro11339\.vscode\extensions\redhat.java-1.16.0-win32-x64\jre\17.0.6-win32-x86_64\bin\vcruntime140_1.dll
0x00007ffaa5800000 - 0x00007ffaa5891000 	c:\Users\palaro11339\.vscode\extensions\redhat.java-1.16.0-win32-x64\jre\17.0.6-win32-x86_64\bin\msvcp140.dll
0x00007ffaa4960000 - 0x00007ffaa55a7000 	c:\Users\palaro11339\.vscode\extensions\redhat.java-1.16.0-win32-x64\jre\17.0.6-win32-x86_64\bin\server\jvm.dll
0x00007ffb08550000 - 0x00007ffb085fe000 	C:\Windows\System32\ADVAPI32.dll
0x00007ffb07570000 - 0x00007ffb0760c000 	C:\Windows\System32\sechost.dll
0x00007ffb08420000 - 0x00007ffb08546000 	C:\Windows\System32\RPCRT4.dll
0x00007ffaf2c80000 - 0x00007ffaf2c89000 	C:\Windows\SYSTEM32\WSOCK32.dll
0x00007ffb08240000 - 0x00007ffb082ab000 	C:\Windows\System32\WS2_32.dll
0x00007ffaf68a0000 - 0x00007ffaf68c7000 	C:\Windows\SYSTEM32\WINMM.dll
0x00007ffb00890000 - 0x00007ffb0089a000 	C:\Windows\SYSTEM32\VERSION.dll
0x00007ffb047a0000 - 0x00007ffb047b2000 	C:\Windows\SYSTEM32\kernel.appcore.dll
0x00007ffae9750000 - 0x00007ffae975a000 	c:\Users\palaro11339\.vscode\extensions\redhat.java-1.16.0-win32-x64\jre\17.0.6-win32-x86_64\bin\jimage.dll
0x00007ffaee2c0000 - 0x00007ffaee4a4000 	C:\Windows\SYSTEM32\DBGHELP.DLL
0x00007ffae6da0000 - 0x00007ffae6dd4000 	C:\Windows\SYSTEM32\dbgcore.DLL
0x00007ffb06f00000 - 0x00007ffb06f82000 	C:\Windows\System32\bcryptPrimitives.dll
0x00007ffae7bb0000 - 0x00007ffae7bbe000 	c:\Users\palaro11339\.vscode\extensions\redhat.java-1.16.0-win32-x64\jre\17.0.6-win32-x86_64\bin\instrument.dll
0x00007ffadf830000 - 0x00007ffadf855000 	c:\Users\palaro11339\.vscode\extensions\redhat.java-1.16.0-win32-x64\jre\17.0.6-win32-x86_64\bin\java.dll
0x00007ffadf810000 - 0x00007ffadf828000 	c:\Users\palaro11339\.vscode\extensions\redhat.java-1.16.0-win32-x64\jre\17.0.6-win32-x86_64\bin\zip.dll
0x00007ffb07970000 - 0x00007ffb080b5000 	C:\Windows\System32\SHELL32.dll
0x00007ffb049a0000 - 0x00007ffb0513b000 	C:\Windows\SYSTEM32\windows.storage.dll
0x00007ffb07610000 - 0x00007ffb07964000 	C:\Windows\System32\combase.dll
0x00007ffb06510000 - 0x00007ffb0653e000 	C:\Windows\SYSTEM32\Wldp.dll
0x00007ffb082b0000 - 0x00007ffb0835d000 	C:\Windows\System32\SHCORE.dll
0x00007ffb08360000 - 0x00007ffb083b5000 	C:\Windows\System32\shlwapi.dll
0x00007ffb06a00000 - 0x00007ffb06a25000 	C:\Windows\SYSTEM32\profapi.dll
0x00007ffabd9e0000 - 0x00007ffabd9f9000 	C:\Users\palaro11339\.vscode\extensions\redhat.java-1.16.0-win32-x64\jre\17.0.6-win32-x86_64\bin\net.dll
0x00007ffb00210000 - 0x00007ffb0031a000 	C:\Windows\SYSTEM32\WINHTTP.dll
0x00007ffb06270000 - 0x00007ffb062da000 	C:\Windows\system32\mswsock.dll
0x00007ffadf7f0000 - 0x00007ffadf805000 	C:\Users\palaro11339\.vscode\extensions\redhat.java-1.16.0-win32-x64\jre\17.0.6-win32-x86_64\bin\nio.dll
0x00007ffae7420000 - 0x00007ffae7430000 	c:\Users\palaro11339\.vscode\extensions\redhat.java-1.16.0-win32-x64\jre\17.0.6-win32-x86_64\bin\verify.dll
0x00007ffaa4640000 - 0x00007ffaa467e000 	C:\Users\palaro11339\AppData\Roaming\Code\User\globalStorage\redhat.java\1.16.0\config_win\org.eclipse.equinox.launcher\org.eclipse.equinox.launcher.win32.win32.x86_64_1.2.700.v20221108-1024\eclipse_11801.dll
0x00007ffb09280000 - 0x00007ffb093aa000 	C:\Windows\System32\ole32.dll
0x00007ffb06460000 - 0x00007ffb06478000 	C:\Windows\SYSTEM32\CRYPTSP.dll
0x00007ffb05ab0000 - 0x00007ffb05ae4000 	C:\Windows\system32\rsaenh.dll
0x00007ffb06f90000 - 0x00007ffb06fb7000 	C:\Windows\System32\bcrypt.dll
0x00007ffb069c0000 - 0x00007ffb069ee000 	C:\Windows\SYSTEM32\USERENV.dll
0x00007ffb06480000 - 0x00007ffb0648c000 	C:\Windows\SYSTEM32\CRYPTBASE.dll
0x00007ffb05f10000 - 0x00007ffb05f4b000 	C:\Windows\SYSTEM32\IPHLPAPI.DLL
0x00007ffb08190000 - 0x00007ffb08198000 	C:\Windows\System32\NSI.dll
0x00007ffb01aa0000 - 0x00007ffb01ab7000 	C:\Windows\SYSTEM32\dhcpcsvc6.DLL
0x00007ffb01a80000 - 0x00007ffb01a9d000 	C:\Windows\SYSTEM32\dhcpcsvc.DLL
0x00007ffb05f60000 - 0x00007ffb0602a000 	C:\Windows\SYSTEM32\DNSAPI.dll
0x00007ffabd3e0000 - 0x00007ffabd425000 	C:\Users\palaro11339\AppData\Local\Temp\jna--338902602\jna12910176411485438358.dll
0x00007ffb08a30000 - 0x00007ffb08a38000 	C:\Windows\System32\PSAPI.DLL
0x00007ffae6400000 - 0x00007ffae640e000 	C:\Users\palaro11339\.vscode\extensions\redhat.java-1.16.0-win32-x64\jre\17.0.6-win32-x86_64\bin\sunmscapi.dll
0x00007ffb06fc0000 - 0x00007ffb0711e000 	C:\Windows\System32\CRYPT32.dll
0x00007ffb06580000 - 0x00007ffb065a8000 	C:\Windows\SYSTEM32\ncrypt.dll
0x00007ffb06540000 - 0x00007ffb0657b000 	C:\Windows\SYSTEM32\NTASN1.dll
0x00007ffb008a0000 - 0x00007ffb008aa000 	C:\Windows\System32\rasadhlp.dll
0x00007ffb01e60000 - 0x00007ffb01ee2000 	C:\Windows\System32\fwpuclnt.dll

dbghelp: loaded successfully - version: 4.0.5 - missing functions: none
symbol engine: initialized successfully - sym options: 0x614 - pdb path: .;c:\Users\palaro11339\.vscode\extensions\redhat.java-1.16.0-win32-x64\jre\17.0.6-win32-x86_64\bin;C:\Windows\SYSTEM32;C:\Windows\WinSxS\amd64_microsoft.windows.common-controls_6595b64144ccf1df_6.0.19041.1110_none_60b5254171f9507e;c:\Users\palaro11339\.vscode\extensions\redhat.java-1.16.0-win32-x64\jre\17.0.6-win32-x86_64\bin\server;C:\Users\palaro11339\AppData\Roaming\Code\User\globalStorage\redhat.java\1.16.0\config_win\org.eclipse.equinox.launcher\org.eclipse.equinox.launcher.win32.win32.x86_64_1.2.700.v20221108-1024;C:\Users\palaro11339\AppData\Local\Temp\jna--338902602

VM Arguments:
jvm_args: --add-modules=ALL-SYSTEM --add-opens=java.base/java.util=ALL-UNNAMED --add-opens=java.base/java.lang=ALL-UNNAMED --add-opens=java.base/sun.nio.fs=ALL-UNNAMED -Declipse.application=org.eclipse.jdt.ls.core.id1 -Dosgi.bundles.defaultStartLevel=4 -Declipse.product=org.eclipse.jdt.ls.core.product -Djava.import.generatesMetadataFilesAtProjectRoot=false -Dfile.encoding=utf8 -XX:+UseParallelGC -XX:GCTimeRatio=4 -XX:AdaptiveSizePolicyWeight=90 -Dsun.zip.disableMemoryMapping=true -Xmx1G -Xms100m -Xlog:disable -javaagent:c:\Users\palaro11339\.vscode\extensions\redhat.java-1.16.0-win32-x64\lombok\lombok-1.18.24.jar -XX:+HeapDumpOnOutOfMemoryError -XX:HeapDumpPath=c:\Users\palaro11339\AppData\Roaming\Code\User\workspaceStorage\6632fb5c7706a2ba695091abe810d2e2\redhat.java 
java_command: c:\Users\palaro11339\.vscode\extensions\redhat.java-1.16.0-win32-x64\server\plugins\org.eclipse.equinox.launcher_1.6.400.v20210924-0641.jar -configuration c:\Users\palaro11339\AppData\Roaming\Code\User\globalStorage\redhat.java\1.16.0\config_win -data c:\Users\palaro11339\AppData\Roaming\Code\User\workspaceStorage\6632fb5c7706a2ba695091abe810d2e2\redhat.java\jdt_ws
java_class_path (initial): c:\Users\palaro11339\.vscode\extensions\redhat.java-1.16.0-win32-x64\server\plugins\org.eclipse.equinox.launcher_1.6.400.v20210924-0641.jar
Launcher Type: SUN_STANDARD

[Global flags]
    uintx AdaptiveSizePolicyWeight                 = 90                                        {product} {command line}
     intx CICompilerCount                          = 3                                         {product} {ergonomic}
    uintx GCTimeRatio                              = 4                                         {product} {command line}
     bool HeapDumpOnOutOfMemoryError               = true                                   {manageable} {command line}
    ccstr HeapDumpPath                             = c:\Users\palaro11339\AppData\Roaming\Code\User\workspaceStorage\6632fb5c7706a2ba695091abe810d2e2\redhat.java         {manageable} {command line}
   size_t InitialHeapSize                          = 104857600                                 {product} {command line}
   size_t MaxHeapSize                              = 1073741824                                {product} {command line}
   size_t MaxNewSize                               = 357564416                                 {product} {ergonomic}
   size_t MinHeapDeltaBytes                        = 524288                                    {product} {ergonomic}
   size_t MinHeapSize                              = 104857600                                 {product} {command line}
   size_t NewSize                                  = 34603008                                  {product} {ergonomic}
    uintx NonNMethodCodeHeapSize                   = 5832780                                {pd product} {ergonomic}
    uintx NonProfiledCodeHeapSize                  = 122912730                              {pd product} {ergonomic}
   size_t OldSize                                  = 70254592                                  {product} {ergonomic}
    uintx ProfiledCodeHeapSize                     = 122912730                              {pd product} {ergonomic}
    uintx ReservedCodeCacheSize                    = 251658240                              {pd product} {ergonomic}
     bool SegmentedCodeCache                       = true                                      {product} {ergonomic}
   size_t SoftMaxHeapSize                          = 1073741824                             {manageable} {ergonomic}
     bool UseCompressedClassPointers               = true                           {product lp64_product} {ergonomic}
     bool UseCompressedOops                        = true                           {product lp64_product} {ergonomic}
     bool UseLargePagesIndividualAllocation        = false                                  {pd product} {ergonomic}
     bool UseParallelGC                            = true                                      {product} {command line}

Logging:
Log output configuration:
 #0: stdout all=off uptime,level,tags
 #1: stderr all=off uptime,level,tags

Environment Variables:
JAVA_HOME=C:\Program Files\Java\jdk-16.0.1
PATH=C:\Program Files\Common Files\Oracle\Java\javapath;C:\Windows\system32;C:\Windows;C:\Windows\System32\Wbem;C:\Windows\System32\WindowsPowerShell\v1.0\;C:\Windows\System32\OpenSSH\;C:\Program Files (x86)\Intel\Intel(R) Management Engine Components\DAL;C:\Program Files\Intel\Intel(R) Management Engine Components\DAL;C:\Program Files\Java\jdk-16.0.1\bin;C:\legacy\MinGW\bin;C:\Program Files\Git\cmd;C:\Program Files\Microsoft VS Code\bin;C:\Users\palaro11339\AppData\Local\Microsoft\WindowsApps;
USERNAME=palaro11339
OS=Windows_NT
PROCESSOR_IDENTIFIER=Intel64 Family 6 Model 158 Stepping 9, GenuineIntel
TMP=C:\Users\PALARO~1\AppData\Local\Temp
TEMP=C:\Users\PALARO~1\AppData\Local\Temp



---------------  S Y S T E M  ---------------

OS:
 Windows 10 , 64 bit Build 19041 (10.0.19041.3393)
OS uptime: 0 days 0:37 hours

CPU: total 4 (initial active 4) (4 cores per cpu, 1 threads per core) family 6 model 158 stepping 9 microcode 0xb4, cx8, cmov, fxsr, mmx, 3dnowpref, sse, sse2, sse3, ssse3, sse4.1, sse4.2, popcnt, lzcnt, tsc, tscinvbit, avx, avx2, aes, erms, clmul, bmi1, bmi2, rtm, adx, fma, vzeroupper, clflush, clflushopt

Memory: 4k page, system-wide physical 16336M (11472M free)
TotalPageFile size 18768M (AvailPageFile size 11575M)
current process WorkingSet (physical memory assigned to process): 370M, peak: 375M
current process commit charge ("private bytes"): 392M, peak: 425M

vm_info: OpenJDK 64-Bit Server VM (17.0.6+10) for windows-amd64 JRE (17.0.6+10), built on Jan 18 2023 10:08:59 by "temurin" with MS VC++ 16.7 (VS2019)

END.
