#
# A fatal error has been detected by the Java Runtime Environment:
#
#  EXCEPTION_ACCESS_VIOLATION (0xc0000005) at pc=0x00007ffbb79f9f53, pid=1544, tid=3760
#
# JRE version: OpenJDK Runtime Environment Temurin-17.0.6+10 (17.0.6+10) (build 17.0.6+10)
# Java VM: OpenJDK 64-Bit Server VM Temurin-17.0.6+10 (17.0.6+10, mixed mode, tiered, compressed oops, compressed class ptrs, parallel gc, windows-amd64)
# Problematic frame:
# V  [jvm.dll+0x79f53]
#
# No core dump will be written. Minidumps are not enabled by default on client versions of Windows
#
# If you would like to submit a bug report, please visit:
#   https://github.com/adoptium/adoptium-support/issues
#

---------------  S U M M A R Y ------------

Command Line: --add-modules=ALL-SYSTEM --add-opens=java.base/java.util=ALL-UNNAMED --add-opens=java.base/java.lang=ALL-UNNAMED --add-opens=java.base/sun.nio.fs=ALL-UNNAMED -Declipse.application=org.eclipse.jdt.ls.core.id1 -Dosgi.bundles.defaultStartLevel=4 -Declipse.product=org.eclipse.jdt.ls.core.product -Djava.import.generatesMetadataFilesAtProjectRoot=false -Dfile.encoding=utf8 -XX:+UseParallelGC -XX:GCTimeRatio=4 -XX:AdaptiveSizePolicyWeight=90 -Dsun.zip.disableMemoryMapping=true -Xmx1G -Xms100m -Xlog:disable -javaagent:c:\Users\palaro11339\.vscode\extensions\redhat.java-1.16.0-win32-x64\lombok\lombok-1.18.24.jar -XX:+HeapDumpOnOutOfMemoryError -XX:HeapDumpPath=c:\Users\palaro11339\AppData\Roaming\Code\User\workspaceStorage\6632fb5c7706a2ba695091abe810d2e2\redhat.java c:\Users\palaro11339\.vscode\extensions\redhat.java-1.16.0-win32-x64\server\plugins\org.eclipse.equinox.launcher_1.6.400.v20210924-0641.jar -configuration c:\Users\palaro11339\AppData\Roaming\Code\User\globalStorage\redhat.java\1.16.0\config_win -data c:\Users\palaro11339\AppData\Roaming\Code\User\workspaceStorage\6632fb5c7706a2ba695091abe810d2e2\redhat.java\jdt_ws

Host: Intel(R) Core(TM) i5-7500 CPU @ 3.40GHz, 4 cores, 15G,  Windows 10 , 64 bit Build 19041 (10.0.19041.3570)
Time: Mon Nov 20 11:16:04 2023 ora solare Europa occidentale elapsed time: 4100.800150 seconds (0d 1h 8m 20s)

---------------  T H R E A D  ---------------

Current thread (0x0000018dc03ee730):  JavaThread "C2 CompilerThread0" daemon [_thread_in_native, id=3760, stack(0x00000004e2400000,0x00000004e2500000)]


Current CompileTask:
C2:4100800 11128       4       org.eclipse.jdt.internal.core.builder.SourceFile::getMainTypeName (24 bytes)

Stack: [0x00000004e2400000,0x00000004e2500000],  sp=0x00000004e24fa610,  free space=1001k
Native frames: (J=compiled Java code, j=interpreted, Vv=VM code, C=native code)
V  [jvm.dll+0x79f53]
V  [jvm.dll+0x69d56d]
V  [jvm.dll+0x573d67]
V  [jvm.dll+0x5773a3]
V  [jvm.dll+0x576afd]
V  [jvm.dll+0x576b69]
V  [jvm.dll+0x57e6fd]
V  [jvm.dll+0x220812]
V  [jvm.dll+0x220bef]
V  [jvm.dll+0x21a445]
V  [jvm.dll+0x21790b]
V  [jvm.dll+0x1a3d0d]
V  [jvm.dll+0x22742a]
V  [jvm.dll+0x225565]
V  [jvm.dll+0x7ea2cb]
V  [jvm.dll+0x7e483a]
V  [jvm.dll+0x6762c5]
C  [ucrtbase.dll+0x21bb2]
C  [KERNEL32.DLL+0x17344]
C  [ntdll.dll+0x526b1]


siginfo: EXCEPTION_ACCESS_VIOLATION (0xc0000005), reading address 0x000001adc55998a8


Register to memory mapping:

RIP=0x00007ffbb79f9f53 jvm.dll
RAX=0x0000018dc558ed48 points into unknown readable memory: 0x0000000000000000 | 00 00 00 00 00 00 00 00
RBX=0x0000018dc8ec19e8 points into unknown readable memory: 0x00007ffbb82bdc18 | 18 dc 2b b8 fb 7f 00 00
RCX=0x000001adc5599898 is an unknown value
RDX=0x0000000000000001 is an unknown value
RSP=0x00000004e24fa610 is pointing into the stack for thread: 0x0000018dc03ee730
RBP=0x00000004e24faba0 is pointing into the stack for thread: 0x0000018dc03ee730
RSI=0x0000018dc223d850 points into unknown readable memory: 0x00007ffbb82be5e8 | e8 e5 2b b8 fb 7f 00 00
RDI=0x0000018dc558ed10 points into unknown readable memory: 0x00007ffbb82de4c8 | c8 e4 2d b8 fb 7f 00 00
R8 =0x0000018dc8ec19e8 points into unknown readable memory: 0x00007ffbb82bdc18 | 18 dc 2b b8 fb 7f 00 00
R9 =0x0000018dc558ed50 points into unknown readable memory: 0x0000018dc5599898 | 98 98 59 c5 8d 01 00 00
R10=0x0000000000000001 is an unknown value
R11=0x0000018dc8ec1a28 points into unknown readable memory: 0x0000018dc223d850 | 50 d8 23 c2 8d 01 00 00
R12=0x00000004e24fa850 is pointing into the stack for thread: 0x0000018dc03ee730
R13=0x0000018dc581a508 points into unknown readable memory: 0x00007ffbb8315b70 | 70 5b 31 b8 fb 7f 00 00
R14=0x0000018dc5591c48 points into unknown readable memory: 0x00007ffbb83158a0 | a0 58 31 b8 fb 7f 00 00
R15=0x0000018dc8ec19e8 points into unknown readable memory: 0x00007ffbb82bdc18 | 18 dc 2b b8 fb 7f 00 00


Registers:
RAX=0x0000018dc558ed48, RBX=0x0000018dc8ec19e8, RCX=0x000001adc5599898, RDX=0x0000000000000001
RSP=0x00000004e24fa610, RBP=0x00000004e24faba0, RSI=0x0000018dc223d850, RDI=0x0000018dc558ed10
R8 =0x0000018dc8ec19e8, R9 =0x0000018dc558ed50, R10=0x0000000000000001, R11=0x0000018dc8ec1a28
R12=0x00000004e24fa850, R13=0x0000018dc581a508, R14=0x0000018dc5591c48, R15=0x0000018dc8ec19e8
RIP=0x00007ffbb79f9f53, EFLAGS=0x0000000000010202

Top of Stack: (sp=0x00000004e24fa610)
0x00000004e24fa610:   0000018dc8ec19e8 0000000000000000
0x00000004e24fa620:   0000018dc1ffa468 00000004e24fbc70
0x00000004e24fa630:   00000004e24fbc70 00007ffbb801d56d
0x00000004e24fa640:   000001adc5599898 0000018dc8ec19e8
0x00000004e24fa650:   00000004e24faba0 00000004e24faba0
0x00000004e24fa660:   0000018dc558ed10 00007ffbb7ef3d67
0x00000004e24fa670:   00000004e24fbc70 00000004e24faba0
0x00000004e24fa680:   0000018dc223d850 0000018dc558ed10
0x00000004e24fa690:   0000000000000001 0000000000000000
0x00000004e24fa6a0:   0000018dc581a508 0000018dc5591520
0x00000004e24fa6b0:   0000018dc5590ec0 0000018dc0408dd0
0x00000004e24fa6c0:   0000018dc558ed10 0000018dffffffff
0x00000004e24fa6d0:   0000018dc581a448 0000018dc6dd7cb0
0x00000004e24fa6e0:   00000004e24fa850 0000000000000000
0x00000004e24fa6f0:   0000018dc5591c48 0000000000000046
0x00000004e24fa700:   000000000000001d 0000018dc363e560 

Instructions: (pc=0x00007ffbb79f9f53)
0x00007ffbb79f9e53:   00 00 c3 cc cc cc cc cc cc cc cc cc cc b8 4f 02
0x00007ffbb79f9e63:   00 00 c3 cc cc cc cc cc cc cc cc cc cc b8 a8 03
0x00007ffbb79f9e73:   00 00 c3 cc cc cc cc cc cc cc cc cc cc b8 aa 03
0x00007ffbb79f9e83:   00 00 c3 cc cc cc cc cc cc cc cc cc cc b8 5c 02
0x00007ffbb79f9e93:   00 00 c3 cc cc cc cc cc cc cc cc cc cc b8 55 02
0x00007ffbb79f9ea3:   00 00 c3 cc cc cc cc cc cc cc cc cc cc b8 58 02
0x00007ffbb79f9eb3:   00 00 c3 cc cc cc cc cc cc cc cc cc cc b8 8b 01
0x00007ffbb79f9ec3:   00 00 c3 cc cc cc cc cc cc cc cc cc cc b8 c5 02
0x00007ffbb79f9ed3:   00 00 c3 cc cc cc cc cc cc cc cc cc cc b8 b5 02
0x00007ffbb79f9ee3:   00 00 c3 cc cc cc cc cc cc cc cc cc cc b8 c6 02
0x00007ffbb79f9ef3:   00 00 c3 cc cc cc cc cc cc cc cc cc cc b8 c8 02
0x00007ffbb79f9f03:   00 00 c3 cc cc cc cc cc cc cc cc cc cc b8 c7 02
0x00007ffbb79f9f13:   00 00 c3 cc cc cc cc cc cc cc cc cc cc b8 a9 02
0x00007ffbb79f9f23:   00 00 c3 cc cc cc cc cc cc cc cc cc cc 48 89 5c
0x00007ffbb79f9f33:   24 08 57 48 83 ec 20 48 8b 41 08 48 8b f9 8b d2
0x00007ffbb79f9f43:   49 8b d8 48 8b 0c d0 4c 8d 0c d0 48 85 c9 74 26
0x00007ffbb79f9f53:   4c 8b 41 10 4d 85 c0 74 1d 8b 41 20 49 8d 14 c0
0x00007ffbb79f9f63:   48 39 7a f8 48 8d 52 f8 75 f6 ff c8 89 41 20 49
0x00007ffbb79f9f73:   8b 0c c0 48 89 0a 49 89 19 48 85 db 74 29 48 8b
0x00007ffbb79f9f83:   4b 10 48 85 c9 74 20 8b 43 20 3b 43 24 75 11 8b
0x00007ffbb79f9f93:   d0 48 8b cb e8 84 b9 5d 00 8b 43 20 48 8b 4b 10
0x00007ffbb79f9fa3:   48 89 3c c1 ff 43 20 8b 0d 48 f5 b2 00 65 48 8b
0x00007ffbb79f9fb3:   04 25 58 00 00 00 ba 50 00 00 00 48 8b 04 c8 80
0x00007ffbb79f9fc3:   3c 02 00 75 05 e8 b3 52 81 00 48 8b 5c 24 30 48
0x00007ffbb79f9fd3:   83 c4 20 5f c3 cc cc cc cc cc cc cc cc b8 a8 00
0x00007ffbb79f9fe3:   00 00 c3 cc cc cc cc cc cc cc cc cc cc 40 53 48
0x00007ffbb79f9ff3:   83 ec 20 48 8b d9 e8 92 02 00 00 48 8d 05 93 ad
0x00007ffbb79fa003:   86 00 c6 83 98 00 00 00 00 48 89 03 48 8d 83 a8
0x00007ffbb79fa013:   00 00 00 48 89 43 40 48 8b c3 c7 43 2c be 00 00
0x00007ffbb79fa023:   00 c7 43 3c 02 00 00 00 48 83 c4 20 5b c3 cc cc
0x00007ffbb79fa033:   cc cc cc cc cc cc cc cc cc cc cc cc cc 40 53 48
0x00007ffbb79fa043:   83 ec 20 48 8b d9 e8 42 02 00 00 48 8d 05 3b b0 


Stack slot to memory mapping:
stack at sp + 0 slots: 0x0000018dc8ec19e8 points into unknown readable memory: 0x00007ffbb82bdc18 | 18 dc 2b b8 fb 7f 00 00
stack at sp + 1 slots: 0x0 is NULL
stack at sp + 2 slots: 0x0000018dc1ffa468 points into unknown readable memory: 0x00007ffbb83493f8 | f8 93 34 b8 fb 7f 00 00
stack at sp + 3 slots: 0x00000004e24fbc70 is pointing into the stack for thread: 0x0000018dc03ee730
stack at sp + 4 slots: 0x00000004e24fbc70 is pointing into the stack for thread: 0x0000018dc03ee730
stack at sp + 5 slots: 0x00007ffbb801d56d jvm.dll
stack at sp + 6 slots: 0x000001adc5599898 is an unknown value
stack at sp + 7 slots: 0x0000018dc8ec19e8 points into unknown readable memory: 0x00007ffbb82bdc18 | 18 dc 2b b8 fb 7f 00 00


---------------  P R O C E S S  ---------------

Threads class SMR info:
_java_thread_list=0x0000018dc2395c90, length=30, elements={
0x0000018dac59a3c0, 0x0000018dc03bb760, 0x0000018dc03bceb0, 0x0000018dc03e7180,
0x0000018dc03e7ff0, 0x0000018dc03ead70, 0x0000018dc03ecb30, 0x0000018dc03ee730,
0x0000018dc1e2b7b0, 0x0000018dc042eaf0, 0x0000018dc1efa610, 0x0000018dc20a9fc0,
0x0000018dc27bfce0, 0x0000018dc29f9560, 0x0000018dc29f9a30, 0x0000018dc389c530,
0x0000018dc34965d0, 0x0000018dc34d98a0, 0x0000018dc34d93d0, 0x0000018dc34d8a30,
0x0000018dc34d8090, 0x0000018dc34d8560, 0x0000018dc34d8f00, 0x0000018dc62347a0,
0x0000018dc6234c70, 0x0000018dc623a310, 0x0000018dc6235140, 0x0000018dc6233460,
0x0000018dc6236480, 0x0000018dc6391e70
}

Java Threads: ( => current thread )
  0x0000018dac59a3c0 JavaThread "main" [_thread_blocked, id=3736, stack(0x00000004e1b00000,0x00000004e1c00000)]
  0x0000018dc03bb760 JavaThread "Reference Handler" daemon [_thread_blocked, id=11528, stack(0x00000004e1e00000,0x00000004e1f00000)]
  0x0000018dc03bceb0 JavaThread "Finalizer" daemon [_thread_blocked, id=11596, stack(0x00000004e1f00000,0x00000004e2000000)]
  0x0000018dc03e7180 JavaThread "Signal Dispatcher" daemon [_thread_blocked, id=3752, stack(0x00000004e2000000,0x00000004e2100000)]
  0x0000018dc03e7ff0 JavaThread "Attach Listener" daemon [_thread_blocked, id=4320, stack(0x00000004e2100000,0x00000004e2200000)]
  0x0000018dc03ead70 JavaThread "Service Thread" daemon [_thread_blocked, id=3768, stack(0x00000004e2200000,0x00000004e2300000)]
  0x0000018dc03ecb30 JavaThread "Monitor Deflation Thread" daemon [_thread_blocked, id=3852, stack(0x00000004e2300000,0x00000004e2400000)]
=>0x0000018dc03ee730 JavaThread "C2 CompilerThread0" daemon [_thread_in_native, id=3760, stack(0x00000004e2400000,0x00000004e2500000)]
  0x0000018dc1e2b7b0 JavaThread "C1 CompilerThread0" daemon [_thread_blocked, id=11484, stack(0x00000004e2500000,0x00000004e2600000)]
  0x0000018dc042eaf0 JavaThread "Sweeper thread" daemon [_thread_blocked, id=11488, stack(0x00000004e2600000,0x00000004e2700000)]
  0x0000018dc1efa610 JavaThread "Common-Cleaner" daemon [_thread_blocked, id=10524, stack(0x00000004e2700000,0x00000004e2800000)]
  0x0000018dc20a9fc0 JavaThread "Notification Thread" daemon [_thread_blocked, id=11504, stack(0x00000004e2800000,0x00000004e2900000)]
  0x0000018dc27bfce0 JavaThread "Active Thread: Equinox Container: 3ae60130-908f-4653-b39b-6e67939f4b6d" [_thread_blocked, id=4304, stack(0x00000004e2e00000,0x00000004e2f00000)]
  0x0000018dc29f9560 JavaThread "Framework Event Dispatcher: Equinox Container: 3ae60130-908f-4653-b39b-6e67939f4b6d" daemon [_thread_blocked, id=11316, stack(0x00000004e2f00000,0x00000004e3000000)]
  0x0000018dc29f9a30 JavaThread "Start Level: Equinox Container: 3ae60130-908f-4653-b39b-6e67939f4b6d" daemon [_thread_blocked, id=1552, stack(0x00000004e3000000,0x00000004e3100000)]
  0x0000018dc389c530 JavaThread "SCR Component Actor" daemon [_thread_blocked, id=11932, stack(0x00000004e3100000,0x00000004e3200000)]
  0x0000018dc34965d0 JavaThread "Worker-JM" [_thread_blocked, id=12048, stack(0x00000004e3300000,0x00000004e3400000)]
  0x0000018dc34d98a0 JavaThread "Worker-1" [_thread_blocked, id=11948, stack(0x00000004e3500000,0x00000004e3600000)]
  0x0000018dc34d93d0 JavaThread "Java indexing" daemon [_thread_blocked, id=11916, stack(0x00000004e3600000,0x00000004e3700000)]
  0x0000018dc34d8a30 JavaThread "JNA Cleaner" daemon [_thread_blocked, id=12064, stack(0x00000004e3700000,0x00000004e3800000)]
  0x0000018dc34d8090 JavaThread "pool-2-thread-1" [_thread_blocked, id=12004, stack(0x00000004e3a00000,0x00000004e3b00000)]
  0x0000018dc34d8560 JavaThread "pool-1-thread-1" [_thread_in_native, id=11972, stack(0x00000004e3b00000,0x00000004e3c00000)]
  0x0000018dc34d8f00 JavaThread "Worker-2" [_thread_blocked, id=11984, stack(0x00000004e3c00000,0x00000004e3d00000)]
  0x0000018dc62347a0 JavaThread "Bundle File Closer" daemon [_thread_blocked, id=11892, stack(0x00000004e4500000,0x00000004e4600000)]
  0x0000018dc6234c70 JavaThread "ForkJoinPool.commonPool-worker-4" daemon [_thread_blocked, id=6148, stack(0x00000004e1900000,0x00000004e1a00000)]
  0x0000018dc623a310 JavaThread "ForkJoinPool.commonPool-worker-5" daemon [_thread_blocked, id=7716, stack(0x00000004e2a00000,0x00000004e2b00000)]
  0x0000018dc6235140 JavaThread "ForkJoinPool.commonPool-worker-6" daemon [_thread_blocked, id=5532, stack(0x00000004e1a00000,0x00000004e1b00000)]
  0x0000018dc6233460 JavaThread "Worker-4" [_thread_blocked, id=1664, stack(0x00000004e3200000,0x00000004e3300000)]
  0x0000018dc6236480 JavaThread "Worker-5" [_thread_blocked, id=680, stack(0x00000004e3800000,0x00000004e3900000)]
  0x0000018dc6391e70 JavaThread "C2 CompilerThread1" daemon [_thread_blocked, id=10128, stack(0x00000004e3400000,0x00000004e3500000)]

Other Threads:
  0x0000018dc03a4c10 VMThread "VM Thread" [stack: 0x00000004e1d00000,0x00000004e1e00000] [id=11536]
  0x0000018dc20aa490 WatcherThread [stack: 0x00000004e2900000,0x00000004e2a00000] [id=11280]
  0x0000018dac5af840 GCTaskThread "GC Thread#0" [stack: 0x00000004e1c00000,0x00000004e1d00000] [id=3820]
  0x0000018dc28d0f50 GCTaskThread "GC Thread#1" [stack: 0x00000004e2b00000,0x00000004e2c00000] [id=11628]
  0x0000018dc26dc450 GCTaskThread "GC Thread#2" [stack: 0x00000004e2c00000,0x00000004e2d00000] [id=1564]
  0x0000018dc22b1bd0 GCTaskThread "GC Thread#3" [stack: 0x00000004e2d00000,0x00000004e2e00000] [id=11428]

Threads with active compile tasks:
C2 CompilerThread0  4100886 11128       4       org.eclipse.jdt.internal.core.builder.SourceFile::getMainTypeName (24 bytes)

VM state: not at safepoint (normal execution)

VM Mutex/Monitor currently owned by a thread: None

Heap address: 0x00000000c0000000, size: 1024 MB, Compressed Oops mode: 32-bit

CDS archive(s) not mapped
Compressed class space mapped at: 0x0000000100000000-0x0000000140000000, reserved size: 1073741824
Narrow klass base: 0x0000000000000000, Narrow klass shift: 3, Narrow klass range: 0x140000000

GC Precious Log:
 CPUs: 4 total, 4 available
 Memory: 16336M
 Large Page Support: Disabled
 NUMA Support: Disabled
 Compressed Oops: Enabled (32-bit)
 Alignments: Space 512K, Generation 512K, Heap 2M
 Heap Min Capacity: 100M
 Heap Initial Capacity: 100M
 Heap Max Capacity: 1G
 Pre-touch: Disabled
 Parallel Workers: 4

Heap:
 PSYoungGen      total 31744K, used 19485K [0x00000000eab00000, 0x00000000ed900000, 0x0000000100000000)
  eden space 29184K, 59% used [0x00000000eab00000,0x00000000ebbe1730,0x00000000ec780000)
  from space 2560K, 85% used [0x00000000ed680000,0x00000000ed8a6028,0x00000000ed900000)
  to   space 2560K, 0% used [0x00000000ed400000,0x00000000ed400000,0x00000000ed680000)
 ParOldGen       total 389120K, used 362173K [0x00000000c0000000, 0x00000000d7c00000, 0x00000000eab00000)
  object space 389120K, 93% used [0x00000000c0000000,0x00000000d61af568,0x00000000d7c00000)
 Metaspace       used 69825K, committed 70784K, reserved 1114112K
  class space    used 7150K, committed 7616K, reserved 1048576K

Card table byte_map: [0x0000018dabf80000,0x0000018dac190000] _byte_map_base: 0x0000018dab980000

Marking Bits: (ParMarkBitMap*) 0x00007ffbb8503e70
 Begin Bits: [0x0000018dbe230000, 0x0000018dbf230000)
 End Bits:   [0x0000018dbf230000, 0x0000018dc0230000)

Polling page: 0x0000018dabd70000

Metaspace:

Usage:
  Non-class:     61.21 MB used.
      Class:      6.98 MB used.
       Both:     68.19 MB used.

Virtual space:
  Non-class space:       64.00 MB reserved,      61.69 MB ( 96%) committed,  8 nodes.
      Class space:        1.00 GB reserved,       7.44 MB ( <1%) committed,  1 nodes.
             Both:        1.06 GB reserved,      69.12 MB (  6%) committed. 

Chunk freelists:
   Non-Class:  1.97 MB
       Class:  618.00 KB
        Both:  2.57 MB

MaxMetaspaceSize: unlimited
CompressedClassSpaceSize: 1.00 GB
Initial GC threshold: 21.00 MB
Current GC threshold: 110.94 MB
CDS: off
MetaspaceReclaimPolicy: balanced
 - commit_granule_bytes: 65536.
 - commit_granule_words: 8192.
 - virtual_space_node_default_size: 1048576.
 - enlarge_chunks_in_place: 1.
 - new_chunks_are_fully_committed: 0.
 - uncommit_free_chunks: 1.
 - use_allocation_guard: 0.
 - handle_deallocations: 1.


Internal statistics:

num_allocs_failed_limit: 9.
num_arena_births: 564.
num_arena_deaths: 90.
num_vsnodes_births: 9.
num_vsnodes_deaths: 0.
num_space_committed: 1106.
num_space_uncommitted: 0.
num_chunks_returned_to_freelist: 121.
num_chunks_taken_from_freelist: 3322.
num_chunk_merges: 43.
num_chunk_splits: 2119.
num_chunks_enlarged: 1316.
num_purges: 4.
num_inconsistent_stats: 0.

CodeHeap 'non-profiled nmethods': size=120000Kb used=8527Kb max_used=8527Kb free=111472Kb
 bounds [0x0000018db6d00000, 0x0000018db7560000, 0x0000018dbe230000]
CodeHeap 'profiled nmethods': size=120000Kb used=20884Kb max_used=20884Kb free=99115Kb
 bounds [0x0000018daf230000, 0x0000018db06a0000, 0x0000018db6760000]
CodeHeap 'non-nmethods': size=5760Kb used=1365Kb max_used=1509Kb free=4394Kb
 bounds [0x0000018db6760000, 0x0000018db69d0000, 0x0000018db6d00000]
 total_blobs=10161 nmethods=9449 adapters=625
 compilation: enabled
              stopped_count=0, restarted_count=0
 full_count=0

Compilation events (20 events):
Event: 4100.614 Thread 0x0000018dc03ee730 nmethod 11118 0x0000018db7549e90 code [0x0000018db754a000, 0x0000018db754a0b8]
Event: 4100.617 Thread 0x0000018dc03ee730 11119       4       java.lang.String::encodeASCII (151 bytes)
Event: 4100.618 Thread 0x0000018dc1e2b7b0 11120       3       org.eclipse.core.internal.jobs.JobManager::endJob (76 bytes)
Event: 4100.618 Thread 0x0000018dc1e2b7b0 nmethod 11120 0x0000018db067a010 code [0x0000018db067a280, 0x0000018db067ad38]
Event: 4100.620 Thread 0x0000018dc03ee730 nmethod 11119 0x0000018db754a190 code [0x0000018db754a320, 0x0000018db754a598]
Event: 4100.621 Thread 0x0000018dc1e2b7b0 11121       3       org.eclipse.jdt.core.Signature::createTypeSignature (13 bytes)
Event: 4100.621 Thread 0x0000018dc1e2b7b0 nmethod 11121 0x0000018db067b190 code [0x0000018db067b340, 0x0000018db067b4f8]
Event: 4100.621 Thread 0x0000018dc1e2b7b0 11122       3       org.eclipse.jdt.internal.core.JavaElementDelta::getAncestors (60 bytes)
Event: 4100.621 Thread 0x0000018dc03ee730 11125 %     4       org.eclipse.jdt.internal.core.index.DiskIndex::mergeCategory @ 251 (301 bytes)
Event: 4100.622 Thread 0x0000018dc1e2b7b0 nmethod 11122 0x0000018db067b610 code [0x0000018db067b860, 0x0000018db067c5a8]
Event: 4100.622 Thread 0x0000018dc1e2b7b0 11123       3       java.util.ArrayList::trimToSize (51 bytes)
Event: 4100.622 Thread 0x0000018dc1e2b7b0 nmethod 11123 0x0000018db067ca10 code [0x0000018db067cbc0, 0x0000018db067ce68]
Event: 4100.622 Thread 0x0000018dc1e2b7b0 11124       3       org.eclipse.core.runtime.NullProgressMonitor::beginTask (1 bytes)
Event: 4100.622 Thread 0x0000018dc1e2b7b0 nmethod 11124 0x0000018db067cf90 code [0x0000018db067d120, 0x0000018db067d238]
Event: 4100.653 Thread 0x0000018dc03ee730 nmethod 11125% 0x0000018db754a710 code [0x0000018db754a960, 0x0000018db754c450]
Event: 4100.665 Thread 0x0000018dc03ee730 11126 %     4       org.eclipse.jdt.internal.core.index.DiskIndex::mergeCategory @ 66 (301 bytes)
Event: 4100.692 Thread 0x0000018dc03ee730 nmethod 11126% 0x0000018db754d390 code [0x0000018db754d5e0, 0x0000018db754f050]
Event: 4100.770 Thread 0x0000018dc03ee730 11127       4       org.eclipse.jdt.internal.core.JavaProject::getPerProjectInfo (11 bytes)
Event: 4100.773 Thread 0x0000018dc03ee730 nmethod 11127 0x0000018db754fe10 code [0x0000018db754ffa0, 0x0000018db7550088]
Event: 4100.777 Thread 0x0000018dc03ee730 11128       4       org.eclipse.jdt.internal.core.builder.SourceFile::getMainTypeName (24 bytes)

GC Heap History (20 events):
Event: 4083.045 GC heap before
{Heap before GC invocations=247 (full 13):
 PSYoungGen      total 43520K, used 43308K [0x00000000eab00000, 0x00000000eee00000, 0x0000000100000000)
  eden space 20992K, 100% used [0x00000000eab00000,0x00000000ebf80000,0x00000000ebf80000)
  from space 22528K, 99% used [0x00000000ed800000,0x00000000eedcb268,0x00000000eee00000)
  to   space 23040K, 0% used [0x00000000ec100000,0x00000000ec100000,0x00000000ed780000)
 ParOldGen       total 389120K, used 326251K [0x00000000c0000000, 0x00000000d7c00000, 0x00000000eab00000)
  object space 389120K, 83% used [0x00000000c0000000,0x00000000d3e9ae40,0x00000000d7c00000)
 Metaspace       used 67252K, committed 68288K, reserved 1114112K
  class space    used 6973K, committed 7488K, reserved 1048576K
}
Event: 4083.061 GC heap after
{Heap after GC invocations=247 (full 13):
 PSYoungGen      total 45568K, used 23038K [0x00000000eab00000, 0x00000000f0400000, 0x0000000100000000)
  eden space 22528K, 0% used [0x00000000eab00000,0x00000000eab00000,0x00000000ec100000)
  from space 23040K, 99% used [0x00000000ec100000,0x00000000ed77f8b0,0x00000000ed780000)
  to   space 34304K, 0% used [0x00000000ee280000,0x00000000ee280000,0x00000000f0400000)
 ParOldGen       total 389120K, used 335691K [0x00000000c0000000, 0x00000000d7c00000, 0x00000000eab00000)
  object space 389120K, 86% used [0x00000000c0000000,0x00000000d47d2c10,0x00000000d7c00000)
 Metaspace       used 67252K, committed 68288K, reserved 1114112K
  class space    used 6973K, committed 7488K, reserved 1048576K
}
Event: 4083.149 GC heap before
{Heap before GC invocations=248 (full 13):
 PSYoungGen      total 45568K, used 45566K [0x00000000eab00000, 0x00000000f0400000, 0x0000000100000000)
  eden space 22528K, 100% used [0x00000000eab00000,0x00000000ec100000,0x00000000ec100000)
  from space 23040K, 99% used [0x00000000ec100000,0x00000000ed77f8b0,0x00000000ed780000)
  to   space 34304K, 0% used [0x00000000ee280000,0x00000000ee280000,0x00000000f0400000)
 ParOldGen       total 389120K, used 335691K [0x00000000c0000000, 0x00000000d7c00000, 0x00000000eab00000)
  object space 389120K, 86% used [0x00000000c0000000,0x00000000d47d2c10,0x00000000d7c00000)
 Metaspace       used 67257K, committed 68288K, reserved 1114112K
  class space    used 6973K, committed 7488K, reserved 1048576K
}
Event: 4083.163 GC heap after
{Heap after GC invocations=248 (full 13):
 PSYoungGen      total 46592K, used 22314K [0x00000000eab00000, 0x00000000ef880000, 0x0000000100000000)
  eden space 24064K, 0% used [0x00000000eab00000,0x00000000eab00000,0x00000000ec280000)
  from space 22528K, 99% used [0x00000000ee280000,0x00000000ef84abb8,0x00000000ef880000)
  to   space 26112K, 0% used [0x00000000ec580000,0x00000000ec580000,0x00000000edf00000)
 ParOldGen       total 389120K, used 346923K [0x00000000c0000000, 0x00000000d7c00000, 0x00000000eab00000)
  object space 389120K, 89% used [0x00000000c0000000,0x00000000d52caec0,0x00000000d7c00000)
 Metaspace       used 67257K, committed 68288K, reserved 1114112K
  class space    used 6973K, committed 7488K, reserved 1048576K
}
Event: 4084.121 GC heap before
{Heap before GC invocations=249 (full 13):
 PSYoungGen      total 46592K, used 46378K [0x00000000eab00000, 0x00000000ef880000, 0x0000000100000000)
  eden space 24064K, 100% used [0x00000000eab00000,0x00000000ec280000,0x00000000ec280000)
  from space 22528K, 99% used [0x00000000ee280000,0x00000000ef84abb8,0x00000000ef880000)
  to   space 26112K, 0% used [0x00000000ec580000,0x00000000ec580000,0x00000000edf00000)
 ParOldGen       total 389120K, used 346923K [0x00000000c0000000, 0x00000000d7c00000, 0x00000000eab00000)
  object space 389120K, 89% used [0x00000000c0000000,0x00000000d52caec0,0x00000000d7c00000)
 Metaspace       used 67473K, committed 68544K, reserved 1114112K
  class space    used 6978K, committed 7488K, reserved 1048576K
}
Event: 4084.135 GC heap after
{Heap after GC invocations=249 (full 13):
 PSYoungGen      total 42496K, used 16748K [0x00000000eab00000, 0x00000000eea00000, 0x0000000100000000)
  eden space 25600K, 0% used [0x00000000eab00000,0x00000000eab00000,0x00000000ec400000)
  from space 16896K, 99% used [0x00000000ec580000,0x00000000ed5db3d8,0x00000000ed600000)
  to   space 19456K, 0% used [0x00000000ed700000,0x00000000ed700000,0x00000000eea00000)
 ParOldGen       total 389120K, used 346931K [0x00000000c0000000, 0x00000000d7c00000, 0x00000000eab00000)
  object space 389120K, 89% used [0x00000000c0000000,0x00000000d52ccec0,0x00000000d7c00000)
 Metaspace       used 67473K, committed 68544K, reserved 1114112K
  class space    used 6978K, committed 7488K, reserved 1048576K
}
Event: 4085.490 GC heap before
{Heap before GC invocations=250 (full 13):
 PSYoungGen      total 42496K, used 42345K [0x00000000eab00000, 0x00000000eea00000, 0x0000000100000000)
  eden space 25600K, 99% used [0x00000000eab00000,0x00000000ec3ff1c0,0x00000000ec400000)
  from space 16896K, 99% used [0x00000000ec580000,0x00000000ed5db3d8,0x00000000ed600000)
  to   space 19456K, 0% used [0x00000000ed700000,0x00000000ed700000,0x00000000eea00000)
 ParOldGen       total 389120K, used 346931K [0x00000000c0000000, 0x00000000d7c00000, 0x00000000eab00000)
  object space 389120K, 89% used [0x00000000c0000000,0x00000000d52ccec0,0x00000000d7c00000)
 Metaspace       used 67986K, committed 68992K, reserved 1114112K
  class space    used 7019K, committed 7488K, reserved 1048576K
}
Event: 4085.507 GC heap after
{Heap after GC invocations=250 (full 13):
 PSYoungGen      total 44032K, used 16716K [0x00000000eab00000, 0x00000000ee780000, 0x0000000100000000)
  eden space 27136K, 0% used [0x00000000eab00000,0x00000000eab00000,0x00000000ec580000)
  from space 16896K, 98% used [0x00000000ed700000,0x00000000ee7533d8,0x00000000ee780000)
  to   space 17408K, 0% used [0x00000000ec580000,0x00000000ec580000,0x00000000ed680000)
 ParOldGen       total 389120K, used 346939K [0x00000000c0000000, 0x00000000d7c00000, 0x00000000eab00000)
  object space 389120K, 89% used [0x00000000c0000000,0x00000000d52ceec0,0x00000000d7c00000)
 Metaspace       used 67986K, committed 68992K, reserved 1114112K
  class space    used 7019K, committed 7488K, reserved 1048576K
}
Event: 4086.902 GC heap before
{Heap before GC invocations=251 (full 13):
 PSYoungGen      total 44032K, used 43852K [0x00000000eab00000, 0x00000000ee780000, 0x0000000100000000)
  eden space 27136K, 100% used [0x00000000eab00000,0x00000000ec580000,0x00000000ec580000)
  from space 16896K, 98% used [0x00000000ed700000,0x00000000ee7533d8,0x00000000ee780000)
  to   space 17408K, 0% used [0x00000000ec580000,0x00000000ec580000,0x00000000ed680000)
 ParOldGen       total 389120K, used 346939K [0x00000000c0000000, 0x00000000d7c00000, 0x00000000eab00000)
  object space 389120K, 89% used [0x00000000c0000000,0x00000000d52ceec0,0x00000000d7c00000)
 Metaspace       used 68631K, committed 69568K, reserved 1114112K
  class space    used 7077K, committed 7488K, reserved 1048576K
}
Event: 4086.914 GC heap after
{Heap after GC invocations=251 (full 13):
 PSYoungGen      total 44544K, used 16985K [0x00000000eab00000, 0x00000000ee900000, 0x0000000100000000)
  eden space 27136K, 0% used [0x00000000eab00000,0x00000000eab00000,0x00000000ec580000)
  from space 17408K, 97% used [0x00000000ec580000,0x00000000ed616408,0x00000000ed680000)
  to   space 17408K, 0% used [0x00000000ed800000,0x00000000ed800000,0x00000000ee900000)
 ParOldGen       total 389120K, used 346947K [0x00000000c0000000, 0x00000000d7c00000, 0x00000000eab00000)
  object space 389120K, 89% used [0x00000000c0000000,0x00000000d52d0ec0,0x00000000d7c00000)
 Metaspace       used 68631K, committed 69568K, reserved 1114112K
  class space    used 7077K, committed 7488K, reserved 1048576K
}
Event: 4089.643 GC heap before
{Heap before GC invocations=252 (full 13):
 PSYoungGen      total 44544K, used 44121K [0x00000000eab00000, 0x00000000ee900000, 0x0000000100000000)
  eden space 27136K, 100% used [0x00000000eab00000,0x00000000ec580000,0x00000000ec580000)
  from space 17408K, 97% used [0x00000000ec580000,0x00000000ed616408,0x00000000ed680000)
  to   space 17408K, 0% used [0x00000000ed800000,0x00000000ed800000,0x00000000ee900000)
 ParOldGen       total 389120K, used 346947K [0x00000000c0000000, 0x00000000d7c00000, 0x00000000eab00000)
  object space 389120K, 89% used [0x00000000c0000000,0x00000000d52d0ec0,0x00000000d7c00000)
 Metaspace       used 68854K, committed 69760K, reserved 1114112K
  class space    used 7077K, committed 7488K, reserved 1048576K
}
Event: 4089.652 GC heap after
{Heap after GC invocations=252 (full 13):
 PSYoungGen      total 45056K, used 16661K [0x00000000eab00000, 0x00000000ee880000, 0x0000000100000000)
  eden space 28160K, 0% used [0x00000000eab00000,0x00000000eab00000,0x00000000ec680000)
  from space 16896K, 98% used [0x00000000ed800000,0x00000000ee845428,0x00000000ee880000)
  to   space 16896K, 0% used [0x00000000ec780000,0x00000000ec780000,0x00000000ed800000)
 ParOldGen       total 389120K, used 346955K [0x00000000c0000000, 0x00000000d7c00000, 0x00000000eab00000)
  object space 389120K, 89% used [0x00000000c0000000,0x00000000d52d2ec0,0x00000000d7c00000)
 Metaspace       used 68854K, committed 69760K, reserved 1114112K
  class space    used 7077K, committed 7488K, reserved 1048576K
}
Event: 4091.674 GC heap before
{Heap before GC invocations=253 (full 13):
 PSYoungGen      total 45056K, used 44821K [0x00000000eab00000, 0x00000000ee880000, 0x0000000100000000)
  eden space 28160K, 100% used [0x00000000eab00000,0x00000000ec680000,0x00000000ec680000)
  from space 16896K, 98% used [0x00000000ed800000,0x00000000ee845428,0x00000000ee880000)
  to   space 16896K, 0% used [0x00000000ec780000,0x00000000ec780000,0x00000000ed800000)
 ParOldGen       total 389120K, used 346955K [0x00000000c0000000, 0x00000000d7c00000, 0x00000000eab00000)
  object space 389120K, 89% used [0x00000000c0000000,0x00000000d52d2ec0,0x00000000d7c00000)
 Metaspace       used 69089K, committed 70016K, reserved 1114112K
  class space    used 7080K, committed 7552K, reserved 1048576K
}
Event: 4091.684 GC heap after
{Heap after GC invocations=253 (full 13):
 PSYoungGen      total 46080K, used 16877K [0x00000000eab00000, 0x00000000eeb80000, 0x0000000100000000)
  eden space 29184K, 0% used [0x00000000eab00000,0x00000000eab00000,0x00000000ec780000)
  from space 16896K, 99% used [0x00000000ec780000,0x00000000ed7fb4a8,0x00000000ed800000)
  to   space 18432K, 0% used [0x00000000ed980000,0x00000000ed980000,0x00000000eeb80000)
 ParOldGen       total 389120K, used 347899K [0x00000000c0000000, 0x00000000d7c00000, 0x00000000eab00000)
  object space 389120K, 89% used [0x00000000c0000000,0x00000000d53beec0,0x00000000d7c00000)
 Metaspace       used 69089K, committed 70016K, reserved 1114112K
  class space    used 7080K, committed 7552K, reserved 1048576K
}
Event: 4095.056 GC heap before
{Heap before GC invocations=254 (full 13):
 PSYoungGen      total 46080K, used 45859K [0x00000000eab00000, 0x00000000eeb80000, 0x0000000100000000)
  eden space 29184K, 99% used [0x00000000eab00000,0x00000000ec74d8e0,0x00000000ec780000)
  from space 16896K, 99% used [0x00000000ec780000,0x00000000ed7fb4a8,0x00000000ed800000)
  to   space 18432K, 0% used [0x00000000ed980000,0x00000000ed980000,0x00000000eeb80000)
 ParOldGen       total 389120K, used 347899K [0x00000000c0000000, 0x00000000d7c00000, 0x00000000eab00000)
  object space 389120K, 89% used [0x00000000c0000000,0x00000000d53beec0,0x00000000d7c00000)
 Metaspace       used 69282K, committed 70272K, reserved 1114112K
  class space    used 7090K, committed 7552K, reserved 1048576K
}
Event: 4095.066 GC heap after
{Heap after GC invocations=254 (full 13):
 PSYoungGen      total 31744K, used 2552K [0x00000000eab00000, 0x00000000edc00000, 0x0000000100000000)
  eden space 29184K, 0% used [0x00000000eab00000,0x00000000eab00000,0x00000000ec780000)
  from space 2560K, 99% used [0x00000000ed980000,0x00000000edbfe028,0x00000000edc00000)
  to   space 8192K, 0% used [0x00000000ecc00000,0x00000000ecc00000,0x00000000ed400000)
 ParOldGen       total 389120K, used 362157K [0x00000000c0000000, 0x00000000d7c00000, 0x00000000eab00000)
  object space 389120K, 93% used [0x00000000c0000000,0x00000000d61ab568,0x00000000d7c00000)
 Metaspace       used 69282K, committed 70272K, reserved 1114112K
  class space    used 7090K, committed 7552K, reserved 1048576K
}
Event: 4096.387 GC heap before
{Heap before GC invocations=255 (full 13):
 PSYoungGen      total 31744K, used 31736K [0x00000000eab00000, 0x00000000edc00000, 0x0000000100000000)
  eden space 29184K, 99% used [0x00000000eab00000,0x00000000ec77ffe8,0x00000000ec780000)
  from space 2560K, 99% used [0x00000000ed980000,0x00000000edbfe028,0x00000000edc00000)
  to   space 8192K, 0% used [0x00000000ecc00000,0x00000000ecc00000,0x00000000ed400000)
 ParOldGen       total 389120K, used 362157K [0x00000000c0000000, 0x00000000d7c00000, 0x00000000eab00000)
  object space 389120K, 93% used [0x00000000c0000000,0x00000000d61ab568,0x00000000d7c00000)
 Metaspace       used 69369K, committed 70272K, reserved 1114112K
  class space    used 7093K, committed 7552K, reserved 1048576K
}
Event: 4096.391 GC heap after
{Heap after GC invocations=255 (full 13):
 PSYoungGen      total 37376K, used 1944K [0x00000000eab00000, 0x00000000eda00000, 0x0000000100000000)
  eden space 29184K, 0% used [0x00000000eab00000,0x00000000eab00000,0x00000000ec780000)
  from space 8192K, 23% used [0x00000000ecc00000,0x00000000ecde6028,0x00000000ed400000)
  to   space 3584K, 0% used [0x00000000ed680000,0x00000000ed680000,0x00000000eda00000)
 ParOldGen       total 389120K, used 362165K [0x00000000c0000000, 0x00000000d7c00000, 0x00000000eab00000)
  object space 389120K, 93% used [0x00000000c0000000,0x00000000d61ad568,0x00000000d7c00000)
 Metaspace       used 69369K, committed 70272K, reserved 1114112K
  class space    used 7093K, committed 7552K, reserved 1048576K
}
Event: 4099.017 GC heap before
{Heap before GC invocations=256 (full 13):
 PSYoungGen      total 37376K, used 31128K [0x00000000eab00000, 0x00000000eda00000, 0x0000000100000000)
  eden space 29184K, 99% used [0x00000000eab00000,0x00000000ec77ffe8,0x00000000ec780000)
  from space 8192K, 23% used [0x00000000ecc00000,0x00000000ecde6028,0x00000000ed400000)
  to   space 3584K, 0% used [0x00000000ed680000,0x00000000ed680000,0x00000000eda00000)
 ParOldGen       total 389120K, used 362165K [0x00000000c0000000, 0x00000000d7c00000, 0x00000000eab00000)
  object space 389120K, 93% used [0x00000000c0000000,0x00000000d61ad568,0x00000000d7c00000)
 Metaspace       used 69713K, committed 70656K, reserved 1114112K
  class space    used 7132K, committed 7552K, reserved 1048576K
}
Event: 4099.020 GC heap after
{Heap after GC invocations=256 (full 13):
 PSYoungGen      total 31744K, used 2200K [0x00000000eab00000, 0x00000000ed900000, 0x0000000100000000)
  eden space 29184K, 0% used [0x00000000eab00000,0x00000000eab00000,0x00000000ec780000)
  from space 2560K, 85% used [0x00000000ed680000,0x00000000ed8a6028,0x00000000ed900000)
  to   space 2560K, 0% used [0x00000000ed400000,0x00000000ed400000,0x00000000ed680000)
 ParOldGen       total 389120K, used 362173K [0x00000000c0000000, 0x00000000d7c00000, 0x00000000eab00000)
  object space 389120K, 93% used [0x00000000c0000000,0x00000000d61af568,0x00000000d7c00000)
 Metaspace       used 69713K, committed 70656K, reserved 1114112K
  class space    used 7132K, committed 7552K, reserved 1048576K
}

Dll operation events (10 events):
Event: 0.007 Loaded shared library c:\Users\palaro11339\.vscode\extensions\redhat.java-1.16.0-win32-x64\jre\17.0.6-win32-x86_64\bin\java.dll
Event: 0.137 Loaded shared library c:\Users\palaro11339\.vscode\extensions\redhat.java-1.16.0-win32-x64\jre\17.0.6-win32-x86_64\bin\zip.dll
Event: 0.139 Loaded shared library C:\Users\palaro11339\.vscode\extensions\redhat.java-1.16.0-win32-x64\jre\17.0.6-win32-x86_64\bin\instrument.dll
Event: 0.149 Loaded shared library C:\Users\palaro11339\.vscode\extensions\redhat.java-1.16.0-win32-x64\jre\17.0.6-win32-x86_64\bin\net.dll
Event: 0.150 Loaded shared library C:\Users\palaro11339\.vscode\extensions\redhat.java-1.16.0-win32-x64\jre\17.0.6-win32-x86_64\bin\nio.dll
Event: 0.156 Loaded shared library C:\Users\palaro11339\.vscode\extensions\redhat.java-1.16.0-win32-x64\jre\17.0.6-win32-x86_64\bin\zip.dll
Event: 0.168 Loaded shared library C:\Users\palaro11339\.vscode\extensions\redhat.java-1.16.0-win32-x64\jre\17.0.6-win32-x86_64\bin\jimage.dll
Event: 0.210 Loaded shared library c:\Users\palaro11339\.vscode\extensions\redhat.java-1.16.0-win32-x64\jre\17.0.6-win32-x86_64\bin\verify.dll
Event: 1.163 Loaded shared library C:\Users\palaro11339\AppData\Roaming\Code\User\globalStorage\redhat.java\1.16.0\config_win\org.eclipse.equinox.launcher\org.eclipse.equinox.launcher.win32.win32.x86_64_1.2.700.v20221108-1024\eclipse_11801.dll
Event: 2.638 Loaded shared library C:\Users\palaro11339\AppData\Local\Temp\jna--338902602\jna3283856168806126225.dll

Deoptimization events (20 events):
Event: 4097.492 Thread 0x0000018dc34d93d0 DEOPT PACKING pc=0x0000018db71facbc sp=0x00000004e36fe830
Event: 4097.492 Thread 0x0000018dc34d93d0 DEOPT UNPACKING pc=0x0000018db67b66a3 sp=0x00000004e36fe7e8 mode 2
Event: 4097.497 Thread 0x0000018dc34d93d0 Uncommon trap: trap_request=0xffffffde fr.pc=0x0000018db71facbc relative=0x000000000000255c
Event: 4097.497 Thread 0x0000018dc34d93d0 Uncommon trap: reason=class_check action=maybe_recompile pc=0x0000018db71facbc method=org.eclipse.jdt.internal.compiler.parser.Parser.consumeToken(I)V @ 1308 c2
Event: 4097.497 Thread 0x0000018dc34d93d0 DEOPT PACKING pc=0x0000018db71facbc sp=0x00000004e36fe830
Event: 4097.497 Thread 0x0000018dc34d93d0 DEOPT UNPACKING pc=0x0000018db67b66a3 sp=0x00000004e36fe7e8 mode 2
Event: 4097.500 Thread 0x0000018dc34d93d0 DEOPT PACKING pc=0x0000018db0588de7 sp=0x00000004e36fe7d0
Event: 4097.500 Thread 0x0000018dc34d93d0 DEOPT UNPACKING pc=0x0000018db67b6e43 sp=0x00000004e36fdce0 mode 0
Event: 4098.581 Thread 0x0000018dc34d93d0 DEOPT PACKING pc=0x0000018db0588e46 sp=0x00000004e36fe800
Event: 4098.581 Thread 0x0000018dc34d93d0 DEOPT UNPACKING pc=0x0000018db67b6e43 sp=0x00000004e36fdd10 mode 0
Event: 4099.021 Thread 0x0000018dc34d98a0 DEOPT PACKING pc=0x0000018dafd1774e sp=0x00000004e35fe460
Event: 4099.021 Thread 0x0000018dc34d98a0 DEOPT UNPACKING pc=0x0000018db67b6e43 sp=0x00000004e35fd8f8 mode 0
Event: 4100.621 Thread 0x0000018dc34d93d0 Uncommon trap: trap_request=0xfffffff4 fr.pc=0x0000018db74d807c relative=0x000000000000159c
Event: 4100.621 Thread 0x0000018dc34d93d0 Uncommon trap: reason=null_check action=make_not_entrant pc=0x0000018db74d807c method=org.eclipse.jdt.internal.core.index.DiskIndex.mergeCategory([CLorg/eclipse/jdt/internal/core/index/DiskIndex;[ILjava/io/FileOutputStream;)V @ 8 c2
Event: 4100.621 Thread 0x0000018dc34d93d0 DEOPT PACKING pc=0x0000018db74d807c sp=0x00000004e36feda0
Event: 4100.621 Thread 0x0000018dc34d93d0 DEOPT UNPACKING pc=0x0000018db67b66a3 sp=0x00000004e36fed60 mode 2
Event: 4100.636 Thread 0x0000018dc34d93d0 DEOPT PACKING pc=0x0000018db059b86d sp=0x00000004e36fec60
Event: 4100.636 Thread 0x0000018dc34d93d0 DEOPT UNPACKING pc=0x0000018db67b6e43 sp=0x00000004e36fe1b8 mode 0
Event: 4100.668 Thread 0x0000018dc34d93d0 DEOPT PACKING pc=0x0000018db059b86d sp=0x00000004e36fec60
Event: 4100.668 Thread 0x0000018dc34d93d0 DEOPT UNPACKING pc=0x0000018db67b6e43 sp=0x00000004e36fe1b8 mode 0

Classes unloaded (20 events):
Event: 4076.716 Thread 0x0000018dc03a4c10 Unloading class 0x0000000100339800 'java/lang/invoke/LambdaForm$MH+0x0000000100339800'
Event: 4076.716 Thread 0x0000018dc03a4c10 Unloading class 0x0000000100339400 'java/lang/invoke/LambdaForm$MH+0x0000000100339400'
Event: 4076.716 Thread 0x0000018dc03a4c10 Unloading class 0x0000000100288c00 'jdk/internal/reflect/GeneratedSerializationConstructorAccessor3'
Event: 4076.716 Thread 0x0000018dc03a4c10 Unloading class 0x0000000100288800 'jdk/internal/reflect/GeneratedSerializationConstructorAccessor2'
Event: 4076.716 Thread 0x0000018dc03a4c10 Unloading class 0x0000000100288400 'jdk/internal/reflect/GeneratedSerializationConstructorAccessor1'
Event: 4076.716 Thread 0x0000018dc03a4c10 Unloading class 0x0000000100213800 'java/lang/invoke/LambdaForm$MH+0x0000000100213800'
Event: 4076.716 Thread 0x0000018dc03a4c10 Unloading class 0x00000001001d1000 'jdk/internal/reflect/GeneratedConstructorAccessor4'
Event: 4076.716 Thread 0x0000018dc03a4c10 Unloading class 0x00000001001a2800 'java/lang/invoke/LambdaForm$MH+0x00000001001a2800'
Event: 4076.716 Thread 0x0000018dc03a4c10 Unloading class 0x00000001001a2000 'java/lang/invoke/LambdaForm$MH+0x00000001001a2000'
Event: 4076.716 Thread 0x0000018dc03a4c10 Unloading class 0x00000001001a1c00 'java/lang/invoke/LambdaForm$MH+0x00000001001a1c00'
Event: 4076.716 Thread 0x0000018dc03a4c10 Unloading class 0x00000001001a1800 'java/lang/invoke/LambdaForm$MH+0x00000001001a1800'
Event: 4076.716 Thread 0x0000018dc03a4c10 Unloading class 0x00000001001a1000 'java/lang/invoke/LambdaForm$MH+0x00000001001a1000'
Event: 4076.716 Thread 0x0000018dc03a4c10 Unloading class 0x00000001001a0c00 'java/lang/invoke/LambdaForm$MH+0x00000001001a0c00'
Event: 4076.716 Thread 0x0000018dc03a4c10 Unloading class 0x00000001001a0800 'java/lang/invoke/LambdaForm$MH+0x00000001001a0800'
Event: 4076.716 Thread 0x0000018dc03a4c10 Unloading class 0x00000001001a0000 'java/lang/invoke/LambdaForm$MH+0x00000001001a0000'
Event: 4076.716 Thread 0x0000018dc03a4c10 Unloading class 0x0000000100129000 'jdk/internal/reflect/GeneratedMethodAccessor5'
Event: 4076.716 Thread 0x0000018dc03a4c10 Unloading class 0x0000000100128c00 'jdk/internal/reflect/GeneratedMethodAccessor4'
Event: 4076.716 Thread 0x0000018dc03a4c10 Unloading class 0x0000000100128800 'jdk/internal/reflect/GeneratedMethodAccessor3'
Event: 4076.716 Thread 0x0000018dc03a4c10 Unloading class 0x0000000100128400 'jdk/internal/reflect/GeneratedMethodAccessor2'
Event: 4076.716 Thread 0x0000018dc03a4c10 Unloading class 0x0000000100128000 'jdk/internal/reflect/GeneratedMethodAccessor1'

Classes redefined (0 events):
No events

Internal exceptions (20 events):
Event: 4091.406 Thread 0x0000018dc6235140 Exception <a 'java/lang/ArrayIndexOutOfBoundsException'{0x00000000ec06fd00}> (0x00000000ec06fd00) 
thrown [s\src\hotspot\share\runtime\sharedRuntime.cpp, line 628]
Event: 4091.950 Thread 0x0000018dc6234c70 Exception <a 'java/lang/ArrayIndexOutOfBoundsException'{0x00000000eacd8730}> (0x00000000eacd8730) 
thrown [s\src\hotspot\share\runtime\sharedRuntime.cpp, line 628]
Event: 4092.873 Thread 0x0000018dc6235140 Exception <a 'java/lang/ArrayIndexOutOfBoundsException'{0x00000000eb4c1e08}> (0x00000000eb4c1e08) 
thrown [s\src\hotspot\share\runtime\sharedRuntime.cpp, line 628]
Event: 4093.201 Thread 0x0000018dc6234c70 Exception <a 'java/lang/ArrayIndexOutOfBoundsException'{0x00000000eb89b128}> (0x00000000eb89b128) 
thrown [s\src\hotspot\share\runtime\sharedRuntime.cpp, line 628]
Event: 4095.019 Thread 0x0000018dc6234c70 Exception <a 'java/lang/ArrayIndexOutOfBoundsException'{0x00000000ebf56d80}: Index 84 out of bounds for length 84> (0x00000000ebf56d80) 
thrown [s\src\hotspot\share\interpreter\interpreterRuntime.cpp, line 428]
Event: 4095.022 Thread 0x0000018dc6234c70 Exception <a 'java/lang/ArrayIndexOutOfBoundsException'{0x00000000ebfbd448}: Index 84 out of bounds for length 84> (0x00000000ebfbd448) 
thrown [s\src\hotspot\share\interpreter\interpreterRuntime.cpp, line 428]
Event: 4095.022 Thread 0x0000018dc6234c70 Exception <a 'java/lang/ArrayIndexOutOfBoundsException'{0x00000000ebfc3e78}: Index 84 out of bounds for length 84> (0x00000000ebfc3e78) 
thrown [s\src\hotspot\share\interpreter\interpreterRuntime.cpp, line 428]
Event: 4095.022 Thread 0x0000018dc6234c70 Exception <a 'java/lang/ArrayIndexOutOfBoundsException'{0x00000000ebfc4258}: Index 85 out of bounds for length 84> (0x00000000ebfc4258) 
thrown [s\src\hotspot\share\interpreter\interpreterRuntime.cpp, line 428]
Event: 4095.089 Thread 0x0000018dc34d93d0 Exception <a 'sun/nio/fs/WindowsException'{0x00000000eacb5e28}> (0x00000000eacb5e28) 
thrown [s\src\hotspot\share\prims\jni.cpp, line 516]
Event: 4095.247 Thread 0x0000018dc34d93d0 Exception <a 'sun/nio/fs/WindowsException'{0x00000000eb9bb198}> (0x00000000eb9bb198) 
thrown [s\src\hotspot\share\prims\jni.cpp, line 516]
Event: 4095.367 Thread 0x0000018dc6234c70 Exception <a 'java/lang/ArrayIndexOutOfBoundsException'{0x00000000ebafb4a8}> (0x00000000ebafb4a8) 
thrown [s\src\hotspot\share\runtime\sharedRuntime.cpp, line 628]
Event: 4096.369 Thread 0x0000018dc6234c70 Exception <a 'java/lang/ArrayIndexOutOfBoundsException'{0x00000000ec26b2d0}: Index 88 out of bounds for length 88> (0x00000000ec26b2d0) 
thrown [s\src\hotspot\share\interpreter\interpreterRuntime.cpp, line 428]
Event: 4096.372 Thread 0x0000018dc6234c70 Exception <a 'java/lang/ArrayIndexOutOfBoundsException'{0x00000000ec2b9540}: Index 88 out of bounds for length 88> (0x00000000ec2b9540) 
thrown [s\src\hotspot\share\interpreter\interpreterRuntime.cpp, line 428]
Event: 4096.372 Thread 0x0000018dc6234c70 Exception <a 'java/lang/ArrayIndexOutOfBoundsException'{0x00000000ec2baa58}: Index 88 out of bounds for length 88> (0x00000000ec2baa58) 
thrown [s\src\hotspot\share\interpreter\interpreterRuntime.cpp, line 428]
Event: 4096.372 Thread 0x0000018dc6234c70 Exception <a 'java/lang/ArrayIndexOutOfBoundsException'{0x00000000ec2bae38}: Index 89 out of bounds for length 88> (0x00000000ec2bae38) 
thrown [s\src\hotspot\share\interpreter\interpreterRuntime.cpp, line 428]
Event: 4096.563 Thread 0x0000018dc6234c70 Exception <a 'java/lang/ArrayIndexOutOfBoundsException'{0x00000000eaeaae98}> (0x00000000eaeaae98) 
thrown [s\src\hotspot\share\runtime\sharedRuntime.cpp, line 628]
Event: 4097.445 Thread 0x0000018dc6235140 Exception <a 'java/lang/ArrayIndexOutOfBoundsException'{0x00000000eb690188}> (0x00000000eb690188) 
thrown [s\src\hotspot\share\runtime\sharedRuntime.cpp, line 628]
Event: 4100.621 Thread 0x0000018dc34d93d0 Implicit null exception at 0x0000018db74d6b40 to 0x0000018db74d804c
Event: 4100.623 Thread 0x0000018dc34d93d0 Exception <a 'sun/nio/fs/WindowsException'{0x00000000eae31a28}> (0x00000000eae31a28) 
thrown [s\src\hotspot\share\prims\jni.cpp, line 516]
Event: 4100.687 Thread 0x0000018dc34d93d0 Exception <a 'sun/nio/fs/WindowsException'{0x00000000eb924fa0}> (0x00000000eb924fa0) 
thrown [s\src\hotspot\share\prims\jni.cpp, line 516]

VM Operations (20 events):
Event: 4088.915 Executing VM operation: Cleanup
Event: 4088.915 Executing VM operation: Cleanup done
Event: 4089.643 Executing VM operation: ParallelGCFailedAllocation
Event: 4089.652 Executing VM operation: ParallelGCFailedAllocation done
Event: 4090.653 Executing VM operation: Cleanup
Event: 4090.653 Executing VM operation: Cleanup done
Event: 4091.674 Executing VM operation: ParallelGCFailedAllocation
Event: 4091.685 Executing VM operation: ParallelGCFailedAllocation done
Event: 4092.685 Executing VM operation: Cleanup
Event: 4092.685 Executing VM operation: Cleanup done
Event: 4093.686 Executing VM operation: Cleanup
Event: 4093.686 Executing VM operation: Cleanup done
Event: 4095.056 Executing VM operation: ParallelGCFailedAllocation
Event: 4095.066 Executing VM operation: ParallelGCFailedAllocation done
Event: 4096.387 Executing VM operation: ParallelGCFailedAllocation
Event: 4096.391 Executing VM operation: ParallelGCFailedAllocation done
Event: 4098.391 Executing VM operation: Cleanup
Event: 4098.391 Executing VM operation: Cleanup done
Event: 4099.017 Executing VM operation: ParallelGCFailedAllocation
Event: 4099.020 Executing VM operation: ParallelGCFailedAllocation done

Events (20 events):
Event: 4090.616 Thread 0x0000018dc63932b0 Thread exited: 0x0000018dc63932b0
Event: 4091.007 Thread 0x0000018dc6235fb0 Thread added: 0x0000018dc6235fb0
Event: 4091.009 Thread 0x0000018dc6235fb0 Thread exited: 0x0000018dc6235fb0
Event: 4092.021 Thread 0x0000018dc62342d0 Thread added: 0x0000018dc62342d0
Event: 4092.023 Thread 0x0000018dc62342d0 Thread exited: 0x0000018dc62342d0
Event: 4093.130 Thread 0x0000018dc6238630 Thread added: 0x0000018dc6238630
Event: 4093.133 Thread 0x0000018dc6238630 Thread exited: 0x0000018dc6238630
Event: 4095.036 Thread 0x0000018dc6392380 Thread added: 0x0000018dc6392380
Event: 4095.376 Thread 0x0000018dc6235fb0 Thread added: 0x0000018dc6235fb0
Event: 4095.383 Thread 0x0000018dc6235fb0 Thread exited: 0x0000018dc6235fb0
Event: 4095.689 Thread 0x0000018dc6392380 Thread exited: 0x0000018dc6392380
Event: 4096.519 Thread 0x0000018dc62342d0 Thread added: 0x0000018dc62342d0
Event: 4096.522 Thread 0x0000018dc62342d0 Thread exited: 0x0000018dc62342d0
Event: 4097.502 Thread 0x0000018dc6390520 Thread added: 0x0000018dc6390520
Event: 4097.529 Thread 0x0000018dc6237c90 Thread added: 0x0000018dc6237c90
Event: 4097.536 Thread 0x0000018dc6237c90 Thread exited: 0x0000018dc6237c90
Event: 4097.756 Thread 0x0000018dc6390520 Thread exited: 0x0000018dc6390520
Event: 4098.543 Thread 0x0000018dc6237c90 Thread added: 0x0000018dc6237c90
Event: 4098.550 Thread 0x0000018dc6237c90 Thread exited: 0x0000018dc6237c90
Event: 4100.780 Thread 0x0000018dc6237c90 Thread added: 0x0000018dc6237c90


Dynamic libraries:
0x00007ff60a9d0000 - 0x00007ff60a9de000 	c:\Users\palaro11339\.vscode\extensions\redhat.java-1.16.0-win32-x64\jre\17.0.6-win32-x86_64\bin\java.exe
0x00007ffbf8150000 - 0x00007ffbf8347000 	C:\Windows\SYSTEM32\ntdll.dll
0x00007ffbf7ee0000 - 0x00007ffbf7f9d000 	C:\Windows\System32\KERNEL32.DLL
0x00007ffbf59a0000 - 0x00007ffbf5c96000 	C:\Windows\System32\KERNELBASE.dll
0x00007ffbf60b0000 - 0x00007ffbf61b0000 	C:\Windows\System32\ucrtbase.dll
0x00007ffbe16d0000 - 0x00007ffbe16e7000 	c:\Users\palaro11339\.vscode\extensions\redhat.java-1.16.0-win32-x64\jre\17.0.6-win32-x86_64\bin\jli.dll
0x00007ffbf61c0000 - 0x00007ffbf635e000 	C:\Windows\System32\USER32.dll
0x00007ffbf5970000 - 0x00007ffbf5992000 	C:\Windows\System32\win32u.dll
0x00007ffbf69b0000 - 0x00007ffbf69dc000 	C:\Windows\System32\GDI32.dll
0x00007ffbf5da0000 - 0x00007ffbf5eba000 	C:\Windows\System32\gdi32full.dll
0x00007ffbf58d0000 - 0x00007ffbf596d000 	C:\Windows\System32\msvcp_win.dll
0x00007ffbe1710000 - 0x00007ffbe1729000 	c:\Users\palaro11339\.vscode\extensions\redhat.java-1.16.0-win32-x64\jre\17.0.6-win32-x86_64\bin\VCRUNTIME140.dll
0x00007ffbf4c10000 - 0x00007ffbf4eaa000 	C:\Windows\WinSxS\amd64_microsoft.windows.common-controls_6595b64144ccf1df_6.0.19041.3570_none_60bb2a3971f3e41a\COMCTL32.dll
0x00007ffbf75d0000 - 0x00007ffbf766e000 	C:\Windows\System32\msvcrt.dll
0x00007ffbf6510000 - 0x00007ffbf6540000 	C:\Windows\System32\IMM32.DLL
0x00007ffbe1a30000 - 0x00007ffbe1a3c000 	c:\Users\palaro11339\.vscode\extensions\redhat.java-1.16.0-win32-x64\jre\17.0.6-win32-x86_64\bin\vcruntime140_1.dll
0x00007ffbb85d0000 - 0x00007ffbb8661000 	c:\Users\palaro11339\.vscode\extensions\redhat.java-1.16.0-win32-x64\jre\17.0.6-win32-x86_64\bin\msvcp140.dll
0x00007ffbb7980000 - 0x00007ffbb85c7000 	c:\Users\palaro11339\.vscode\extensions\redhat.java-1.16.0-win32-x64\jre\17.0.6-win32-x86_64\bin\server\jvm.dll
0x00007ffbf6bd0000 - 0x00007ffbf6c7e000 	C:\Windows\System32\ADVAPI32.dll
0x00007ffbf71d0000 - 0x00007ffbf726c000 	C:\Windows\System32\sechost.dll
0x00007ffbf6db0000 - 0x00007ffbf6ed6000 	C:\Windows\System32\RPCRT4.dll
0x00007ffbe1920000 - 0x00007ffbe1929000 	C:\Windows\SYSTEM32\WSOCK32.dll
0x00007ffbf6b60000 - 0x00007ffbf6bcb000 	C:\Windows\System32\WS2_32.dll
0x00007ffbe7370000 - 0x00007ffbe7397000 	C:\Windows\SYSTEM32\WINMM.dll
0x00007ffbef370000 - 0x00007ffbef37a000 	C:\Windows\SYSTEM32\VERSION.dll
0x00007ffbf2810000 - 0x00007ffbf2822000 	C:\Windows\SYSTEM32\kernel.appcore.dll
0x00007ffbe1770000 - 0x00007ffbe177a000 	c:\Users\palaro11339\.vscode\extensions\redhat.java-1.16.0-win32-x64\jre\17.0.6-win32-x86_64\bin\jimage.dll
0x00007ffbf5290000 - 0x00007ffbf5474000 	C:\Windows\SYSTEM32\DBGHELP.DLL
0x00007ffbf4fe0000 - 0x00007ffbf5014000 	C:\Windows\SYSTEM32\dbgcore.DLL
0x00007ffbf5ec0000 - 0x00007ffbf5f42000 	C:\Windows\System32\bcryptPrimitives.dll
0x00007ffbe1760000 - 0x00007ffbe176e000 	c:\Users\palaro11339\.vscode\extensions\redhat.java-1.16.0-win32-x64\jre\17.0.6-win32-x86_64\bin\instrument.dll
0x00007ffbe1730000 - 0x00007ffbe1755000 	c:\Users\palaro11339\.vscode\extensions\redhat.java-1.16.0-win32-x64\jre\17.0.6-win32-x86_64\bin\java.dll
0x00007ffbbbc10000 - 0x00007ffbbbc28000 	c:\Users\palaro11339\.vscode\extensions\redhat.java-1.16.0-win32-x64\jre\17.0.6-win32-x86_64\bin\zip.dll
0x00007ffbf7790000 - 0x00007ffbf7ed4000 	C:\Windows\System32\SHELL32.dll
0x00007ffbf2a10000 - 0x00007ffbf31ab000 	C:\Windows\SYSTEM32\windows.storage.dll
0x00007ffbf7270000 - 0x00007ffbf75c4000 	C:\Windows\System32\combase.dll
0x00007ffbf4b70000 - 0x00007ffbf4b9d000 	C:\Windows\SYSTEM32\Wldp.dll
0x00007ffbf70a0000 - 0x00007ffbf714d000 	C:\Windows\System32\SHCORE.dll
0x00007ffbf6b00000 - 0x00007ffbf6b55000 	C:\Windows\System32\shlwapi.dll
0x00007ffbf5760000 - 0x00007ffbf5785000 	C:\Windows\SYSTEM32\profapi.dll
0x00007ffbbbbd0000 - 0x00007ffbbbbe9000 	C:\Users\palaro11339\.vscode\extensions\redhat.java-1.16.0-win32-x64\jre\17.0.6-win32-x86_64\bin\net.dll
0x00007ffbee1f0000 - 0x00007ffbee2fa000 	C:\Windows\SYSTEM32\WINHTTP.dll
0x00007ffbf4a40000 - 0x00007ffbf4aaa000 	C:\Windows\system32\mswsock.dll
0x00007ffbbb930000 - 0x00007ffbbb945000 	C:\Users\palaro11339\.vscode\extensions\redhat.java-1.16.0-win32-x64\jre\17.0.6-win32-x86_64\bin\nio.dll
0x00007ffbce170000 - 0x00007ffbce180000 	c:\Users\palaro11339\.vscode\extensions\redhat.java-1.16.0-win32-x64\jre\17.0.6-win32-x86_64\bin\verify.dll
0x00007ffbb8c80000 - 0x00007ffbb8cbe000 	C:\Users\palaro11339\AppData\Roaming\Code\User\globalStorage\redhat.java\1.16.0\config_win\org.eclipse.equinox.launcher\org.eclipse.equinox.launcher.win32.win32.x86_64_1.2.700.v20221108-1024\eclipse_11801.dll
0x00007ffbf6c80000 - 0x00007ffbf6dab000 	C:\Windows\System32\ole32.dll
0x00007ffbf55a0000 - 0x00007ffbf55b8000 	C:\Windows\SYSTEM32\CRYPTSP.dll
0x00007ffbf41e0000 - 0x00007ffbf4214000 	C:\Windows\system32\rsaenh.dll
0x00007ffbf5830000 - 0x00007ffbf5857000 	C:\Windows\System32\bcrypt.dll
0x00007ffbf56e0000 - 0x00007ffbf570e000 	C:\Windows\SYSTEM32\USERENV.dll
0x00007ffbf4b30000 - 0x00007ffbf4b3c000 	C:\Windows\SYSTEM32\CRYPTBASE.dll
0x00007ffbf45c0000 - 0x00007ffbf45fb000 	C:\Windows\SYSTEM32\IPHLPAPI.DLL
0x00007ffbf76d0000 - 0x00007ffbf76d8000 	C:\Windows\System32\NSI.dll
0x00007ffbef860000 - 0x00007ffbef877000 	C:\Windows\SYSTEM32\dhcpcsvc6.DLL
0x00007ffbef840000 - 0x00007ffbef85d000 	C:\Windows\SYSTEM32\dhcpcsvc.DLL
0x00007ffbf4600000 - 0x00007ffbf46ca000 	C:\Windows\SYSTEM32\DNSAPI.dll
0x00007ffbb7930000 - 0x00007ffbb7975000 	C:\Users\palaro11339\AppData\Local\Temp\jna--338902602\jna3283856168806126225.dll
0x00007ffbf61b0000 - 0x00007ffbf61b8000 	C:\Windows\System32\PSAPI.DLL
0x00007ffbf5480000 - 0x00007ffbf54b3000 	C:\Windows\SYSTEM32\ntmarta.dll

dbghelp: loaded successfully - version: 4.0.5 - missing functions: none
symbol engine: initialized successfully - sym options: 0x614 - pdb path: .;c:\Users\palaro11339\.vscode\extensions\redhat.java-1.16.0-win32-x64\jre\17.0.6-win32-x86_64\bin;C:\Windows\SYSTEM32;C:\Windows\WinSxS\amd64_microsoft.windows.common-controls_6595b64144ccf1df_6.0.19041.3570_none_60bb2a3971f3e41a;c:\Users\palaro11339\.vscode\extensions\redhat.java-1.16.0-win32-x64\jre\17.0.6-win32-x86_64\bin\server;C:\Users\palaro11339\AppData\Roaming\Code\User\globalStorage\redhat.java\1.16.0\config_win\org.eclipse.equinox.launcher\org.eclipse.equinox.launcher.win32.win32.x86_64_1.2.700.v20221108-1024;C:\Users\palaro11339\AppData\Local\Temp\jna--338902602

VM Arguments:
jvm_args: --add-modules=ALL-SYSTEM --add-opens=java.base/java.util=ALL-UNNAMED --add-opens=java.base/java.lang=ALL-UNNAMED --add-opens=java.base/sun.nio.fs=ALL-UNNAMED -Declipse.application=org.eclipse.jdt.ls.core.id1 -Dosgi.bundles.defaultStartLevel=4 -Declipse.product=org.eclipse.jdt.ls.core.product -Djava.import.generatesMetadataFilesAtProjectRoot=false -Dfile.encoding=utf8 -XX:+UseParallelGC -XX:GCTimeRatio=4 -XX:AdaptiveSizePolicyWeight=90 -Dsun.zip.disableMemoryMapping=true -Xmx1G -Xms100m -Xlog:disable -javaagent:c:\Users\palaro11339\.vscode\extensions\redhat.java-1.16.0-win32-x64\lombok\lombok-1.18.24.jar -XX:+HeapDumpOnOutOfMemoryError -XX:HeapDumpPath=c:\Users\palaro11339\AppData\Roaming\Code\User\workspaceStorage\6632fb5c7706a2ba695091abe810d2e2\redhat.java 
java_command: c:\Users\palaro11339\.vscode\extensions\redhat.java-1.16.0-win32-x64\server\plugins\org.eclipse.equinox.launcher_1.6.400.v20210924-0641.jar -configuration c:\Users\palaro11339\AppData\Roaming\Code\User\globalStorage\redhat.java\1.16.0\config_win -data c:\Users\palaro11339\AppData\Roaming\Code\User\workspaceStorage\6632fb5c7706a2ba695091abe810d2e2\redhat.java\jdt_ws
java_class_path (initial): c:\Users\palaro11339\.vscode\extensions\redhat.java-1.16.0-win32-x64\server\plugins\org.eclipse.equinox.launcher_1.6.400.v20210924-0641.jar
Launcher Type: SUN_STANDARD

[Global flags]
    uintx AdaptiveSizePolicyWeight                 = 90                                        {product} {command line}
     intx CICompilerCount                          = 3                                         {product} {ergonomic}
    uintx GCTimeRatio                              = 4                                         {product} {command line}
     bool HeapDumpOnOutOfMemoryError               = true                                   {manageable} {command line}
    ccstr HeapDumpPath                             = c:\Users\palaro11339\AppData\Roaming\Code\User\workspaceStorage\6632fb5c7706a2ba695091abe810d2e2\redhat.java         {manageable} {command line}
   size_t InitialHeapSize                          = 104857600                                 {product} {command line}
   size_t MaxHeapSize                              = 1073741824                                {product} {command line}
   size_t MaxNewSize                               = 357564416                                 {product} {ergonomic}
   size_t MinHeapDeltaBytes                        = 524288                                    {product} {ergonomic}
   size_t MinHeapSize                              = 104857600                                 {product} {command line}
   size_t NewSize                                  = 34603008                                  {product} {ergonomic}
    uintx NonNMethodCodeHeapSize                   = 5832780                                {pd product} {ergonomic}
    uintx NonProfiledCodeHeapSize                  = 122912730                              {pd product} {ergonomic}
   size_t OldSize                                  = 70254592                                  {product} {ergonomic}
    uintx ProfiledCodeHeapSize                     = 122912730                              {pd product} {ergonomic}
    uintx ReservedCodeCacheSize                    = 251658240                              {pd product} {ergonomic}
     bool SegmentedCodeCache                       = true                                      {product} {ergonomic}
   size_t SoftMaxHeapSize                          = 1073741824                             {manageable} {ergonomic}
     bool UseCompressedClassPointers               = true                           {product lp64_product} {ergonomic}
     bool UseCompressedOops                        = true                           {product lp64_product} {ergonomic}
     bool UseLargePagesIndividualAllocation        = false                                  {pd product} {ergonomic}
     bool UseParallelGC                            = true                                      {product} {command line}

Logging:
Log output configuration:
 #0: stdout all=off uptime,level,tags
 #1: stderr all=off uptime,level,tags

Environment Variables:
JAVA_HOME=C:\Program Files\Java\jdk-16.0.1
PATH=C:\legacy\Python311\Scripts\;C:\legacy\Python311\;C:\Program Files\Common Files\Oracle\Java\javapath;C:\Windows\system32;C:\Windows;C:\Windows\System32\Wbem;C:\Windows\System32\WindowsPowerShell\v1.0\;C:\Windows\System32\OpenSSH\;C:\Program Files (x86)\Intel\Intel(R) Management Engine Components\DAL;C:\Program Files\Intel\Intel(R) Management Engine Components\DAL;C:\Program Files\Java\jdk-16.0.1\bin;C:\legacy\MinGW\bin;C:\Program Files\Git\cmd;C:\Program Files\Microsoft VS Code\bin;C:\Users\palaro11339\AppData\Local\Microsoft\WindowsApps;
USERNAME=palaro11339
OS=Windows_NT
PROCESSOR_IDENTIFIER=Intel64 Family 6 Model 158 Stepping 9, GenuineIntel
TMP=C:\Users\PALARO~1\AppData\Local\Temp
TEMP=C:\Users\PALARO~1\AppData\Local\Temp



---------------  S Y S T E M  ---------------

OS:
 Windows 10 , 64 bit Build 19041 (10.0.19041.3570)
OS uptime: 0 days 1:09 hours

CPU: total 4 (initial active 4) (4 cores per cpu, 1 threads per core) family 6 model 158 stepping 9 microcode 0xb4, cx8, cmov, fxsr, mmx, 3dnowpref, sse, sse2, sse3, ssse3, sse4.1, sse4.2, popcnt, lzcnt, tsc, tscinvbit, avx, avx2, aes, erms, clmul, bmi1, bmi2, rtm, adx, fma, vzeroupper, clflush, clflushopt

Memory: 4k page, system-wide physical 16336M (12004M free)
TotalPageFile size 18768M (AvailPageFile size 13411M)
current process WorkingSet (physical memory assigned to process): 697M, peak: 745M
current process commit charge ("private bytes"): 629M, peak: 695M

vm_info: OpenJDK 64-Bit Server VM (17.0.6+10) for windows-amd64 JRE (17.0.6+10), built on Jan 18 2023 10:08:59 by "temurin" with MS VC++ 16.7 (VS2019)

END.
